11:25:29.052 [main                     ] DEBUG GameApplication      - Logger initialized
11:25:29.085 [main                     ] DEBUG GameApplication      - Logging settings
Title: BlinkFruity
Version: 0.1
Width: 1280
Height: 720
Fullscreen: true
Intro: false
Menus: false
Profiling: false
Single step:false
App Mode: DEVELOPER
Menu Key: ESCAPE
Stage Style: DECORATED
Scene Factory: class com.almasb.fxgl.app.scene.SceneFactory

11:25:29.574 [JavaFX Application Thread] DEBUG GameApplication      - Initializing FXGL
11:25:29.585 [JavaFX Application Thread] INFO  Engine               - FXGL-11.8 (08.03.2020 09.09) on MAC (J:11.0.2 FX:13.0.2)
11:25:29.586 [JavaFX Application Thread] INFO  Engine               - Source code and latest versions at: https://github.com/AlmasB/FXGL
11:25:29.586 [JavaFX Application Thread] INFO  Engine               -              Join the FXGL chat at: https://gitter.im/AlmasB/FXGL
11:25:29.722 [JavaFX Application Thread] DEBUG MainWindow           - Creating a JavaFX scene
11:25:29.892 [JavaFX Application Thread] DEBUG MainWindow           - Target settings size: 1280.0 x 720.0
11:25:29.892 [JavaFX Application Thread] DEBUG MainWindow           - Scaled scene size:    1280.0 x 720.0
11:25:29.892 [JavaFX Application Thread] DEBUG MainWindow           - Scaled ratio: (1.0, 1.0)
11:25:29.896 [JavaFX Application Thread] DEBUG MainWindow           - Set initial scene to FXGLStartupScene
11:25:29.908 [JavaFX Application Thread] DEBUG MainWindow           - Opening main window
11:25:30.041 [JavaFX Application Thread] DEBUG MainWindow           - Window border size: (0.0, 22.0)
11:25:30.041 [JavaFX Application Thread] DEBUG MainWindow           - Scaled size: 1280.0 x 720.0
11:25:30.041 [JavaFX Application Thread] DEBUG MainWindow           - Scaled ratio: (1.0, 1.0)
11:25:30.041 [JavaFX Application Thread] DEBUG MainWindow           - Scene size: 1280.0 x 720.0
11:25:30.041 [JavaFX Application Thread] DEBUG MainWindow           - Stage size: 1280.0 x 742.0
11:25:30.048 [FXGL Background Thread 1 ] DEBUG Engine               - Initializing environment variables
11:25:30.075 [FXGL Background Thread 1 ] DEBUG WindowService        - Applying CSS: fxgl_dark.css
11:25:30.075 [FXGL Background Thread 1 ] DEBUG AssetLoaderService   - Loading from file system: /assets/ui/css/fxgl_dark.css
11:25:30.131 [FXGL Background Thread 1 ] DEBUG WindowService        - Initializing application scenes
11:25:30.445 [FXGL Background Thread 1 ] DEBUG GameWorld            - Game world initialized
11:25:30.476 [FXGL Background Thread 1 ] DEBUG PhysicsWorld         - Physics world initialized: appHeight=720, physics.ppm=50.0
11:25:30.478 [FXGL Background Thread 1 ] DEBUG GameScene            - Game scene initialized: 1280x720
11:25:30.487 [FXGL Background Thread 1 ] DEBUG Input                - Registered new binding: Resume - Esc
11:25:30.491 [FXGL Background Thread 1 ] DEBUG AssetLoaderService   - Loading from file system: /assets/textures/pause_menu_bg.png
11:25:30.534 [FXGL Background Thread 1 ] DEBUG Input                - Registered new binding: Pause - Esc
11:25:30.534 [FXGL Background Thread 1 ] DEBUG WindowService        - Application scenes initialized
11:25:30.542 [FXGL Background Thread 1 ] DEBUG SystemBundleService  - Loading FXGL system data
11:25:30.545 [FXGL Background Thread 1 ] DEBUG FileSystemAccess     - Reading from: /Users/Shared/Google Drive/Macbook Pro/Document Files/Java/IntelliJ/BlinkFruity/system/fxgl.bundle
11:25:30.551 [FXGL Background Thread 1 ] DEBUG SystemBundleService  - Bundle FXGL: {}
11:25:30.552 [FXGL Background Thread 1 ] INFO  Engine               - FXGL initialization took: 0.502 sec
11:25:30.554 [FXGL Background Thread 1 ] DEBUG GameApplication      - Loading localizations
11:25:30.554 [FXGL Background Thread 1 ] DEBUG AssetLoaderService   - Loading from file system: /assets/properties/languages/english.properties
11:25:30.556 [FXGL Background Thread 1 ] DEBUG AssetLoaderService   - Loading from file system: /assets/properties/languages/french.properties
11:25:30.557 [FXGL Background Thread 1 ] DEBUG AssetLoaderService   - Loading from file system: /assets/properties/languages/german.properties
11:25:30.558 [FXGL Background Thread 1 ] DEBUG AssetLoaderService   - Loading from file system: /assets/properties/languages/hungarian.properties
11:25:30.560 [FXGL Background Thread 1 ] DEBUG AssetLoaderService   - Loading from file system: /assets/properties/languages/russian.properties
11:25:30.561 [FXGL Background Thread 1 ] DEBUG GameApplication      - Registering font factories with UI factory
11:25:30.562 [FXGL Background Thread 1 ] DEBUG AssetLoaderService   - Loading from file system: /assets/ui/fonts/VarelaRound-Regular.ttf
11:25:30.585 [FXGL Background Thread 1 ] DEBUG AssetLoaderService   - Loading from file system: /assets/ui/fonts/Abel-Regular.ttf
11:25:30.588 [FXGL Background Thread 1 ] DEBUG AssetLoaderService   - Loading from file system: /assets/ui/fonts/lucida_console.ttf
11:25:30.591 [FXGL Background Thread 1 ] DEBUG AssetLoaderService   - Loading from file system: /assets/ui/fonts/Courier-Prime.ttf
11:25:30.597 [JavaFX Application Thread] DEBUG Input                - Registered new binding: Move Up - Up
11:25:30.597 [JavaFX Application Thread] DEBUG Input                - Registered new binding: Move Down - Down
11:25:30.597 [JavaFX Application Thread] DEBUG Input                - Registered new binding: Move Left - Left
11:25:30.597 [JavaFX Application Thread] DEBUG Input                - Registered new binding: Move Right - Right
11:25:30.599 [JavaFX Application Thread] DEBUG AssetLoaderService   - Loading from file system: /assets/textures/fxgl_icon.png
11:25:30.625 [JavaFX Application Thread] DEBUG AssetLoaderService   - Loading from file system: /assets/ui/cursors/fxgl_default.png
11:25:30.628 [JavaFX Application Thread] DEBUG Input                - Registered new binding: Screenshot - P
11:25:30.628 [JavaFX Application Thread] DEBUG Input                - Registered new binding: System info dump - CTRL+9
11:25:30.629 [JavaFX Application Thread] DEBUG Input                - Registered new binding: Restart - CTRL+R
11:25:30.629 [JavaFX Application Thread] DEBUG LoopRunner           - Starting loop
11:25:30.646 [JavaFX Application Thread] DEBUG FXGLStartupScene     - STARTUP
11:25:30.646 [JavaFX Application Thread] DEBUG WindowService        - Starting new game
11:25:30.647 [JavaFX Application Thread] DEBUG Input                - Clearing active input actions
11:25:30.662 [JavaFX Application Thread] DEBUG WindowService        - Removing overlay from FXGLStartupScene and adding to FXGLLoadingScene
11:25:30.662 [JavaFX Application Thread] DEBUG MainWindow           - FXGLStartupScene -> FXGLLoadingScene
11:25:30.662 [JavaFX Application Thread] DEBUG WindowService        - Clearing previous game
11:25:30.662 [JavaFX Application Thread] DEBUG GameScene            - Clearing game scene
11:25:30.662 [JavaFX Application Thread] DEBUG GameWorld            - Clearing game world
11:25:30.662 [JavaFX Application Thread] DEBUG PhysicsWorld         - Clearing physics world
11:25:30.664 [FXGL Background Thread 1 ] DEBUG GameApplication      - Initializing game
11:25:30.678 [FXGL Background Thread 1 ] DEBUG AssetLoaderService   - Loading from file system: /assets/textures/background/bg_1.png
11:25:31.124 [FXGL Background Thread 1 ] DEBUG AssetLoaderService   - Loading from file system: /assets/textures/basket.png
11:25:31.243 [FXGL Background Thread 1 ] DEBUG AssetLoaderService   - Loading from file system: /assets/textures/fruits/Lemon2.png
11:25:31.288 [FXGL Background Thread 1 ] DEBUG AssetLoaderService   - Loading from file system: /assets/textures/topbar.png
11:25:31.315 [FXGL Background Thread 1 ] INFO  GameApplication      - Game initialization took: 0.652 sec
11:25:31.316 [JavaFX Application Thread] DEBUG Input                - Clearing active input actions
11:25:31.336 [JavaFX Application Thread] DEBUG WindowService        - Removing overlay from FXGLLoadingScene and adding to GameScene
11:25:31.336 [JavaFX Application Thread] DEBUG MainWindow           - FXGLLoadingScene -> GameScene
11:25:33.555 [FXGL Background Thread 2 ] DEBUG Engine               - Logging environment variables
11:25:33.555 [FXGL Background Thread 2 ] DEBUG Engine               - achievements: []
11:25:33.555 [FXGL Background Thread 2 ] DEBUG Engine               - isCloseConfirmation: true
11:25:33.555 [FXGL Background Thread 2 ] DEBUG Engine               - language: ObjectProperty [value: ENGLISH]
11:25:33.556 [FXGL Background Thread 2 ] DEBUG Engine               - isProfilingEnabled: false
11:25:33.556 [FXGL Background Thread 2 ] DEBUG Engine               - soundNotification: core/notification.wav
11:25:33.556 [FXGL Background Thread 2 ] DEBUG Engine               - devShowBBoxProperty: BooleanProperty [value: false]
11:25:33.556 [FXGL Background Thread 2 ] DEBUG Engine               - pixelsPerMeter: 50.0
11:25:33.556 [FXGL Background Thread 2 ] DEBUG Engine               - appIcon: fxgl_icon.png
11:25:33.556 [FXGL Background Thread 2 ] DEBUG Engine               - soundMenuBack: menu/back.wav
11:25:33.556 [FXGL Background Thread 2 ] DEBUG Engine               - isFullScreenAllowed: true
11:25:33.556 [FXGL Background Thread 2 ] DEBUG Engine               - isIntroEnabled: false
11:25:33.556 [FXGL Background Thread 2 ] DEBUG Engine               - fontMono: lucida_console.ttf
11:25:33.557 [FXGL Background Thread 2 ] DEBUG Engine               - soundMenuSelect: menu/select.wav
11:25:33.557 [FXGL Background Thread 2 ] DEBUG Engine               - isWindows: false
11:25:33.557 [FXGL Background Thread 2 ] DEBUG Engine               - isUserProfileEnabled: false
11:25:33.557 [FXGL Background Thread 2 ] DEBUG Engine               - isMobile: false
11:25:33.557 [FXGL Background Thread 2 ] DEBUG Engine               - height: 720
11:25:33.557 [FXGL Background Thread 2 ] DEBUG Engine               - isExperimentalNative: false
11:25:33.557 [FXGL Background Thread 2 ] DEBUG Engine               - settings: Title: BlinkFruity
Version: 0.1
Width: 1280
Height: 720
Fullscreen: true
Intro: false
Menus: false
Profiling: false
Single step:false
App Mode: DEVELOPER
Menu Key: ESCAPE
Stage Style: DECORATED
Scene Factory: class com.almasb.fxgl.app.scene.SceneFactory

11:25:33.557 [FXGL Background Thread 2 ] DEBUG Engine               - isSingleStep: false
11:25:33.557 [FXGL Background Thread 2 ] DEBUG Engine               - cSSList: [fxgl_dark.css]
11:25:33.557 [FXGL Background Thread 2 ] DEBUG Engine               - fontGame: Abel-Regular.ttf
11:25:33.557 [FXGL Background Thread 2 ] DEBUG Engine               - menuKey: ESCAPE
11:25:33.558 [FXGL Background Thread 2 ] DEBUG Engine               - devShowPositionProperty: BooleanProperty [value: false]
11:25:33.558 [FXGL Background Thread 2 ] DEBUG Engine               - versionCheckDays: 7
11:25:33.558 [FXGL Background Thread 2 ] DEBUG Engine               - configClass: Optional.empty
11:25:33.558 [FXGL Background Thread 2 ] DEBUG Engine               - isFullScreenFromStart: false
11:25:33.558 [FXGL Background Thread 2 ] DEBUG Engine               - version: 0.1
11:25:33.558 [FXGL Background Thread 2 ] DEBUG Engine               - fullScreen: BooleanProperty [value: false]
11:25:33.558 [FXGL Background Thread 2 ] DEBUG Engine               - randomSeed: -1
11:25:33.558 [FXGL Background Thread 2 ] DEBUG Engine               - gameDifficultyProperty: ObjectProperty [value: MEDIUM]
11:25:33.558 [FXGL Background Thread 2 ] DEBUG Engine               - applicationMode: DEVELOPER
11:25:33.559 [FXGL Background Thread 2 ] DEBUG Engine               - isMac: true
11:25:33.559 [FXGL Background Thread 2 ] DEBUG Engine               - isMenuEnabled: false
11:25:33.559 [FXGL Background Thread 2 ] DEBUG Engine               - urlPOM: https://raw.githubusercontent.com/AlmasB/FXGL/master/pom.xml
11:25:33.559 [FXGL Background Thread 2 ] DEBUG Engine               - profileName: StringProperty [value: DEFAULT]
11:25:33.559 [FXGL Background Thread 2 ] DEBUG Engine               - devSensorColorProperty: ObjectProperty [value: 0xffff00ff]
11:25:33.559 [FXGL Background Thread 2 ] DEBUG Engine               - notificationViewClass: class com.almasb.fxgl.notification.view.XboxNotificationView
11:25:33.559 [FXGL Background Thread 2 ] DEBUG Engine               - sceneFactory: com.almasb.fxgl.app.scene.SceneFactory@59f86d81
11:25:33.559 [FXGL Background Thread 2 ] DEBUG Engine               - stageStyle: DECORATED
11:25:33.559 [FXGL Background Thread 2 ] DEBUG Engine               - isManualResizeEnabled: false
11:25:33.559 [FXGL Background Thread 2 ] DEBUG Engine               - title: BlinkFruity
11:25:33.560 [FXGL Background Thread 2 ] DEBUG Engine               - platform: MAC
11:25:33.560 [FXGL Background Thread 2 ] DEBUG Engine               - devBBoxColorProperty: ObjectProperty [value: 0xff0000ff]
11:25:33.560 [FXGL Background Thread 2 ] DEBUG Engine               - gameDifficulty: MEDIUM
11:25:33.560 [FXGL Background Thread 2 ] DEBUG Engine               - isDesktop: true
11:25:33.560 [FXGL Background Thread 2 ] DEBUG Engine               - supportedLanguages: [ENGLISH, FRENCH, GERMAN, HUNGARIAN, RUSSIAN]
11:25:33.560 [FXGL Background Thread 2 ] DEBUG Engine               - globalMusicVolumeProperty: DoubleProperty [value: 0.1]
11:25:33.560 [FXGL Background Thread 2 ] DEBUG Engine               - credits: []
11:25:33.561 [FXGL Background Thread 2 ] DEBUG Engine               - isPreserveResizeRatio: true
11:25:33.561 [FXGL Background Thread 2 ] DEBUG Engine               - fontText: Courier-Prime.ttf
11:25:33.561 [FXGL Background Thread 2 ] DEBUG Engine               - isExperimentalTiledLargeMap: false
11:25:33.561 [FXGL Background Thread 2 ] DEBUG Engine               - secondsIn24h: 60
11:25:33.561 [FXGL Background Thread 2 ] DEBUG Engine               - runtimeInfo: RuntimeInfo(platform=MAC, version=11.8, build=08.03.2020 09.09)
11:25:33.561 [FXGL Background Thread 2 ] DEBUG Engine               - urlGithub: https://github.com/AlmasB/FXGL
11:25:33.561 [FXGL Background Thread 2 ] DEBUG Engine               - soundMenuPress: menu/press.wav
11:25:33.562 [FXGL Background Thread 2 ] DEBUG Engine               - isLinux: false
11:25:33.562 [FXGL Background Thread 2 ] DEBUG Engine               - profileDir: profiles/
11:25:33.562 [FXGL Background Thread 2 ] DEBUG Engine               - globalSoundVolumeProperty: DoubleProperty [value: 0.3]
11:25:33.562 [FXGL Background Thread 2 ] DEBUG Engine               - isDeveloperMenuEnabled: false
11:25:33.562 [FXGL Background Thread 2 ] DEBUG Engine               - mainWindow: com.almasb.fxgl.app.MainWindow@5dc7e266
11:25:33.562 [FXGL Background Thread 2 ] DEBUG Engine               - urlLeaderboard: http://fxgl-top.herokuapp.com/
11:25:33.563 [FXGL Background Thread 2 ] DEBUG Engine               - globalSoundVolume: 0.5
11:25:33.563 [FXGL Background Thread 2 ] DEBUG Engine               - isBrowser: false
11:25:33.563 [FXGL Background Thread 2 ] DEBUG Engine               - engineServices: [class com.almasb.fxgl.app.GameApplication$GameApplicationService, class com.almasb.fxgl.app.services.WindowService, class com.almasb.fxgl.app.services.FXGLDialogService, class com.almasb.fxgl.app.services.IOTaskExecutorService, class com.almasb.fxgl.event.EventBusService, class com.almasb.fxgl.io.FileSystemService, class com.almasb.fxgl.localization.LocalizationService, class com.almasb.fxgl.app.services.AssetLoaderService, class com.almasb.fxgl.app.services.SystemBundleService, class com.almasb.fxgl.profile.SaveLoadService, class com.almasb.fxgl.ui.FXGLUIFactoryServiceProvider, class com.almasb.fxgl.ui.FXGLDialogFactoryServiceProvider, class com.almasb.fxgl.audio.AudioPlayer, class com.almasb.fxgl.notification.impl.NotificationServiceProvider, class com.almasb.fxgl.achievement.AchievementService, class com.almasb.fxgl.cutscene.CutsceneService, class com.almasb.fxgl.minigames.MiniGameService, class com.almasb.fxgl.net.NetService, class com.almasb.fxgl.app.services.UpdaterService]
11:25:33.563 [FXGL Background Thread 2 ] DEBUG Engine               - globalMusicVolume: 0.5
11:25:33.563 [FXGL Background Thread 2 ] DEBUG Engine               - width: 1280
11:25:33.563 [FXGL Background Thread 2 ] DEBUG Engine               - saveFileExt: sav
11:25:33.563 [FXGL Background Thread 2 ] DEBUG Engine               - isAndroid: false
11:25:33.563 [FXGL Background Thread 2 ] DEBUG Engine               - fontUI: VarelaRound-Regular.ttf
11:25:33.564 [FXGL Background Thread 2 ] DEBUG Engine               - isIOS: false
11:25:33.564 [FXGL Background Thread 2 ] DEBUG Engine               - enabledMenuItems: []
11:25:33.564 [FXGL Background Thread 2 ] DEBUG Engine               - Logging services
11:25:33.564 [FXGL Background Thread 2 ] DEBUG Engine               - class com.almasb.fxgl.app.GameApplication$GameApplicationService
11:25:33.564 [FXGL Background Thread 2 ] DEBUG Engine               - class com.almasb.fxgl.app.services.WindowService
11:25:33.564 [FXGL Background Thread 2 ] DEBUG Engine               - class com.almasb.fxgl.app.services.FXGLDialogService
11:25:33.564 [FXGL Background Thread 2 ] DEBUG Engine               - class com.almasb.fxgl.app.services.IOTaskExecutorService
11:25:33.564 [FXGL Background Thread 2 ] DEBUG Engine               - class com.almasb.fxgl.event.EventBusService
11:25:33.564 [FXGL Background Thread 2 ] DEBUG Engine               - class com.almasb.fxgl.io.FileSystemService
11:25:33.565 [FXGL Background Thread 2 ] DEBUG Engine               - class com.almasb.fxgl.localization.LocalizationService
11:25:33.565 [FXGL Background Thread 2 ] DEBUG Engine               - class com.almasb.fxgl.app.services.AssetLoaderService
11:25:33.565 [FXGL Background Thread 2 ] DEBUG Engine               - class com.almasb.fxgl.app.services.SystemBundleService
11:25:33.565 [FXGL Background Thread 2 ] DEBUG Engine               - class com.almasb.fxgl.profile.SaveLoadService
11:25:33.565 [FXGL Background Thread 2 ] DEBUG Engine               - class com.almasb.fxgl.ui.FXGLUIFactoryServiceProvider
11:25:33.565 [FXGL Background Thread 2 ] DEBUG Engine               - class com.almasb.fxgl.ui.FXGLDialogFactoryServiceProvider
11:25:33.565 [FXGL Background Thread 2 ] DEBUG Engine               - class com.almasb.fxgl.audio.AudioPlayer
11:25:33.565 [FXGL Background Thread 2 ] DEBUG Engine               - class com.almasb.fxgl.notification.impl.NotificationServiceProvider
11:25:33.565 [FXGL Background Thread 2 ] DEBUG Engine               - class com.almasb.fxgl.achievement.AchievementService
11:25:33.565 [FXGL Background Thread 2 ] DEBUG Engine               - class com.almasb.fxgl.cutscene.CutsceneService
11:25:33.565 [FXGL Background Thread 2 ] DEBUG Engine               - class com.almasb.fxgl.minigames.MiniGameService
11:25:33.566 [FXGL Background Thread 2 ] DEBUG Engine               - class com.almasb.fxgl.net.NetService
11:25:33.566 [FXGL Background Thread 2 ] DEBUG Engine               - class com.almasb.fxgl.app.services.UpdaterService
11:25:38.364 [JavaFX Application Thread] DEBUG WindowService        - Starting new game
11:25:38.365 [JavaFX Application Thread] DEBUG Input                - Clearing active input actions
11:25:38.373 [JavaFX Application Thread] DEBUG WindowService        - Removing overlay from GameScene and adding to FXGLLoadingScene
11:25:38.373 [JavaFX Application Thread] DEBUG MainWindow           - GameScene -> FXGLLoadingScene
11:25:38.374 [JavaFX Application Thread] DEBUG WindowService        - Clearing previous game
11:25:38.374 [JavaFX Application Thread] DEBUG GameScene            - Clearing game scene
11:25:38.374 [JavaFX Application Thread] DEBUG GameWorld            - Clearing game world
11:25:38.376 [JavaFX Application Thread] DEBUG PhysicsWorld         - Clearing physics world
11:25:38.376 [FXGL Background Thread 1 ] DEBUG GameApplication      - Initializing game
11:25:38.377 [FXGL Background Thread 1 ] DEBUG AssetLoaderService   - Loading from cache: /assets/textures/background/bg_1.png@1280.0x720.0
11:25:38.508 [FXGL Background Thread 1 ] DEBUG AssetLoaderService   - Loading from cache: /assets/textures/basket.png@150.0x150.0
11:25:38.509 [FXGL Background Thread 1 ] DEBUG AssetLoaderService   - Loading from file system: /assets/textures/fruits/Red Grape.png
11:25:38.532 [FXGL Background Thread 1 ] DEBUG AssetLoaderService   - Loading from cache: /assets/textures/topbar.png
11:25:38.534 [FXGL Background Thread 1 ] INFO  GameApplication      - Game initialization took: 0.158 sec
11:25:38.534 [JavaFX Application Thread] DEBUG Input                - Clearing active input actions
11:25:38.542 [JavaFX Application Thread] DEBUG WindowService        - Removing overlay from FXGLLoadingScene and adding to GameScene
11:25:38.543 [JavaFX Application Thread] DEBUG MainWindow           - FXGLLoadingScene -> GameScene
11:26:14.624 [JavaFX Application Thread] DEBUG AssetLoaderService   - Loading from file system: /assets/textures/fruits/Watermelon.png
11:26:14.667 [JavaFX Application Thread] WARN  GameWorld            - Attempted to remove entity which is not active
11:26:15.173 [JavaFX Application Thread] DEBUG AssetLoaderService   - Loading from file system: /assets/sounds/jump.wav
11:26:49.774 [JavaFX Application Thread] DEBUG WindowService        - Starting new game
11:26:49.774 [JavaFX Application Thread] DEBUG Input                - Clearing active input actions
11:26:49.780 [JavaFX Application Thread] DEBUG WindowService        - Removing overlay from GameScene and adding to FXGLLoadingScene
11:26:49.781 [JavaFX Application Thread] DEBUG MainWindow           - GameScene -> FXGLLoadingScene
11:26:49.781 [JavaFX Application Thread] DEBUG WindowService        - Clearing previous game
11:26:49.781 [JavaFX Application Thread] DEBUG GameScene            - Clearing game scene
11:26:49.781 [JavaFX Application Thread] DEBUG GameWorld            - Clearing game world
11:26:49.782 [JavaFX Application Thread] DEBUG PhysicsWorld         - Clearing physics world
11:26:49.783 [FXGL Background Thread 3 ] DEBUG GameApplication      - Initializing game
11:26:49.784 [FXGL Background Thread 3 ] DEBUG AssetLoaderService   - Loading from cache: /assets/textures/background/bg_1.png@1280.0x720.0
11:26:49.885 [FXGL Background Thread 3 ] DEBUG AssetLoaderService   - Loading from cache: /assets/textures/basket.png@150.0x150.0
11:26:49.886 [FXGL Background Thread 3 ] DEBUG AssetLoaderService   - Loading from file system: /assets/textures/fruits/Lemon with Leaf.png
11:26:50.294 [FXGL Background Thread 3 ] DEBUG AssetLoaderService   - Loading from cache: /assets/textures/topbar.png
11:26:50.296 [FXGL Background Thread 3 ] INFO  GameApplication      - Game initialization took: 0.513 sec
11:26:50.296 [JavaFX Application Thread] DEBUG Input                - Clearing active input actions
11:26:50.301 [JavaFX Application Thread] DEBUG WindowService        - Removing overlay from FXGLLoadingScene and adding to GameScene
11:26:50.302 [JavaFX Application Thread] DEBUG MainWindow           - FXGLLoadingScene -> GameScene
11:27:35.057 [JavaFX Application Thread] DEBUG AssetLoaderService   - Loading from cache: /assets/textures/fruits/Lemon2.png@100.0x100.0
11:27:35.060 [JavaFX Application Thread] WARN  GameWorld            - Attempted to remove entity which is not active
11:27:35.571 [JavaFX Application Thread] DEBUG AssetLoaderService   - Loading from cache: /assets/sounds/jump.wav
11:27:42.004 [JavaFX Application Thread] DEBUG GameApplication      - Exiting FXGL
11:27:42.004 [JavaFX Application Thread] DEBUG LoopRunner           - Stopping loop
11:27:42.004 [JavaFX Application Thread] DEBUG SystemBundleService  - Saving FXGL system data
11:27:42.006 [JavaFX Application Thread] DEBUG FileSystemAccess     - Writing to: /Users/Shared/Google Drive/Macbook Pro/Document Files/Java/IntelliJ/BlinkFruity/system/fxgl.bundle
11:27:42.008 [JavaFX Application Thread] DEBUG GameApplication      - Shutting down background threads
11:27:42.008 [JavaFX Application Thread] DEBUG GameApplication      - Closing logger and exiting JavaFX
