11:04:09.845 [main                     ] DEBUG GameApplication      - Logger initialized
11:04:09.876 [main                     ] DEBUG GameApplication      - Logging settings
Title: BlinkFruity
Version: 0.1
Width: 1280
Height: 720
Fullscreen: true
Intro: false
Menus: false
Profiling: false
Single step:false
App Mode: DEVELOPER
Menu Key: ESCAPE
Stage Style: DECORATED
Scene Factory: class com.almasb.fxgl.app.scene.SceneFactory

11:04:11.679 [JavaFX Application Thread] DEBUG GameApplication      - Initializing FXGL
11:04:11.687 [JavaFX Application Thread] INFO  Engine               - FXGL-11.8 (08.03.2020 09.09) on MAC (J:11.0.2 FX:13.0.2)
11:04:11.687 [JavaFX Application Thread] INFO  Engine               - Source code and latest versions at: https://github.com/AlmasB/FXGL
11:04:11.687 [JavaFX Application Thread] INFO  Engine               -              Join the FXGL chat at: https://gitter.im/AlmasB/FXGL
11:04:11.786 [JavaFX Application Thread] DEBUG MainWindow           - Creating a JavaFX scene
11:04:11.856 [JavaFX Application Thread] DEBUG MainWindow           - Target settings size: 1280.0 x 720.0
11:04:11.856 [JavaFX Application Thread] DEBUG MainWindow           - Scaled scene size:    1280.0 x 720.0
11:04:11.856 [JavaFX Application Thread] DEBUG MainWindow           - Scaled ratio: (1.0, 1.0)
11:04:11.858 [JavaFX Application Thread] DEBUG MainWindow           - Set initial scene to FXGLStartupScene
11:04:11.867 [JavaFX Application Thread] DEBUG MainWindow           - Opening main window
11:04:11.982 [JavaFX Application Thread] DEBUG MainWindow           - Window border size: (0.0, 22.0)
11:04:11.982 [JavaFX Application Thread] DEBUG MainWindow           - Scaled size: 1280.0 x 720.0
11:04:11.982 [JavaFX Application Thread] DEBUG MainWindow           - Scaled ratio: (1.0, 1.0)
11:04:11.982 [JavaFX Application Thread] DEBUG MainWindow           - Scene size: 1280.0 x 720.0
11:04:11.982 [JavaFX Application Thread] DEBUG MainWindow           - Stage size: 1280.0 x 742.0
11:04:11.988 [FXGL Background Thread 1 ] DEBUG Engine               - Initializing environment variables
11:04:12.012 [FXGL Background Thread 1 ] DEBUG WindowService        - Applying CSS: fxgl_dark.css
11:04:12.012 [FXGL Background Thread 1 ] DEBUG AssetLoaderService   - Loading from file system: /assets/ui/css/fxgl_dark.css
11:04:12.059 [FXGL Background Thread 1 ] DEBUG WindowService        - Initializing application scenes
11:04:12.322 [FXGL Background Thread 1 ] DEBUG GameWorld            - Game world initialized
11:04:12.352 [FXGL Background Thread 1 ] DEBUG PhysicsWorld         - Physics world initialized: appHeight=720, physics.ppm=50.0
11:04:12.354 [FXGL Background Thread 1 ] DEBUG GameScene            - Game scene initialized: 1280x720
11:04:12.363 [FXGL Background Thread 1 ] DEBUG Input                - Registered new binding: Resume - Esc
11:04:12.368 [FXGL Background Thread 1 ] DEBUG AssetLoaderService   - Loading from file system: /assets/textures/pause_menu_bg.png
11:04:12.405 [FXGL Background Thread 1 ] DEBUG Input                - Registered new binding: Pause - Esc
11:04:12.405 [FXGL Background Thread 1 ] DEBUG WindowService        - Application scenes initialized
11:04:12.413 [FXGL Background Thread 1 ] DEBUG SystemBundleService  - Loading FXGL system data
11:04:12.416 [FXGL Background Thread 1 ] DEBUG FileSystemAccess     - Reading from: /Users/Shared/Google Drive/Macbook Pro/Document Files/Java/IntelliJ/BlinkFruity/system/fxgl.bundle
11:04:12.422 [FXGL Background Thread 1 ] DEBUG SystemBundleService  - Bundle FXGL: {}
11:04:12.422 [FXGL Background Thread 1 ] INFO  Engine               - FXGL initialization took: 0.432 sec
11:04:12.423 [FXGL Background Thread 1 ] DEBUG GameApplication      - Loading localizations
11:04:12.424 [FXGL Background Thread 1 ] DEBUG AssetLoaderService   - Loading from file system: /assets/properties/languages/english.properties
11:04:12.425 [FXGL Background Thread 1 ] DEBUG AssetLoaderService   - Loading from file system: /assets/properties/languages/french.properties
11:04:12.426 [FXGL Background Thread 1 ] DEBUG AssetLoaderService   - Loading from file system: /assets/properties/languages/german.properties
11:04:12.427 [FXGL Background Thread 1 ] DEBUG AssetLoaderService   - Loading from file system: /assets/properties/languages/hungarian.properties
11:04:12.428 [FXGL Background Thread 1 ] DEBUG AssetLoaderService   - Loading from file system: /assets/properties/languages/russian.properties
11:04:12.428 [FXGL Background Thread 1 ] DEBUG GameApplication      - Registering font factories with UI factory
11:04:12.429 [FXGL Background Thread 1 ] DEBUG AssetLoaderService   - Loading from file system: /assets/ui/fonts/VarelaRound-Regular.ttf
11:04:12.452 [FXGL Background Thread 1 ] DEBUG AssetLoaderService   - Loading from file system: /assets/ui/fonts/Abel-Regular.ttf
11:04:12.454 [FXGL Background Thread 1 ] DEBUG AssetLoaderService   - Loading from file system: /assets/ui/fonts/lucida_console.ttf
11:04:12.457 [FXGL Background Thread 1 ] DEBUG AssetLoaderService   - Loading from file system: /assets/ui/fonts/Courier-Prime.ttf
11:04:12.461 [JavaFX Application Thread] DEBUG Input                - Registered new binding: Move Up - Up
11:04:12.461 [JavaFX Application Thread] DEBUG Input                - Registered new binding: Move Down - Down
11:04:12.461 [JavaFX Application Thread] DEBUG Input                - Registered new binding: Move Left - Left
11:04:12.461 [JavaFX Application Thread] DEBUG Input                - Registered new binding: Move Right - Right
11:04:12.463 [JavaFX Application Thread] DEBUG AssetLoaderService   - Loading from file system: /assets/textures/fxgl_icon.png
11:04:12.483 [JavaFX Application Thread] DEBUG AssetLoaderService   - Loading from file system: /assets/ui/cursors/fxgl_default.png
11:04:12.485 [JavaFX Application Thread] DEBUG Input                - Registered new binding: Screenshot - P
11:04:12.486 [JavaFX Application Thread] DEBUG Input                - Registered new binding: System info dump - CTRL+9
11:04:12.486 [JavaFX Application Thread] DEBUG Input                - Registered new binding: Restart - CTRL+R
11:04:12.487 [JavaFX Application Thread] DEBUG LoopRunner           - Starting loop
11:04:12.503 [JavaFX Application Thread] DEBUG FXGLStartupScene     - STARTUP
11:04:12.503 [JavaFX Application Thread] DEBUG WindowService        - Starting new game
11:04:12.503 [JavaFX Application Thread] DEBUG Input                - Clearing active input actions
11:04:12.516 [JavaFX Application Thread] DEBUG WindowService        - Removing overlay from FXGLStartupScene and adding to FXGLLoadingScene
11:04:12.516 [JavaFX Application Thread] DEBUG MainWindow           - FXGLStartupScene -> FXGLLoadingScene
11:04:12.516 [JavaFX Application Thread] DEBUG WindowService        - Clearing previous game
11:04:12.517 [JavaFX Application Thread] DEBUG GameScene            - Clearing game scene
11:04:12.517 [JavaFX Application Thread] DEBUG GameWorld            - Clearing game world
11:04:12.517 [JavaFX Application Thread] DEBUG PhysicsWorld         - Clearing physics world
11:04:12.518 [FXGL Background Thread 1 ] DEBUG GameApplication      - Initializing game
11:04:12.527 [FXGL Background Thread 1 ] DEBUG AssetLoaderService   - Loading from file system: /assets/textures/background/bg_1.png
11:04:12.920 [FXGL Background Thread 1 ] DEBUG AssetLoaderService   - Loading from file system: /assets/textures/basket.png
11:04:13.031 [FXGL Background Thread 1 ] DEBUG AssetLoaderService   - Loading from file system: /assets/textures/fruits/Red Apple.png
11:04:13.062 [FXGL Background Thread 1 ] DEBUG AssetLoaderService   - Loading from file system: /assets/textures/topbar.png
11:04:13.085 [FXGL Background Thread 1 ] INFO  GameApplication      - Game initialization took: 0.567 sec
11:04:13.086 [JavaFX Application Thread] DEBUG Input                - Clearing active input actions
11:04:13.102 [JavaFX Application Thread] DEBUG WindowService        - Removing overlay from FXGLLoadingScene and adding to GameScene
11:04:13.102 [JavaFX Application Thread] DEBUG MainWindow           - FXGLLoadingScene -> GameScene
11:04:15.423 [FXGL Background Thread 2 ] DEBUG Engine               - Logging environment variables
11:04:15.423 [FXGL Background Thread 2 ] DEBUG Engine               - achievements: []
11:04:15.423 [FXGL Background Thread 2 ] DEBUG Engine               - isCloseConfirmation: true
11:04:15.424 [FXGL Background Thread 2 ] DEBUG Engine               - language: ObjectProperty [value: ENGLISH]
11:04:15.424 [FXGL Background Thread 2 ] DEBUG Engine               - isProfilingEnabled: false
11:04:15.424 [FXGL Background Thread 2 ] DEBUG Engine               - soundNotification: core/notification.wav
11:04:15.424 [FXGL Background Thread 2 ] DEBUG Engine               - devShowBBoxProperty: BooleanProperty [value: false]
11:04:15.424 [FXGL Background Thread 2 ] DEBUG Engine               - pixelsPerMeter: 50.0
11:04:15.425 [FXGL Background Thread 2 ] DEBUG Engine               - appIcon: fxgl_icon.png
11:04:15.425 [FXGL Background Thread 2 ] DEBUG Engine               - soundMenuBack: menu/back.wav
11:04:15.425 [FXGL Background Thread 2 ] DEBUG Engine               - isFullScreenAllowed: true
11:04:15.425 [FXGL Background Thread 2 ] DEBUG Engine               - isIntroEnabled: false
11:04:15.425 [FXGL Background Thread 2 ] DEBUG Engine               - fontMono: lucida_console.ttf
11:04:15.425 [FXGL Background Thread 2 ] DEBUG Engine               - soundMenuSelect: menu/select.wav
11:04:15.425 [FXGL Background Thread 2 ] DEBUG Engine               - isWindows: false
11:04:15.426 [FXGL Background Thread 2 ] DEBUG Engine               - isMobile: false
11:04:15.426 [FXGL Background Thread 2 ] DEBUG Engine               - isUserProfileEnabled: false
11:04:15.426 [FXGL Background Thread 2 ] DEBUG Engine               - height: 720
11:04:15.426 [FXGL Background Thread 2 ] DEBUG Engine               - isExperimentalNative: false
11:04:15.426 [FXGL Background Thread 2 ] DEBUG Engine               - settings: Title: BlinkFruity
Version: 0.1
Width: 1280
Height: 720
Fullscreen: true
Intro: false
Menus: false
Profiling: false
Single step:false
App Mode: DEVELOPER
Menu Key: ESCAPE
Stage Style: DECORATED
Scene Factory: class com.almasb.fxgl.app.scene.SceneFactory

11:04:15.426 [FXGL Background Thread 2 ] DEBUG Engine               - isSingleStep: false
11:04:15.426 [FXGL Background Thread 2 ] DEBUG Engine               - cSSList: [fxgl_dark.css]
11:04:15.426 [FXGL Background Thread 2 ] DEBUG Engine               - fontGame: Abel-Regular.ttf
11:04:15.426 [FXGL Background Thread 2 ] DEBUG Engine               - menuKey: ESCAPE
11:04:15.427 [FXGL Background Thread 2 ] DEBUG Engine               - devShowPositionProperty: BooleanProperty [value: false]
11:04:15.427 [FXGL Background Thread 2 ] DEBUG Engine               - versionCheckDays: 7
11:04:15.427 [FXGL Background Thread 2 ] DEBUG Engine               - configClass: Optional.empty
11:04:15.427 [FXGL Background Thread 2 ] DEBUG Engine               - isFullScreenFromStart: false
11:04:15.427 [FXGL Background Thread 2 ] DEBUG Engine               - version: 0.1
11:04:15.427 [FXGL Background Thread 2 ] DEBUG Engine               - fullScreen: BooleanProperty [value: false]
11:04:15.427 [FXGL Background Thread 2 ] DEBUG Engine               - randomSeed: -1
11:04:15.427 [FXGL Background Thread 2 ] DEBUG Engine               - gameDifficultyProperty: ObjectProperty [value: MEDIUM]
11:04:15.427 [FXGL Background Thread 2 ] DEBUG Engine               - applicationMode: DEVELOPER
11:04:15.428 [FXGL Background Thread 2 ] DEBUG Engine               - isMac: true
11:04:15.428 [FXGL Background Thread 2 ] DEBUG Engine               - isMenuEnabled: false
11:04:15.428 [FXGL Background Thread 2 ] DEBUG Engine               - urlPOM: https://raw.githubusercontent.com/AlmasB/FXGL/master/pom.xml
11:04:15.428 [FXGL Background Thread 2 ] DEBUG Engine               - profileName: StringProperty [value: DEFAULT]
11:04:15.428 [FXGL Background Thread 2 ] DEBUG Engine               - devSensorColorProperty: ObjectProperty [value: 0xffff00ff]
11:04:15.428 [FXGL Background Thread 2 ] DEBUG Engine               - notificationViewClass: class com.almasb.fxgl.notification.view.XboxNotificationView
11:04:15.428 [FXGL Background Thread 2 ] DEBUG Engine               - sceneFactory: com.almasb.fxgl.app.scene.SceneFactory@3ccec6de
11:04:15.429 [FXGL Background Thread 2 ] DEBUG Engine               - stageStyle: DECORATED
11:04:15.429 [FXGL Background Thread 2 ] DEBUG Engine               - isManualResizeEnabled: false
11:04:15.429 [FXGL Background Thread 2 ] DEBUG Engine               - title: BlinkFruity
11:04:15.429 [FXGL Background Thread 2 ] DEBUG Engine               - platform: MAC
11:04:15.429 [FXGL Background Thread 2 ] DEBUG Engine               - devBBoxColorProperty: ObjectProperty [value: 0xff0000ff]
11:04:15.429 [FXGL Background Thread 2 ] DEBUG Engine               - gameDifficulty: MEDIUM
11:04:15.429 [FXGL Background Thread 2 ] DEBUG Engine               - isDesktop: true
11:04:15.429 [FXGL Background Thread 2 ] DEBUG Engine               - supportedLanguages: [ENGLISH, FRENCH, GERMAN, HUNGARIAN, RUSSIAN]
11:04:15.429 [FXGL Background Thread 2 ] DEBUG Engine               - credits: []
11:04:15.430 [FXGL Background Thread 2 ] DEBUG Engine               - globalMusicVolumeProperty: DoubleProperty [value: 0.1]
11:04:15.430 [FXGL Background Thread 2 ] DEBUG Engine               - isPreserveResizeRatio: true
11:04:15.430 [FXGL Background Thread 2 ] DEBUG Engine               - fontText: Courier-Prime.ttf
11:04:15.430 [FXGL Background Thread 2 ] DEBUG Engine               - isExperimentalTiledLargeMap: false
11:04:15.430 [FXGL Background Thread 2 ] DEBUG Engine               - secondsIn24h: 60
11:04:15.430 [FXGL Background Thread 2 ] DEBUG Engine               - runtimeInfo: RuntimeInfo(platform=MAC, version=11.8, build=08.03.2020 09.09)
11:04:15.430 [FXGL Background Thread 2 ] DEBUG Engine               - isLinux: false
11:04:15.430 [FXGL Background Thread 2 ] DEBUG Engine               - urlGithub: https://github.com/AlmasB/FXGL
11:04:15.430 [FXGL Background Thread 2 ] DEBUG Engine               - soundMenuPress: menu/press.wav
11:04:15.430 [FXGL Background Thread 2 ] DEBUG Engine               - profileDir: profiles/
11:04:15.431 [FXGL Background Thread 2 ] DEBUG Engine               - isDeveloperMenuEnabled: false
11:04:15.431 [FXGL Background Thread 2 ] DEBUG Engine               - globalSoundVolumeProperty: DoubleProperty [value: 0.3]
11:04:15.431 [FXGL Background Thread 2 ] DEBUG Engine               - mainWindow: com.almasb.fxgl.app.MainWindow@38f1559f
11:04:15.431 [FXGL Background Thread 2 ] DEBUG Engine               - isBrowser: false
11:04:15.431 [FXGL Background Thread 2 ] DEBUG Engine               - urlLeaderboard: http://fxgl-top.herokuapp.com/
11:04:15.431 [FXGL Background Thread 2 ] DEBUG Engine               - globalSoundVolume: 0.5
11:04:15.431 [FXGL Background Thread 2 ] DEBUG Engine               - engineServices: [class com.almasb.fxgl.app.GameApplication$GameApplicationService, class com.almasb.fxgl.app.services.WindowService, class com.almasb.fxgl.app.services.FXGLDialogService, class com.almasb.fxgl.app.services.IOTaskExecutorService, class com.almasb.fxgl.event.EventBusService, class com.almasb.fxgl.io.FileSystemService, class com.almasb.fxgl.localization.LocalizationService, class com.almasb.fxgl.app.services.AssetLoaderService, class com.almasb.fxgl.app.services.SystemBundleService, class com.almasb.fxgl.profile.SaveLoadService, class com.almasb.fxgl.ui.FXGLUIFactoryServiceProvider, class com.almasb.fxgl.ui.FXGLDialogFactoryServiceProvider, class com.almasb.fxgl.audio.AudioPlayer, class com.almasb.fxgl.notification.impl.NotificationServiceProvider, class com.almasb.fxgl.achievement.AchievementService, class com.almasb.fxgl.cutscene.CutsceneService, class com.almasb.fxgl.minigames.MiniGameService, class com.almasb.fxgl.net.NetService, class com.almasb.fxgl.app.services.UpdaterService]
11:04:15.431 [FXGL Background Thread 2 ] DEBUG Engine               - globalMusicVolume: 0.5
11:04:15.431 [FXGL Background Thread 2 ] DEBUG Engine               - width: 1280
11:04:15.431 [FXGL Background Thread 2 ] DEBUG Engine               - saveFileExt: sav
11:04:15.431 [FXGL Background Thread 2 ] DEBUG Engine               - isAndroid: false
11:04:15.432 [FXGL Background Thread 2 ] DEBUG Engine               - fontUI: VarelaRound-Regular.ttf
11:04:15.432 [FXGL Background Thread 2 ] DEBUG Engine               - isIOS: false
11:04:15.432 [FXGL Background Thread 2 ] DEBUG Engine               - enabledMenuItems: []
11:04:15.432 [FXGL Background Thread 2 ] DEBUG Engine               - Logging services
11:04:15.432 [FXGL Background Thread 2 ] DEBUG Engine               - class com.almasb.fxgl.app.GameApplication$GameApplicationService
11:04:15.432 [FXGL Background Thread 2 ] DEBUG Engine               - class com.almasb.fxgl.app.services.WindowService
11:04:15.432 [FXGL Background Thread 2 ] DEBUG Engine               - class com.almasb.fxgl.app.services.FXGLDialogService
11:04:15.432 [FXGL Background Thread 2 ] DEBUG Engine               - class com.almasb.fxgl.app.services.IOTaskExecutorService
11:04:15.432 [FXGL Background Thread 2 ] DEBUG Engine               - class com.almasb.fxgl.event.EventBusService
11:04:15.432 [FXGL Background Thread 2 ] DEBUG Engine               - class com.almasb.fxgl.io.FileSystemService
11:04:15.433 [FXGL Background Thread 2 ] DEBUG Engine               - class com.almasb.fxgl.localization.LocalizationService
11:04:15.433 [FXGL Background Thread 2 ] DEBUG Engine               - class com.almasb.fxgl.app.services.AssetLoaderService
11:04:15.433 [FXGL Background Thread 2 ] DEBUG Engine               - class com.almasb.fxgl.app.services.SystemBundleService
11:04:15.433 [FXGL Background Thread 2 ] DEBUG Engine               - class com.almasb.fxgl.profile.SaveLoadService
11:04:15.433 [FXGL Background Thread 2 ] DEBUG Engine               - class com.almasb.fxgl.ui.FXGLUIFactoryServiceProvider
11:04:15.433 [FXGL Background Thread 2 ] DEBUG Engine               - class com.almasb.fxgl.ui.FXGLDialogFactoryServiceProvider
11:04:15.433 [FXGL Background Thread 2 ] DEBUG Engine               - class com.almasb.fxgl.audio.AudioPlayer
11:04:15.433 [FXGL Background Thread 2 ] DEBUG Engine               - class com.almasb.fxgl.notification.impl.NotificationServiceProvider
11:04:15.433 [FXGL Background Thread 2 ] DEBUG Engine               - class com.almasb.fxgl.achievement.AchievementService
11:04:15.433 [FXGL Background Thread 2 ] DEBUG Engine               - class com.almasb.fxgl.cutscene.CutsceneService
11:04:15.433 [FXGL Background Thread 2 ] DEBUG Engine               - class com.almasb.fxgl.minigames.MiniGameService
11:04:15.434 [FXGL Background Thread 2 ] DEBUG Engine               - class com.almasb.fxgl.net.NetService
11:04:15.434 [FXGL Background Thread 2 ] DEBUG Engine               - class com.almasb.fxgl.app.services.UpdaterService
11:04:48.684 [JavaFX Application Thread] DEBUG AssetLoaderService   - Loading from file system: /assets/textures/fruits/Black Grape.png
11:04:48.713 [JavaFX Application Thread] WARN  GameWorld            - Attempted to remove entity which is not active
11:04:49.233 [JavaFX Application Thread] DEBUG AssetLoaderService   - Loading from file system: /assets/sounds/jump.wav
11:05:41.895 [JavaFX Application Thread] DEBUG GameApplication      - Exiting FXGL
11:05:41.896 [JavaFX Application Thread] DEBUG LoopRunner           - Stopping loop
11:05:41.896 [JavaFX Application Thread] DEBUG SystemBundleService  - Saving FXGL system data
11:05:41.897 [JavaFX Application Thread] DEBUG FileSystemAccess     - Writing to: /Users/Shared/Google Drive/Macbook Pro/Document Files/Java/IntelliJ/BlinkFruity/system/fxgl.bundle
11:05:41.898 [JavaFX Application Thread] DEBUG GameApplication      - Shutting down background threads
11:05:41.899 [JavaFX Application Thread] DEBUG GameApplication      - Closing logger and exiting JavaFX
