17:16:39.280 [main                     ] DEBUG GameApplication      - Logger initialized
17:16:39.340 [main                     ] DEBUG GameApplication      - Logging settings
Title: BlinkFruity
Version: 0.1
Width: 1280
Height: 720
Fullscreen: true
Intro: false
Menus: false
Profiling: false
Single step:false
App Mode: DEVELOPER
Menu Key: ESCAPE
Stage Style: DECORATED
Scene Factory: class com.almasb.fxgl.app.scene.SceneFactory

17:16:40.984 [JavaFX Application Thread] DEBUG GameApplication      - Initializing FXGL
17:16:40.995 [JavaFX Application Thread] INFO  Engine               - FXGL-11.8 (08.03.2020 09.09) on MAC (J:11.0.2 FX:13.0.2)
17:16:40.995 [JavaFX Application Thread] INFO  Engine               - Source code and latest versions at: https://github.com/AlmasB/FXGL
17:16:40.996 [JavaFX Application Thread] INFO  Engine               -              Join the FXGL chat at: https://gitter.im/AlmasB/FXGL
17:16:41.165 [JavaFX Application Thread] DEBUG MainWindow           - Creating a JavaFX scene
17:16:41.243 [JavaFX Application Thread] DEBUG MainWindow           - Target settings size: 1280.0 x 720.0
17:16:41.244 [JavaFX Application Thread] DEBUG MainWindow           - Scaled scene size:    1280.0 x 720.0
17:16:41.244 [JavaFX Application Thread] DEBUG MainWindow           - Scaled ratio: (1.0, 1.0)
17:16:41.245 [JavaFX Application Thread] DEBUG MainWindow           - Set initial scene to FXGLStartupScene
17:16:41.253 [JavaFX Application Thread] DEBUG MainWindow           - Opening main window
17:16:41.359 [JavaFX Application Thread] DEBUG MainWindow           - Window border size: (0.0, 22.0)
17:16:41.359 [JavaFX Application Thread] DEBUG MainWindow           - Scaled size: 1280.0 x 720.0
17:16:41.360 [JavaFX Application Thread] DEBUG MainWindow           - Scaled ratio: (1.0, 1.0)
17:16:41.360 [JavaFX Application Thread] DEBUG MainWindow           - Scene size: 1280.0 x 720.0
17:16:41.360 [JavaFX Application Thread] DEBUG MainWindow           - Stage size: 1280.0 x 742.0
17:16:41.371 [FXGL Background Thread 1 ] DEBUG Engine               - Initializing environment variables
17:16:41.397 [FXGL Background Thread 1 ] DEBUG WindowService        - Applying CSS: fxgl_dark.css
17:16:41.397 [FXGL Background Thread 1 ] DEBUG AssetLoaderService   - Loading from file system: /assets/ui/css/fxgl_dark.css
17:16:41.443 [FXGL Background Thread 1 ] DEBUG WindowService        - Initializing application scenes
17:16:41.675 [FXGL Background Thread 1 ] DEBUG GameWorld            - Game world initialized
17:16:41.716 [FXGL Background Thread 1 ] DEBUG PhysicsWorld         - Physics world initialized: appHeight=720, physics.ppm=50.0
17:16:41.717 [FXGL Background Thread 1 ] DEBUG GameScene            - Game scene initialized: 1280x720
17:16:41.728 [FXGL Background Thread 1 ] DEBUG Input                - Registered new binding: Resume - Esc
17:16:41.733 [FXGL Background Thread 1 ] DEBUG AssetLoaderService   - Loading from file system: /assets/textures/pause_menu_bg.png
17:16:41.785 [FXGL Background Thread 1 ] DEBUG Input                - Registered new binding: Pause - Esc
17:16:41.786 [FXGL Background Thread 1 ] DEBUG WindowService        - Application scenes initialized
17:16:41.795 [FXGL Background Thread 1 ] DEBUG SystemBundleService  - Loading FXGL system data
17:16:41.799 [FXGL Background Thread 1 ] DEBUG FileSystemAccess     - Reading from: /Users/Shared/Google Drive/Macbook Pro/Document Files/Java/IntelliJ/BlinkFruity/system/fxgl.bundle
17:16:41.806 [FXGL Background Thread 1 ] DEBUG SystemBundleService  - Bundle FXGL: {}
17:16:41.806 [FXGL Background Thread 1 ] INFO  Engine               - FXGL initialization took: 0.434 sec
17:16:41.808 [FXGL Background Thread 1 ] DEBUG GameApplication      - Loading localizations
17:16:41.808 [FXGL Background Thread 1 ] DEBUG AssetLoaderService   - Loading from file system: /assets/properties/languages/english.properties
17:16:41.810 [FXGL Background Thread 1 ] DEBUG AssetLoaderService   - Loading from file system: /assets/properties/languages/french.properties
17:16:41.811 [FXGL Background Thread 1 ] DEBUG AssetLoaderService   - Loading from file system: /assets/properties/languages/german.properties
17:16:41.811 [FXGL Background Thread 1 ] DEBUG AssetLoaderService   - Loading from file system: /assets/properties/languages/hungarian.properties
17:16:41.813 [FXGL Background Thread 1 ] DEBUG AssetLoaderService   - Loading from file system: /assets/properties/languages/russian.properties
17:16:41.814 [FXGL Background Thread 1 ] DEBUG GameApplication      - Registering font factories with UI factory
17:16:41.814 [FXGL Background Thread 1 ] DEBUG AssetLoaderService   - Loading from file system: /assets/ui/fonts/VarelaRound-Regular.ttf
17:16:41.832 [FXGL Background Thread 1 ] DEBUG AssetLoaderService   - Loading from file system: /assets/ui/fonts/Abel-Regular.ttf
17:16:41.835 [FXGL Background Thread 1 ] DEBUG AssetLoaderService   - Loading from file system: /assets/ui/fonts/lucida_console.ttf
17:16:41.839 [FXGL Background Thread 1 ] DEBUG AssetLoaderService   - Loading from file system: /assets/ui/fonts/Courier-Prime.ttf
17:16:41.843 [JavaFX Application Thread] DEBUG Input                - Registered new binding: Move Up - Up
17:16:41.844 [JavaFX Application Thread] DEBUG Input                - Registered new binding: Move Down - Down
17:16:41.844 [JavaFX Application Thread] DEBUG Input                - Registered new binding: Move Left - Left
17:16:41.844 [JavaFX Application Thread] DEBUG Input                - Registered new binding: Move Right - Right
17:16:41.846 [JavaFX Application Thread] DEBUG AssetLoaderService   - Loading from file system: /assets/textures/fxgl_icon.png
17:16:41.868 [JavaFX Application Thread] DEBUG AssetLoaderService   - Loading from file system: /assets/ui/cursors/fxgl_default.png
17:16:41.871 [JavaFX Application Thread] DEBUG Input                - Registered new binding: Screenshot - P
17:16:41.871 [JavaFX Application Thread] DEBUG Input                - Registered new binding: System info dump - CTRL+9
17:16:41.872 [JavaFX Application Thread] DEBUG Input                - Registered new binding: Restart - CTRL+R
17:16:41.872 [JavaFX Application Thread] DEBUG LoopRunner           - Starting loop
17:16:41.894 [JavaFX Application Thread] DEBUG FXGLStartupScene     - STARTUP
17:16:41.894 [JavaFX Application Thread] DEBUG WindowService        - Starting new game
17:16:41.894 [JavaFX Application Thread] DEBUG Input                - Clearing active input actions
17:16:41.903 [JavaFX Application Thread] DEBUG WindowService        - Removing overlay from FXGLStartupScene and adding to FXGLLoadingScene
17:16:41.904 [JavaFX Application Thread] DEBUG MainWindow           - FXGLStartupScene -> FXGLLoadingScene
17:16:41.904 [JavaFX Application Thread] DEBUG WindowService        - Clearing previous game
17:16:41.904 [JavaFX Application Thread] DEBUG GameScene            - Clearing game scene
17:16:41.904 [JavaFX Application Thread] DEBUG GameWorld            - Clearing game world
17:16:41.904 [JavaFX Application Thread] DEBUG PhysicsWorld         - Clearing physics world
17:16:41.905 [FXGL Background Thread 1 ] DEBUG GameApplication      - Initializing game
17:16:41.915 [FXGL Background Thread 1 ] DEBUG AssetLoaderService   - Loading from file system: /assets/textures/background/bg_1.png
17:16:42.486 [FXGL Background Thread 1 ] DEBUG AssetLoaderService   - Loading from file system: /assets/textures/basket.png
17:16:42.606 [FXGL Background Thread 1 ] DEBUG AssetLoaderService   - Loading from file system: /assets/textures/fruits/Green Apple.png
17:16:42.649 [FXGL Background Thread 1 ] DEBUG AssetLoaderService   - Loading from file system: /assets/textures/topbar.png
17:16:42.684 [FXGL Background Thread 1 ] INFO  GameApplication      - Game initialization took: 0.779 sec
17:16:42.685 [JavaFX Application Thread] DEBUG Input                - Clearing active input actions
17:16:42.699 [JavaFX Application Thread] DEBUG WindowService        - Removing overlay from FXGLLoadingScene and adding to GameScene
17:16:42.699 [JavaFX Application Thread] DEBUG MainWindow           - FXGLLoadingScene -> GameScene
17:16:44.812 [FXGL Background Thread 2 ] DEBUG Engine               - Logging environment variables
17:16:44.813 [FXGL Background Thread 2 ] DEBUG Engine               - achievements: []
17:16:44.813 [FXGL Background Thread 2 ] DEBUG Engine               - isCloseConfirmation: true
17:16:44.813 [FXGL Background Thread 2 ] DEBUG Engine               - language: ObjectProperty [value: ENGLISH]
17:16:44.813 [FXGL Background Thread 2 ] DEBUG Engine               - isProfilingEnabled: false
17:16:44.813 [FXGL Background Thread 2 ] DEBUG Engine               - soundNotification: core/notification.wav
17:16:44.814 [FXGL Background Thread 2 ] DEBUG Engine               - devShowBBoxProperty: BooleanProperty [value: false]
17:16:44.814 [FXGL Background Thread 2 ] DEBUG Engine               - pixelsPerMeter: 50.0
17:16:44.814 [FXGL Background Thread 2 ] DEBUG Engine               - appIcon: fxgl_icon.png
17:16:44.814 [FXGL Background Thread 2 ] DEBUG Engine               - soundMenuBack: menu/back.wav
17:16:44.814 [FXGL Background Thread 2 ] DEBUG Engine               - isFullScreenAllowed: true
17:16:44.814 [FXGL Background Thread 2 ] DEBUG Engine               - isIntroEnabled: false
17:16:44.814 [FXGL Background Thread 2 ] DEBUG Engine               - fontMono: lucida_console.ttf
17:16:44.814 [FXGL Background Thread 2 ] DEBUG Engine               - soundMenuSelect: menu/select.wav
17:16:44.815 [FXGL Background Thread 2 ] DEBUG Engine               - isWindows: false
17:16:44.815 [FXGL Background Thread 2 ] DEBUG Engine               - isUserProfileEnabled: false
17:16:44.815 [FXGL Background Thread 2 ] DEBUG Engine               - isMobile: false
17:16:44.815 [FXGL Background Thread 2 ] DEBUG Engine               - height: 720
17:16:44.815 [FXGL Background Thread 2 ] DEBUG Engine               - isExperimentalNative: false
17:16:44.815 [FXGL Background Thread 2 ] DEBUG Engine               - settings: Title: BlinkFruity
Version: 0.1
Width: 1280
Height: 720
Fullscreen: true
Intro: false
Menus: false
Profiling: false
Single step:false
App Mode: DEVELOPER
Menu Key: ESCAPE
Stage Style: DECORATED
Scene Factory: class com.almasb.fxgl.app.scene.SceneFactory

17:16:44.815 [FXGL Background Thread 2 ] DEBUG Engine               - isSingleStep: false
17:16:44.815 [FXGL Background Thread 2 ] DEBUG Engine               - cSSList: [fxgl_dark.css]
17:16:44.816 [FXGL Background Thread 2 ] DEBUG Engine               - fontGame: Abel-Regular.ttf
17:16:44.816 [FXGL Background Thread 2 ] DEBUG Engine               - menuKey: ESCAPE
17:16:44.816 [FXGL Background Thread 2 ] DEBUG Engine               - devShowPositionProperty: BooleanProperty [value: false]
17:16:44.816 [FXGL Background Thread 2 ] DEBUG Engine               - versionCheckDays: 7
17:16:44.816 [FXGL Background Thread 2 ] DEBUG Engine               - configClass: Optional.empty
17:16:44.816 [FXGL Background Thread 2 ] DEBUG Engine               - isFullScreenFromStart: false
17:16:44.816 [FXGL Background Thread 2 ] DEBUG Engine               - version: 0.1
17:16:44.816 [FXGL Background Thread 2 ] DEBUG Engine               - fullScreen: BooleanProperty [value: false]
17:16:44.817 [FXGL Background Thread 2 ] DEBUG Engine               - randomSeed: -1
17:16:44.817 [FXGL Background Thread 2 ] DEBUG Engine               - gameDifficultyProperty: ObjectProperty [value: MEDIUM]
17:16:44.817 [FXGL Background Thread 2 ] DEBUG Engine               - applicationMode: DEVELOPER
17:16:44.817 [FXGL Background Thread 2 ] DEBUG Engine               - isMac: true
17:16:44.817 [FXGL Background Thread 2 ] DEBUG Engine               - isMenuEnabled: false
17:16:44.817 [FXGL Background Thread 2 ] DEBUG Engine               - urlPOM: https://raw.githubusercontent.com/AlmasB/FXGL/master/pom.xml
17:16:44.817 [FXGL Background Thread 2 ] DEBUG Engine               - profileName: StringProperty [value: DEFAULT]
17:16:44.817 [FXGL Background Thread 2 ] DEBUG Engine               - notificationViewClass: class com.almasb.fxgl.notification.view.XboxNotificationView
17:16:44.818 [FXGL Background Thread 2 ] DEBUG Engine               - devSensorColorProperty: ObjectProperty [value: 0xffff00ff]
17:16:44.818 [FXGL Background Thread 2 ] DEBUG Engine               - sceneFactory: com.almasb.fxgl.app.scene.SceneFactory@222a4599
17:16:44.818 [FXGL Background Thread 2 ] DEBUG Engine               - stageStyle: DECORATED
17:16:44.818 [FXGL Background Thread 2 ] DEBUG Engine               - isManualResizeEnabled: false
17:16:44.818 [FXGL Background Thread 2 ] DEBUG Engine               - title: BlinkFruity
17:16:44.818 [FXGL Background Thread 2 ] DEBUG Engine               - platform: MAC
17:16:44.818 [FXGL Background Thread 2 ] DEBUG Engine               - devBBoxColorProperty: ObjectProperty [value: 0xff0000ff]
17:16:44.819 [FXGL Background Thread 2 ] DEBUG Engine               - gameDifficulty: MEDIUM
17:16:44.819 [FXGL Background Thread 2 ] DEBUG Engine               - isDesktop: true
17:16:44.819 [FXGL Background Thread 2 ] DEBUG Engine               - supportedLanguages: [ENGLISH, FRENCH, GERMAN, HUNGARIAN, RUSSIAN]
17:16:44.819 [FXGL Background Thread 2 ] DEBUG Engine               - credits: []
17:16:44.819 [FXGL Background Thread 2 ] DEBUG Engine               - globalMusicVolumeProperty: DoubleProperty [value: 0.1]
17:16:44.819 [FXGL Background Thread 2 ] DEBUG Engine               - isPreserveResizeRatio: true
17:16:44.819 [FXGL Background Thread 2 ] DEBUG Engine               - fontText: Courier-Prime.ttf
17:16:44.819 [FXGL Background Thread 2 ] DEBUG Engine               - isExperimentalTiledLargeMap: false
17:16:44.819 [FXGL Background Thread 2 ] DEBUG Engine               - secondsIn24h: 60
17:16:44.820 [FXGL Background Thread 2 ] DEBUG Engine               - runtimeInfo: RuntimeInfo(platform=MAC, version=11.8, build=08.03.2020 09.09)
17:16:44.820 [FXGL Background Thread 2 ] DEBUG Engine               - soundMenuPress: menu/press.wav
17:16:44.820 [FXGL Background Thread 2 ] DEBUG Engine               - isLinux: false
17:16:44.820 [FXGL Background Thread 2 ] DEBUG Engine               - urlGithub: https://github.com/AlmasB/FXGL
17:16:44.820 [FXGL Background Thread 2 ] DEBUG Engine               - profileDir: profiles/
17:16:44.820 [FXGL Background Thread 2 ] DEBUG Engine               - isDeveloperMenuEnabled: false
17:16:44.820 [FXGL Background Thread 2 ] DEBUG Engine               - globalSoundVolumeProperty: DoubleProperty [value: 0.3]
17:16:44.820 [FXGL Background Thread 2 ] DEBUG Engine               - mainWindow: com.almasb.fxgl.app.MainWindow@2615d504
17:16:44.820 [FXGL Background Thread 2 ] DEBUG Engine               - isBrowser: false
17:16:44.821 [FXGL Background Thread 2 ] DEBUG Engine               - urlLeaderboard: http://fxgl-top.herokuapp.com/
17:16:44.821 [FXGL Background Thread 2 ] DEBUG Engine               - globalSoundVolume: 0.5
17:16:44.821 [FXGL Background Thread 2 ] DEBUG Engine               - engineServices: [class com.almasb.fxgl.app.GameApplication$GameApplicationService, class com.almasb.fxgl.app.services.WindowService, class com.almasb.fxgl.app.services.FXGLDialogService, class com.almasb.fxgl.app.services.IOTaskExecutorService, class com.almasb.fxgl.event.EventBusService, class com.almasb.fxgl.io.FileSystemService, class com.almasb.fxgl.localization.LocalizationService, class com.almasb.fxgl.app.services.AssetLoaderService, class com.almasb.fxgl.app.services.SystemBundleService, class com.almasb.fxgl.profile.SaveLoadService, class com.almasb.fxgl.ui.FXGLUIFactoryServiceProvider, class com.almasb.fxgl.ui.FXGLDialogFactoryServiceProvider, class com.almasb.fxgl.audio.AudioPlayer, class com.almasb.fxgl.notification.impl.NotificationServiceProvider, class com.almasb.fxgl.achievement.AchievementService, class com.almasb.fxgl.cutscene.CutsceneService, class com.almasb.fxgl.minigames.MiniGameService, class com.almasb.fxgl.net.NetService, class com.almasb.fxgl.app.services.UpdaterService]
17:16:44.821 [FXGL Background Thread 2 ] DEBUG Engine               - globalMusicVolume: 0.5
17:16:44.821 [FXGL Background Thread 2 ] DEBUG Engine               - width: 1280
17:16:44.821 [FXGL Background Thread 2 ] DEBUG Engine               - saveFileExt: sav
17:16:44.821 [FXGL Background Thread 2 ] DEBUG Engine               - isAndroid: false
17:16:44.821 [FXGL Background Thread 2 ] DEBUG Engine               - fontUI: VarelaRound-Regular.ttf
17:16:44.821 [FXGL Background Thread 2 ] DEBUG Engine               - enabledMenuItems: []
17:16:44.821 [FXGL Background Thread 2 ] DEBUG Engine               - isIOS: false
17:16:44.821 [FXGL Background Thread 2 ] DEBUG Engine               - Logging services
17:16:44.822 [FXGL Background Thread 2 ] DEBUG Engine               - class com.almasb.fxgl.app.GameApplication$GameApplicationService
17:16:44.822 [FXGL Background Thread 2 ] DEBUG Engine               - class com.almasb.fxgl.app.services.WindowService
17:16:44.822 [FXGL Background Thread 2 ] DEBUG Engine               - class com.almasb.fxgl.app.services.FXGLDialogService
17:16:44.822 [FXGL Background Thread 2 ] DEBUG Engine               - class com.almasb.fxgl.app.services.IOTaskExecutorService
17:16:44.822 [FXGL Background Thread 2 ] DEBUG Engine               - class com.almasb.fxgl.event.EventBusService
17:16:44.822 [FXGL Background Thread 2 ] DEBUG Engine               - class com.almasb.fxgl.io.FileSystemService
17:16:44.822 [FXGL Background Thread 2 ] DEBUG Engine               - class com.almasb.fxgl.localization.LocalizationService
17:16:44.822 [FXGL Background Thread 2 ] DEBUG Engine               - class com.almasb.fxgl.app.services.AssetLoaderService
17:16:44.822 [FXGL Background Thread 2 ] DEBUG Engine               - class com.almasb.fxgl.app.services.SystemBundleService
17:16:44.822 [FXGL Background Thread 2 ] DEBUG Engine               - class com.almasb.fxgl.profile.SaveLoadService
17:16:44.822 [FXGL Background Thread 2 ] DEBUG Engine               - class com.almasb.fxgl.ui.FXGLUIFactoryServiceProvider
17:16:44.822 [FXGL Background Thread 2 ] DEBUG Engine               - class com.almasb.fxgl.ui.FXGLDialogFactoryServiceProvider
17:16:44.822 [FXGL Background Thread 2 ] DEBUG Engine               - class com.almasb.fxgl.audio.AudioPlayer
17:16:44.823 [FXGL Background Thread 2 ] DEBUG Engine               - class com.almasb.fxgl.notification.impl.NotificationServiceProvider
17:16:44.823 [FXGL Background Thread 2 ] DEBUG Engine               - class com.almasb.fxgl.achievement.AchievementService
17:16:44.823 [FXGL Background Thread 2 ] DEBUG Engine               - class com.almasb.fxgl.cutscene.CutsceneService
17:16:44.823 [FXGL Background Thread 2 ] DEBUG Engine               - class com.almasb.fxgl.minigames.MiniGameService
17:16:44.823 [FXGL Background Thread 2 ] DEBUG Engine               - class com.almasb.fxgl.net.NetService
17:16:44.823 [FXGL Background Thread 2 ] DEBUG Engine               - class com.almasb.fxgl.app.services.UpdaterService
17:18:01.717 [JavaFX Application Thread] DEBUG MainWindow           - Push state: DialogSubScene
17:18:01.718 [JavaFX Application Thread] DEBUG Input                - Clearing active input actions
17:18:01.733 [JavaFX Application Thread] DEBUG WindowService        - Removing overlay from GameScene and adding to DialogSubScene
17:18:01.733 [JavaFX Application Thread] DEBUG MainWindow           - GameScene -> DialogSubScene
17:18:03.364 [JavaFX Application Thread] DEBUG MainWindow           - Pop state: DialogSubScene
17:18:03.364 [JavaFX Application Thread] DEBUG Input                - Clearing active input actions
17:18:03.365 [JavaFX Application Thread] DEBUG WindowService        - Removing overlay from DialogSubScene and adding to GameScene
17:18:03.365 [JavaFX Application Thread] DEBUG MainWindow           - GameScene <- DialogSubScene
17:18:03.365 [JavaFX Application Thread] DEBUG GameApplication      - Exiting FXGL
17:18:03.366 [JavaFX Application Thread] DEBUG LoopRunner           - Stopping loop
17:18:03.366 [JavaFX Application Thread] DEBUG SystemBundleService  - Saving FXGL system data
17:18:03.373 [JavaFX Application Thread] DEBUG FileSystemAccess     - Writing to: /Users/Shared/Google Drive/Macbook Pro/Document Files/Java/IntelliJ/BlinkFruity/system/fxgl.bundle
17:18:03.376 [JavaFX Application Thread] DEBUG GameApplication      - Shutting down background threads
17:18:03.376 [JavaFX Application Thread] DEBUG GameApplication      - Closing logger and exiting JavaFX
