13:07:28.041 [main                     ] DEBUG GameApplication      - Logger initialized
13:07:28.090 [main                     ] DEBUG GameApplication      - Logging settings
Title: BlinkFruity
Version: 0.1
Width: 1280
Height: 720
Fullscreen: true
Intro: false
Menus: false
Profiling: false
Single step:false
App Mode: DEVELOPER
Menu Key: ESCAPE
Stage Style: DECORATED
Scene Factory: class com.almasb.fxgl.app.scene.SceneFactory

13:07:29.886 [JavaFX Application Thread] DEBUG GameApplication      - Initializing FXGL
13:07:29.898 [JavaFX Application Thread] INFO  Engine               - FXGL-11.8 (08.03.2020 09.09) on MAC (J:11.0.2 FX:13.0.2)
13:07:29.898 [JavaFX Application Thread] INFO  Engine               - Source code and latest versions at: https://github.com/AlmasB/FXGL
13:07:29.899 [JavaFX Application Thread] INFO  Engine               -              Join the FXGL chat at: https://gitter.im/AlmasB/FXGL
13:07:30.066 [JavaFX Application Thread] DEBUG MainWindow           - Creating a JavaFX scene
13:07:30.147 [JavaFX Application Thread] DEBUG MainWindow           - Target settings size: 1280.0 x 720.0
13:07:30.147 [JavaFX Application Thread] DEBUG MainWindow           - Scaled scene size:    1280.0 x 720.0
13:07:30.147 [JavaFX Application Thread] DEBUG MainWindow           - Scaled ratio: (1.0, 1.0)
13:07:30.149 [JavaFX Application Thread] DEBUG MainWindow           - Set initial scene to FXGLStartupScene
13:07:30.156 [JavaFX Application Thread] DEBUG MainWindow           - Opening main window
13:07:30.260 [JavaFX Application Thread] DEBUG MainWindow           - Window border size: (0.0, 22.0)
13:07:30.260 [JavaFX Application Thread] DEBUG MainWindow           - Scaled size: 1280.0 x 720.0
13:07:30.260 [JavaFX Application Thread] DEBUG MainWindow           - Scaled ratio: (1.0, 1.0)
13:07:30.260 [JavaFX Application Thread] DEBUG MainWindow           - Scene size: 1280.0 x 720.0
13:07:30.260 [JavaFX Application Thread] DEBUG MainWindow           - Stage size: 1280.0 x 742.0
13:07:30.271 [FXGL Background Thread 1 ] DEBUG Engine               - Initializing environment variables
13:07:30.298 [FXGL Background Thread 1 ] DEBUG WindowService        - Applying CSS: fxgl_dark.css
13:07:30.299 [FXGL Background Thread 1 ] DEBUG AssetLoaderService   - Loading from file system: /assets/ui/css/fxgl_dark.css
13:07:30.344 [FXGL Background Thread 1 ] DEBUG WindowService        - Initializing application scenes
13:07:30.601 [FXGL Background Thread 1 ] DEBUG GameWorld            - Game world initialized
13:07:30.649 [FXGL Background Thread 1 ] DEBUG PhysicsWorld         - Physics world initialized: appHeight=720, physics.ppm=50.0
13:07:30.651 [FXGL Background Thread 1 ] DEBUG GameScene            - Game scene initialized: 1280x720
13:07:30.659 [FXGL Background Thread 1 ] DEBUG Input                - Registered new binding: Resume - Esc
13:07:30.664 [FXGL Background Thread 1 ] DEBUG AssetLoaderService   - Loading from file system: /assets/textures/pause_menu_bg.png
13:07:30.721 [FXGL Background Thread 1 ] DEBUG Input                - Registered new binding: Pause - Esc
13:07:30.721 [FXGL Background Thread 1 ] DEBUG WindowService        - Application scenes initialized
13:07:30.733 [FXGL Background Thread 1 ] DEBUG SystemBundleService  - Loading FXGL system data
13:07:30.738 [FXGL Background Thread 1 ] DEBUG FileSystemAccess     - Reading from: /Users/Shared/Google Drive/Macbook Pro/Document Files/Java/IntelliJ/BlinkFruity/system/fxgl.bundle
13:07:30.746 [FXGL Background Thread 1 ] DEBUG SystemBundleService  - Bundle FXGL: {}
13:07:30.746 [FXGL Background Thread 1 ] INFO  Engine               - FXGL initialization took: 0.474 sec
13:07:30.748 [FXGL Background Thread 1 ] DEBUG GameApplication      - Loading localizations
13:07:30.748 [FXGL Background Thread 1 ] DEBUG AssetLoaderService   - Loading from file system: /assets/properties/languages/english.properties
13:07:30.750 [FXGL Background Thread 1 ] DEBUG AssetLoaderService   - Loading from file system: /assets/properties/languages/french.properties
13:07:30.751 [FXGL Background Thread 1 ] DEBUG AssetLoaderService   - Loading from file system: /assets/properties/languages/german.properties
13:07:30.752 [FXGL Background Thread 1 ] DEBUG AssetLoaderService   - Loading from file system: /assets/properties/languages/hungarian.properties
13:07:30.754 [FXGL Background Thread 1 ] DEBUG AssetLoaderService   - Loading from file system: /assets/properties/languages/russian.properties
13:07:30.755 [FXGL Background Thread 1 ] DEBUG GameApplication      - Registering font factories with UI factory
13:07:30.755 [FXGL Background Thread 1 ] DEBUG AssetLoaderService   - Loading from file system: /assets/ui/fonts/VarelaRound-Regular.ttf
13:07:30.774 [FXGL Background Thread 1 ] DEBUG AssetLoaderService   - Loading from file system: /assets/ui/fonts/Abel-Regular.ttf
13:07:30.777 [FXGL Background Thread 1 ] DEBUG AssetLoaderService   - Loading from file system: /assets/ui/fonts/lucida_console.ttf
13:07:30.781 [FXGL Background Thread 1 ] DEBUG AssetLoaderService   - Loading from file system: /assets/ui/fonts/Courier-Prime.ttf
13:07:30.786 [JavaFX Application Thread] DEBUG Input                - Registered new binding: Move Up - Up
13:07:30.786 [JavaFX Application Thread] DEBUG Input                - Registered new binding: Move Down - Down
13:07:30.786 [JavaFX Application Thread] DEBUG Input                - Registered new binding: Move Left - Left
13:07:30.786 [JavaFX Application Thread] DEBUG Input                - Registered new binding: Move Right - Right
13:07:30.788 [JavaFX Application Thread] DEBUG AssetLoaderService   - Loading from file system: /assets/textures/fxgl_icon.png
13:07:30.813 [JavaFX Application Thread] DEBUG AssetLoaderService   - Loading from file system: /assets/ui/cursors/fxgl_default.png
13:07:30.816 [JavaFX Application Thread] DEBUG Input                - Registered new binding: Screenshot - P
13:07:30.816 [JavaFX Application Thread] DEBUG Input                - Registered new binding: System info dump - CTRL+9
13:07:30.817 [JavaFX Application Thread] DEBUG Input                - Registered new binding: Restart - CTRL+R
13:07:30.817 [JavaFX Application Thread] DEBUG LoopRunner           - Starting loop
13:07:30.839 [JavaFX Application Thread] DEBUG FXGLStartupScene     - STARTUP
13:07:30.839 [JavaFX Application Thread] DEBUG WindowService        - Starting new game
13:07:30.839 [JavaFX Application Thread] DEBUG Input                - Clearing active input actions
13:07:30.852 [JavaFX Application Thread] DEBUG WindowService        - Removing overlay from FXGLStartupScene and adding to FXGLLoadingScene
13:07:30.853 [JavaFX Application Thread] DEBUG MainWindow           - FXGLStartupScene -> FXGLLoadingScene
13:07:30.853 [JavaFX Application Thread] DEBUG WindowService        - Clearing previous game
13:07:30.853 [JavaFX Application Thread] DEBUG GameScene            - Clearing game scene
13:07:30.853 [JavaFX Application Thread] DEBUG GameWorld            - Clearing game world
13:07:30.853 [JavaFX Application Thread] DEBUG PhysicsWorld         - Clearing physics world
13:07:30.855 [FXGL Background Thread 1 ] DEBUG GameApplication      - Initializing game
13:07:30.866 [FXGL Background Thread 1 ] DEBUG AssetLoaderService   - Loading from file system: /assets/textures/background/bg_1.png
13:07:31.261 [FXGL Background Thread 1 ] DEBUG AssetLoaderService   - Loading from file system: /assets/textures/basket.png
13:07:31.385 [FXGL Background Thread 1 ] DEBUG AssetLoaderService   - Loading from file system: /assets/textures/fruits/Blueberry.png
13:07:31.492 [FXGL Background Thread 1 ] DEBUG AssetLoaderService   - Loading from file system: /assets/textures/topbar.png
13:07:31.525 [FXGL Background Thread 1 ] INFO  GameApplication      - Game initialization took: 0.670 sec
13:07:31.526 [JavaFX Application Thread] DEBUG Input                - Clearing active input actions
13:07:31.544 [JavaFX Application Thread] DEBUG WindowService        - Removing overlay from FXGLLoadingScene and adding to GameScene
13:07:31.545 [JavaFX Application Thread] DEBUG MainWindow           - FXGLLoadingScene -> GameScene
13:07:33.752 [FXGL Background Thread 2 ] DEBUG Engine               - Logging environment variables
13:07:33.752 [FXGL Background Thread 2 ] DEBUG Engine               - achievements: []
13:07:33.752 [FXGL Background Thread 2 ] DEBUG Engine               - isCloseConfirmation: true
13:07:33.752 [FXGL Background Thread 2 ] DEBUG Engine               - language: ObjectProperty [value: ENGLISH]
13:07:33.753 [FXGL Background Thread 2 ] DEBUG Engine               - isProfilingEnabled: false
13:07:33.753 [FXGL Background Thread 2 ] DEBUG Engine               - soundNotification: core/notification.wav
13:07:33.753 [FXGL Background Thread 2 ] DEBUG Engine               - devShowBBoxProperty: BooleanProperty [value: false]
13:07:33.753 [FXGL Background Thread 2 ] DEBUG Engine               - pixelsPerMeter: 50.0
13:07:33.753 [FXGL Background Thread 2 ] DEBUG Engine               - appIcon: fxgl_icon.png
13:07:33.753 [FXGL Background Thread 2 ] DEBUG Engine               - soundMenuBack: menu/back.wav
13:07:33.754 [FXGL Background Thread 2 ] DEBUG Engine               - isFullScreenAllowed: true
13:07:33.754 [FXGL Background Thread 2 ] DEBUG Engine               - isIntroEnabled: false
13:07:33.754 [FXGL Background Thread 2 ] DEBUG Engine               - fontMono: lucida_console.ttf
13:07:33.754 [FXGL Background Thread 2 ] DEBUG Engine               - soundMenuSelect: menu/select.wav
13:07:33.754 [FXGL Background Thread 2 ] DEBUG Engine               - isWindows: false
13:07:33.754 [FXGL Background Thread 2 ] DEBUG Engine               - isMobile: false
13:07:33.754 [FXGL Background Thread 2 ] DEBUG Engine               - isUserProfileEnabled: false
13:07:33.754 [FXGL Background Thread 2 ] DEBUG Engine               - height: 720
13:07:33.755 [FXGL Background Thread 2 ] DEBUG Engine               - isExperimentalNative: false
13:07:33.755 [FXGL Background Thread 2 ] DEBUG Engine               - settings: Title: BlinkFruity
Version: 0.1
Width: 1280
Height: 720
Fullscreen: true
Intro: false
Menus: false
Profiling: false
Single step:false
App Mode: DEVELOPER
Menu Key: ESCAPE
Stage Style: DECORATED
Scene Factory: class com.almasb.fxgl.app.scene.SceneFactory

13:07:33.755 [FXGL Background Thread 2 ] DEBUG Engine               - isSingleStep: false
13:07:33.755 [FXGL Background Thread 2 ] DEBUG Engine               - cSSList: [fxgl_dark.css]
13:07:33.755 [FXGL Background Thread 2 ] DEBUG Engine               - fontGame: Abel-Regular.ttf
13:07:33.755 [FXGL Background Thread 2 ] DEBUG Engine               - menuKey: ESCAPE
13:07:33.755 [FXGL Background Thread 2 ] DEBUG Engine               - devShowPositionProperty: BooleanProperty [value: false]
13:07:33.755 [FXGL Background Thread 2 ] DEBUG Engine               - versionCheckDays: 7
13:07:33.755 [FXGL Background Thread 2 ] DEBUG Engine               - configClass: Optional.empty
13:07:33.756 [FXGL Background Thread 2 ] DEBUG Engine               - isFullScreenFromStart: false
13:07:33.756 [FXGL Background Thread 2 ] DEBUG Engine               - version: 0.1
13:07:33.756 [FXGL Background Thread 2 ] DEBUG Engine               - fullScreen: BooleanProperty [value: false]
13:07:33.756 [FXGL Background Thread 2 ] DEBUG Engine               - randomSeed: -1
13:07:33.756 [FXGL Background Thread 2 ] DEBUG Engine               - gameDifficultyProperty: ObjectProperty [value: MEDIUM]
13:07:33.756 [FXGL Background Thread 2 ] DEBUG Engine               - applicationMode: DEVELOPER
13:07:33.756 [FXGL Background Thread 2 ] DEBUG Engine               - isMac: true
13:07:33.756 [FXGL Background Thread 2 ] DEBUG Engine               - isMenuEnabled: false
13:07:33.757 [FXGL Background Thread 2 ] DEBUG Engine               - urlPOM: https://raw.githubusercontent.com/AlmasB/FXGL/master/pom.xml
13:07:33.757 [FXGL Background Thread 2 ] DEBUG Engine               - profileName: StringProperty [value: DEFAULT]
13:07:33.757 [FXGL Background Thread 2 ] DEBUG Engine               - notificationViewClass: class com.almasb.fxgl.notification.view.XboxNotificationView
13:07:33.757 [FXGL Background Thread 2 ] DEBUG Engine               - devSensorColorProperty: ObjectProperty [value: 0xffff00ff]
13:07:33.757 [FXGL Background Thread 2 ] DEBUG Engine               - sceneFactory: com.almasb.fxgl.app.scene.SceneFactory@45f9815d
13:07:33.757 [FXGL Background Thread 2 ] DEBUG Engine               - stageStyle: DECORATED
13:07:33.757 [FXGL Background Thread 2 ] DEBUG Engine               - isManualResizeEnabled: false
13:07:33.758 [FXGL Background Thread 2 ] DEBUG Engine               - title: BlinkFruity
13:07:33.758 [FXGL Background Thread 2 ] DEBUG Engine               - platform: MAC
13:07:33.758 [FXGL Background Thread 2 ] DEBUG Engine               - devBBoxColorProperty: ObjectProperty [value: 0xff0000ff]
13:07:33.758 [FXGL Background Thread 2 ] DEBUG Engine               - gameDifficulty: MEDIUM
13:07:33.758 [FXGL Background Thread 2 ] DEBUG Engine               - isDesktop: true
13:07:33.758 [FXGL Background Thread 2 ] DEBUG Engine               - supportedLanguages: [ENGLISH, FRENCH, GERMAN, HUNGARIAN, RUSSIAN]
13:07:33.758 [FXGL Background Thread 2 ] DEBUG Engine               - credits: []
13:07:33.759 [FXGL Background Thread 2 ] DEBUG Engine               - globalMusicVolumeProperty: DoubleProperty [value: 0.1]
13:07:33.759 [FXGL Background Thread 2 ] DEBUG Engine               - isPreserveResizeRatio: true
13:07:33.759 [FXGL Background Thread 2 ] DEBUG Engine               - fontText: Courier-Prime.ttf
13:07:33.759 [FXGL Background Thread 2 ] DEBUG Engine               - isExperimentalTiledLargeMap: false
13:07:33.759 [FXGL Background Thread 2 ] DEBUG Engine               - secondsIn24h: 60
13:07:33.759 [FXGL Background Thread 2 ] DEBUG Engine               - runtimeInfo: RuntimeInfo(platform=MAC, version=11.8, build=08.03.2020 09.09)
13:07:33.759 [FXGL Background Thread 2 ] DEBUG Engine               - isLinux: false
13:07:33.759 [FXGL Background Thread 2 ] DEBUG Engine               - soundMenuPress: menu/press.wav
13:07:33.759 [FXGL Background Thread 2 ] DEBUG Engine               - urlGithub: https://github.com/AlmasB/FXGL
13:07:33.759 [FXGL Background Thread 2 ] DEBUG Engine               - profileDir: profiles/
13:07:33.760 [FXGL Background Thread 2 ] DEBUG Engine               - isDeveloperMenuEnabled: false
13:07:33.760 [FXGL Background Thread 2 ] DEBUG Engine               - globalSoundVolumeProperty: DoubleProperty [value: 0.3]
13:07:33.760 [FXGL Background Thread 2 ] DEBUG Engine               - mainWindow: com.almasb.fxgl.app.MainWindow@41c60d3a
13:07:33.760 [FXGL Background Thread 2 ] DEBUG Engine               - isBrowser: false
13:07:33.760 [FXGL Background Thread 2 ] DEBUG Engine               - urlLeaderboard: http://fxgl-top.herokuapp.com/
13:07:33.760 [FXGL Background Thread 2 ] DEBUG Engine               - globalSoundVolume: 0.5
13:07:33.760 [FXGL Background Thread 2 ] DEBUG Engine               - engineServices: [class com.almasb.fxgl.app.GameApplication$GameApplicationService, class com.almasb.fxgl.app.services.WindowService, class com.almasb.fxgl.app.services.FXGLDialogService, class com.almasb.fxgl.app.services.IOTaskExecutorService, class com.almasb.fxgl.event.EventBusService, class com.almasb.fxgl.io.FileSystemService, class com.almasb.fxgl.localization.LocalizationService, class com.almasb.fxgl.app.services.AssetLoaderService, class com.almasb.fxgl.app.services.SystemBundleService, class com.almasb.fxgl.profile.SaveLoadService, class com.almasb.fxgl.ui.FXGLUIFactoryServiceProvider, class com.almasb.fxgl.ui.FXGLDialogFactoryServiceProvider, class com.almasb.fxgl.audio.AudioPlayer, class com.almasb.fxgl.notification.impl.NotificationServiceProvider, class com.almasb.fxgl.achievement.AchievementService, class com.almasb.fxgl.cutscene.CutsceneService, class com.almasb.fxgl.minigames.MiniGameService, class com.almasb.fxgl.net.NetService, class com.almasb.fxgl.app.services.UpdaterService]
13:07:33.760 [FXGL Background Thread 2 ] DEBUG Engine               - globalMusicVolume: 0.5
13:07:33.760 [FXGL Background Thread 2 ] DEBUG Engine               - width: 1280
13:07:33.760 [FXGL Background Thread 2 ] DEBUG Engine               - saveFileExt: sav
13:07:33.760 [FXGL Background Thread 2 ] DEBUG Engine               - isAndroid: false
13:07:33.760 [FXGL Background Thread 2 ] DEBUG Engine               - fontUI: VarelaRound-Regular.ttf
13:07:33.760 [FXGL Background Thread 2 ] DEBUG Engine               - enabledMenuItems: []
13:07:33.761 [FXGL Background Thread 2 ] DEBUG Engine               - isIOS: false
13:07:33.761 [FXGL Background Thread 2 ] DEBUG Engine               - Logging services
13:07:33.761 [FXGL Background Thread 2 ] DEBUG Engine               - class com.almasb.fxgl.app.GameApplication$GameApplicationService
13:07:33.761 [FXGL Background Thread 2 ] DEBUG Engine               - class com.almasb.fxgl.app.services.WindowService
13:07:33.761 [FXGL Background Thread 2 ] DEBUG Engine               - class com.almasb.fxgl.app.services.FXGLDialogService
13:07:33.761 [FXGL Background Thread 2 ] DEBUG Engine               - class com.almasb.fxgl.app.services.IOTaskExecutorService
13:07:33.761 [FXGL Background Thread 2 ] DEBUG Engine               - class com.almasb.fxgl.event.EventBusService
13:07:33.761 [FXGL Background Thread 2 ] DEBUG Engine               - class com.almasb.fxgl.io.FileSystemService
13:07:33.761 [FXGL Background Thread 2 ] DEBUG Engine               - class com.almasb.fxgl.localization.LocalizationService
13:07:33.761 [FXGL Background Thread 2 ] DEBUG Engine               - class com.almasb.fxgl.app.services.AssetLoaderService
13:07:33.761 [FXGL Background Thread 2 ] DEBUG Engine               - class com.almasb.fxgl.app.services.SystemBundleService
13:07:33.761 [FXGL Background Thread 2 ] DEBUG Engine               - class com.almasb.fxgl.profile.SaveLoadService
13:07:33.761 [FXGL Background Thread 2 ] DEBUG Engine               - class com.almasb.fxgl.ui.FXGLUIFactoryServiceProvider
13:07:33.762 [FXGL Background Thread 2 ] DEBUG Engine               - class com.almasb.fxgl.ui.FXGLDialogFactoryServiceProvider
13:07:33.762 [FXGL Background Thread 2 ] DEBUG Engine               - class com.almasb.fxgl.audio.AudioPlayer
13:07:33.762 [FXGL Background Thread 2 ] DEBUG Engine               - class com.almasb.fxgl.notification.impl.NotificationServiceProvider
13:07:33.762 [FXGL Background Thread 2 ] DEBUG Engine               - class com.almasb.fxgl.achievement.AchievementService
13:07:33.762 [FXGL Background Thread 2 ] DEBUG Engine               - class com.almasb.fxgl.cutscene.CutsceneService
13:07:33.762 [FXGL Background Thread 2 ] DEBUG Engine               - class com.almasb.fxgl.minigames.MiniGameService
13:07:33.762 [FXGL Background Thread 2 ] DEBUG Engine               - class com.almasb.fxgl.net.NetService
13:07:33.762 [FXGL Background Thread 2 ] DEBUG Engine               - class com.almasb.fxgl.app.services.UpdaterService
13:08:04.771 [JavaFX Application Thread] DEBUG AssetLoaderService   - Loading from file system: /assets/textures/fruits/Strawberry.png
13:08:04.809 [JavaFX Application Thread] WARN  GameWorld            - Attempted to remove entity which is not active
13:08:05.320 [JavaFX Application Thread] DEBUG AssetLoaderService   - Loading from file system: /assets/sounds/jump.wav
13:09:53.634 [JavaFX Application Thread] DEBUG WindowService        - Starting new game
13:09:53.634 [JavaFX Application Thread] DEBUG Input                - Clearing active input actions
13:09:53.642 [JavaFX Application Thread] DEBUG WindowService        - Removing overlay from GameScene and adding to FXGLLoadingScene
13:09:53.642 [JavaFX Application Thread] DEBUG MainWindow           - GameScene -> FXGLLoadingScene
13:09:53.642 [JavaFX Application Thread] DEBUG WindowService        - Clearing previous game
13:09:53.642 [JavaFX Application Thread] DEBUG GameScene            - Clearing game scene
13:09:53.642 [JavaFX Application Thread] DEBUG GameWorld            - Clearing game world
13:09:53.643 [JavaFX Application Thread] DEBUG PhysicsWorld         - Clearing physics world
13:09:53.644 [FXGL Background Thread 3 ] DEBUG GameApplication      - Initializing game
13:09:53.644 [FXGL Background Thread 3 ] DEBUG AssetLoaderService   - Loading from cache: /assets/textures/background/bg_1.png@1280.0x720.0
13:09:53.772 [FXGL Background Thread 3 ] DEBUG AssetLoaderService   - Loading from cache: /assets/textures/basket.png@150.0x150.0
13:09:53.773 [FXGL Background Thread 3 ] DEBUG AssetLoaderService   - Loading from file system: /assets/textures/fruits/Orange.png
13:09:54.085 [FXGL Background Thread 3 ] DEBUG AssetLoaderService   - Loading from cache: /assets/textures/topbar.png
13:09:54.087 [FXGL Background Thread 3 ] INFO  GameApplication      - Game initialization took: 0.443 sec
13:09:54.087 [JavaFX Application Thread] DEBUG Input                - Clearing active input actions
13:09:54.094 [JavaFX Application Thread] DEBUG WindowService        - Removing overlay from FXGLLoadingScene and adding to GameScene
13:09:54.094 [JavaFX Application Thread] DEBUG MainWindow           - FXGLLoadingScene -> GameScene
13:10:05.775 [JavaFX Application Thread] DEBUG WindowService        - Starting new game
13:10:05.775 [JavaFX Application Thread] DEBUG Input                - Clearing active input actions
13:10:05.781 [JavaFX Application Thread] DEBUG WindowService        - Removing overlay from GameScene and adding to FXGLLoadingScene
13:10:05.781 [JavaFX Application Thread] DEBUG MainWindow           - GameScene -> FXGLLoadingScene
13:10:05.781 [JavaFX Application Thread] DEBUG WindowService        - Clearing previous game
13:10:05.781 [JavaFX Application Thread] DEBUG GameScene            - Clearing game scene
13:10:05.781 [JavaFX Application Thread] DEBUG GameWorld            - Clearing game world
13:10:05.782 [JavaFX Application Thread] DEBUG PhysicsWorld         - Clearing physics world
13:10:05.782 [FXGL Background Thread 3 ] DEBUG GameApplication      - Initializing game
13:10:05.783 [FXGL Background Thread 3 ] DEBUG AssetLoaderService   - Loading from cache: /assets/textures/background/bg_1.png@1280.0x720.0
13:10:05.873 [FXGL Background Thread 3 ] DEBUG AssetLoaderService   - Loading from cache: /assets/textures/basket.png@150.0x150.0
13:10:05.874 [FXGL Background Thread 3 ] DEBUG AssetLoaderService   - Loading from file system: /assets/textures/fruits/Lemon with Leaf.png
13:10:06.269 [FXGL Background Thread 3 ] DEBUG AssetLoaderService   - Loading from cache: /assets/textures/topbar.png
13:10:06.271 [FXGL Background Thread 3 ] INFO  GameApplication      - Game initialization took: 0.488 sec
13:10:06.271 [JavaFX Application Thread] DEBUG Input                - Clearing active input actions
13:10:06.276 [JavaFX Application Thread] DEBUG WindowService        - Removing overlay from FXGLLoadingScene and adding to GameScene
13:10:06.276 [JavaFX Application Thread] DEBUG MainWindow           - FXGLLoadingScene -> GameScene
13:10:21.339 [JavaFX Application Thread] DEBUG AssetLoaderService   - Loading from file system: /assets/textures/fruits/Green Apple.png
13:10:21.387 [JavaFX Application Thread] WARN  GameWorld            - Attempted to remove entity which is not active
13:10:21.905 [JavaFX Application Thread] DEBUG AssetLoaderService   - Loading from cache: /assets/sounds/jump.wav
13:11:33.476 [JavaFX Application Thread] DEBUG WindowService        - Starting new game
13:11:33.477 [JavaFX Application Thread] DEBUG Input                - Clearing active input actions
13:11:33.482 [JavaFX Application Thread] DEBUG WindowService        - Removing overlay from GameScene and adding to FXGLLoadingScene
13:11:33.483 [JavaFX Application Thread] DEBUG MainWindow           - GameScene -> FXGLLoadingScene
13:11:33.483 [JavaFX Application Thread] DEBUG WindowService        - Clearing previous game
13:11:33.483 [JavaFX Application Thread] DEBUG GameScene            - Clearing game scene
13:11:33.483 [JavaFX Application Thread] DEBUG GameWorld            - Clearing game world
13:11:33.483 [JavaFX Application Thread] DEBUG PhysicsWorld         - Clearing physics world
13:11:33.484 [FXGL Background Thread 4 ] DEBUG GameApplication      - Initializing game
13:11:33.485 [FXGL Background Thread 4 ] DEBUG AssetLoaderService   - Loading from cache: /assets/textures/background/bg_1.png@1280.0x720.0
13:11:33.579 [FXGL Background Thread 4 ] DEBUG AssetLoaderService   - Loading from cache: /assets/textures/basket.png@150.0x150.0
13:11:33.580 [FXGL Background Thread 4 ] DEBUG AssetLoaderService   - Loading from file system: /assets/textures/fruits/Green Grape.png
13:11:33.605 [FXGL Background Thread 4 ] DEBUG AssetLoaderService   - Loading from cache: /assets/textures/topbar.png
13:11:33.607 [FXGL Background Thread 4 ] INFO  GameApplication      - Game initialization took: 0.123 sec
13:11:33.607 [JavaFX Application Thread] DEBUG Input                - Clearing active input actions
13:11:33.611 [JavaFX Application Thread] DEBUG WindowService        - Removing overlay from FXGLLoadingScene and adding to GameScene
13:11:33.611 [JavaFX Application Thread] DEBUG MainWindow           - FXGLLoadingScene -> GameScene
13:12:08.141 [JavaFX Application Thread] DEBUG AssetLoaderService   - Loading from cache: /assets/textures/fruits/Strawberry.png@100.0x100.0
13:12:08.143 [JavaFX Application Thread] WARN  GameWorld            - Attempted to remove entity which is not active
13:12:08.657 [JavaFX Application Thread] DEBUG AssetLoaderService   - Loading from cache: /assets/sounds/jump.wav
13:12:30.224 [JavaFX Application Thread] DEBUG AssetLoaderService   - Loading from cache: /assets/textures/fruits/Orange.png@100.0x100.0
13:12:30.227 [JavaFX Application Thread] WARN  GameWorld            - Attempted to remove entity which is not active
13:12:30.741 [JavaFX Application Thread] DEBUG AssetLoaderService   - Loading from cache: /assets/sounds/jump.wav
13:13:13.373 [JavaFX Application Thread] DEBUG AssetLoaderService   - Loading from cache: /assets/sounds/jump.wav
13:13:38.090 [JavaFX Application Thread] DEBUG WindowService        - Starting new game
13:13:38.091 [JavaFX Application Thread] DEBUG Input                - Clearing active input actions
13:13:38.094 [JavaFX Application Thread] DEBUG WindowService        - Removing overlay from GameScene and adding to FXGLLoadingScene
13:13:38.095 [JavaFX Application Thread] DEBUG MainWindow           - GameScene -> FXGLLoadingScene
13:13:38.095 [JavaFX Application Thread] DEBUG WindowService        - Clearing previous game
13:13:38.095 [JavaFX Application Thread] DEBUG GameScene            - Clearing game scene
13:13:38.095 [JavaFX Application Thread] DEBUG GameWorld            - Clearing game world
13:13:38.095 [JavaFX Application Thread] DEBUG PhysicsWorld         - Clearing physics world
13:13:38.096 [FXGL Background Thread 5 ] DEBUG GameApplication      - Initializing game
13:13:38.096 [FXGL Background Thread 5 ] DEBUG AssetLoaderService   - Loading from cache: /assets/textures/background/bg_1.png@1280.0x720.0
13:13:38.183 [FXGL Background Thread 5 ] DEBUG AssetLoaderService   - Loading from cache: /assets/textures/basket.png@150.0x150.0
13:13:38.183 [FXGL Background Thread 5 ] DEBUG AssetLoaderService   - Loading from cache: /assets/textures/fruits/Lemon with Leaf.png@100.0x100.0
13:13:38.184 [FXGL Background Thread 5 ] DEBUG AssetLoaderService   - Loading from cache: /assets/textures/topbar.png
13:13:38.186 [FXGL Background Thread 5 ] INFO  GameApplication      - Game initialization took: 0.090 sec
13:13:40.241 [JavaFX Application Thread] DEBUG Input                - Clearing active input actions
13:13:40.246 [JavaFX Application Thread] DEBUG WindowService        - Removing overlay from FXGLLoadingScene and adding to GameScene
13:13:40.246 [JavaFX Application Thread] DEBUG MainWindow           - FXGLLoadingScene -> GameScene
13:14:11.842 [JavaFX Application Thread] DEBUG AssetLoaderService   - Loading from file system: /assets/textures/fruits/Watermelon.png
13:14:11.881 [JavaFX Application Thread] WARN  GameWorld            - Attempted to remove entity which is not active
13:14:12.392 [JavaFX Application Thread] DEBUG AssetLoaderService   - Loading from cache: /assets/sounds/jump.wav
13:14:24.375 [JavaFX Application Thread] DEBUG AssetLoaderService   - Loading from cache: /assets/textures/fruits/Orange.png@100.0x100.0
13:14:24.378 [JavaFX Application Thread] WARN  GameWorld            - Attempted to remove entity which is not active
13:14:24.892 [JavaFX Application Thread] DEBUG AssetLoaderService   - Loading from cache: /assets/sounds/jump.wav
13:14:41.460 [JavaFX Application Thread] DEBUG AssetLoaderService   - Loading from cache: /assets/textures/fruits/Green Grape.png@100.0x100.0
13:14:41.462 [JavaFX Application Thread] WARN  GameWorld            - Attempted to remove entity which is not active
13:14:41.976 [JavaFX Application Thread] DEBUG AssetLoaderService   - Loading from cache: /assets/sounds/jump.wav
13:14:55.542 [JavaFX Application Thread] DEBUG AssetLoaderService   - Loading from file system: /assets/textures/fruits/Lemon2.png
13:14:55.575 [JavaFX Application Thread] WARN  GameWorld            - Attempted to remove entity which is not active
13:14:56.092 [JavaFX Application Thread] DEBUG AssetLoaderService   - Loading from cache: /assets/sounds/jump.wav
13:16:30.377 [JavaFX Application Thread] DEBUG AssetLoaderService   - Loading from cache: /assets/sounds/jump.wav
13:17:33.650 [JavaFX Application Thread] DEBUG WindowService        - Starting new game
13:17:33.651 [JavaFX Application Thread] DEBUG Input                - Clearing active input actions
13:17:33.655 [JavaFX Application Thread] DEBUG WindowService        - Removing overlay from GameScene and adding to FXGLLoadingScene
13:17:33.655 [JavaFX Application Thread] DEBUG MainWindow           - GameScene -> FXGLLoadingScene
13:17:33.656 [JavaFX Application Thread] DEBUG WindowService        - Clearing previous game
13:17:33.656 [JavaFX Application Thread] DEBUG GameScene            - Clearing game scene
13:17:33.656 [JavaFX Application Thread] DEBUG GameWorld            - Clearing game world
13:17:33.656 [JavaFX Application Thread] DEBUG PhysicsWorld         - Clearing physics world
13:17:33.657 [FXGL Background Thread 6 ] DEBUG GameApplication      - Initializing game
13:17:33.657 [FXGL Background Thread 6 ] DEBUG AssetLoaderService   - Loading from cache: /assets/textures/background/bg_1.png@1280.0x720.0
13:17:33.752 [FXGL Background Thread 6 ] DEBUG AssetLoaderService   - Loading from cache: /assets/textures/basket.png@150.0x150.0
13:17:33.753 [FXGL Background Thread 6 ] DEBUG AssetLoaderService   - Loading from cache: /assets/textures/fruits/Green Apple.png@100.0x100.0
13:17:33.754 [FXGL Background Thread 6 ] DEBUG AssetLoaderService   - Loading from cache: /assets/textures/topbar.png
13:17:33.755 [FXGL Background Thread 6 ] INFO  GameApplication      - Game initialization took: 0.099 sec
13:17:35.830 [JavaFX Application Thread] DEBUG Input                - Clearing active input actions
13:17:35.835 [JavaFX Application Thread] DEBUG WindowService        - Removing overlay from FXGLLoadingScene and adding to GameScene
13:17:35.835 [JavaFX Application Thread] DEBUG MainWindow           - FXGLLoadingScene -> GameScene
13:18:10.046 [JavaFX Application Thread] DEBUG AssetLoaderService   - Loading from file system: /assets/textures/fruits/Black Grape.png
13:18:10.073 [JavaFX Application Thread] WARN  GameWorld            - Attempted to remove entity which is not active
13:18:10.578 [JavaFX Application Thread] DEBUG AssetLoaderService   - Loading from cache: /assets/sounds/jump.wav
13:18:34.196 [JavaFX Application Thread] DEBUG AssetLoaderService   - Loading from cache: /assets/textures/fruits/Orange.png@100.0x100.0
13:18:34.198 [JavaFX Application Thread] WARN  GameWorld            - Attempted to remove entity which is not active
13:18:34.711 [JavaFX Application Thread] DEBUG AssetLoaderService   - Loading from cache: /assets/sounds/jump.wav
13:19:50.746 [JavaFX Application Thread] DEBUG AssetLoaderService   - Loading from file system: /assets/textures/fruits/Red Grape.png
13:19:50.773 [JavaFX Application Thread] WARN  GameWorld            - Attempted to remove entity which is not active
13:19:51.280 [JavaFX Application Thread] DEBUG AssetLoaderService   - Loading from cache: /assets/sounds/jump.wav
13:21:47.449 [JavaFX Application Thread] DEBUG AssetLoaderService   - Loading from file system: /assets/textures/fruits/Lemon.png
13:21:47.481 [JavaFX Application Thread] WARN  GameWorld            - Attempted to remove entity which is not active
13:21:47.998 [JavaFX Application Thread] DEBUG AssetLoaderService   - Loading from cache: /assets/sounds/jump.wav
13:22:15.699 [JavaFX Application Thread] DEBUG AssetLoaderService   - Loading from cache: /assets/textures/fruits/Strawberry.png@100.0x100.0
13:22:15.700 [JavaFX Application Thread] WARN  GameWorld            - Attempted to remove entity which is not active
13:22:16.215 [JavaFX Application Thread] DEBUG AssetLoaderService   - Loading from cache: /assets/sounds/jump.wav
13:24:00.983 [JavaFX Application Thread] DEBUG AssetLoaderService   - Loading from cache: /assets/textures/fruits/Lemon2.png@100.0x100.0
13:24:00.984 [JavaFX Application Thread] WARN  GameWorld            - Attempted to remove entity which is not active
13:24:01.500 [JavaFX Application Thread] DEBUG AssetLoaderService   - Loading from cache: /assets/sounds/jump.wav
13:24:34.634 [JavaFX Application Thread] DEBUG AssetLoaderService   - Loading from cache: /assets/sounds/jump.wav
13:41:48.056 [JavaFX Application Thread] DEBUG GameApplication      - Exiting FXGL
13:41:48.056 [JavaFX Application Thread] DEBUG LoopRunner           - Stopping loop
13:41:48.056 [JavaFX Application Thread] DEBUG SystemBundleService  - Saving FXGL system data
13:41:48.063 [JavaFX Application Thread] DEBUG FileSystemAccess     - Writing to: /Users/Shared/Google Drive/Macbook Pro/Document Files/Java/IntelliJ/BlinkFruity/system/fxgl.bundle
13:41:48.065 [JavaFX Application Thread] DEBUG GameApplication      - Shutting down background threads
13:41:48.065 [JavaFX Application Thread] DEBUG GameApplication      - Closing logger and exiting JavaFX
