17:25:41.690 [main                     ] DEBUG GameApplication      - Logger initialized
17:25:41.733 [main                     ] DEBUG GameApplication      - Logging settings
Title: BlinkFruity
Version: 0.1
Width: 1280
Height: 720
Fullscreen: true
Intro: false
Menus: false
Profiling: false
Single step:false
App Mode: DEVELOPER
Menu Key: ESCAPE
Stage Style: DECORATED
Scene Factory: class com.almasb.fxgl.app.scene.SceneFactory

17:25:42.537 [JavaFX Application Thread] DEBUG GameApplication      - Initializing FXGL
17:25:42.547 [JavaFX Application Thread] INFO  Engine               - FXGL-11.8 (08.03.2020 09.09) on MAC (J:11.0.2 FX:13.0.2)
17:25:42.548 [JavaFX Application Thread] INFO  Engine               - Source code and latest versions at: https://github.com/AlmasB/FXGL
17:25:42.548 [JavaFX Application Thread] INFO  Engine               -              Join the FXGL chat at: https://gitter.im/AlmasB/FXGL
17:25:42.709 [JavaFX Application Thread] DEBUG MainWindow           - Creating a JavaFX scene
17:25:42.808 [JavaFX Application Thread] DEBUG MainWindow           - Target settings size: 1280.0 x 720.0
17:25:42.808 [JavaFX Application Thread] DEBUG MainWindow           - Scaled scene size:    1280.0 x 720.0
17:25:42.809 [JavaFX Application Thread] DEBUG MainWindow           - Scaled ratio: (1.0, 1.0)
17:25:42.813 [JavaFX Application Thread] DEBUG MainWindow           - Set initial scene to FXGLStartupScene
17:25:42.834 [JavaFX Application Thread] DEBUG MainWindow           - Opening main window
17:25:42.971 [JavaFX Application Thread] DEBUG MainWindow           - Window border size: (0.0, 22.0)
17:25:42.971 [JavaFX Application Thread] DEBUG MainWindow           - Scaled size: 1280.0 x 720.0
17:25:42.971 [JavaFX Application Thread] DEBUG MainWindow           - Scaled ratio: (1.0, 1.0)
17:25:42.971 [JavaFX Application Thread] DEBUG MainWindow           - Scene size: 1280.0 x 720.0
17:25:42.971 [JavaFX Application Thread] DEBUG MainWindow           - Stage size: 1280.0 x 742.0
17:25:42.978 [FXGL Background Thread 1 ] DEBUG Engine               - Initializing environment variables
17:25:43.006 [FXGL Background Thread 1 ] DEBUG WindowService        - Applying CSS: fxgl_dark.css
17:25:43.007 [FXGL Background Thread 1 ] DEBUG AssetLoaderService   - Loading from file system: /assets/ui/css/fxgl_dark.css
17:25:43.054 [FXGL Background Thread 1 ] DEBUG WindowService        - Initializing application scenes
17:25:43.305 [FXGL Background Thread 1 ] DEBUG GameWorld            - Game world initialized
17:25:43.338 [FXGL Background Thread 1 ] DEBUG PhysicsWorld         - Physics world initialized: appHeight=720, physics.ppm=50.0
17:25:43.339 [FXGL Background Thread 1 ] DEBUG GameScene            - Game scene initialized: 1280x720
17:25:43.349 [FXGL Background Thread 1 ] DEBUG Input                - Registered new binding: Resume - Esc
17:25:43.354 [FXGL Background Thread 1 ] DEBUG AssetLoaderService   - Loading from file system: /assets/textures/pause_menu_bg.png
17:25:43.394 [FXGL Background Thread 1 ] DEBUG Input                - Registered new binding: Pause - Esc
17:25:43.394 [FXGL Background Thread 1 ] DEBUG WindowService        - Application scenes initialized
17:25:43.402 [FXGL Background Thread 1 ] DEBUG SystemBundleService  - Loading FXGL system data
17:25:43.405 [FXGL Background Thread 1 ] DEBUG FileSystemAccess     - Reading from: /Users/Shared/Google Drive/Macbook Pro/Document Files/Java/IntelliJ/BlinkFruity/system/fxgl.bundle
17:25:43.411 [FXGL Background Thread 1 ] DEBUG SystemBundleService  - Bundle FXGL: {}
17:25:43.411 [FXGL Background Thread 1 ] INFO  Engine               - FXGL initialization took: 0.431 sec
17:25:43.412 [FXGL Background Thread 1 ] DEBUG GameApplication      - Loading localizations
17:25:43.413 [FXGL Background Thread 1 ] DEBUG AssetLoaderService   - Loading from file system: /assets/properties/languages/english.properties
17:25:43.414 [FXGL Background Thread 1 ] DEBUG AssetLoaderService   - Loading from file system: /assets/properties/languages/french.properties
17:25:43.416 [FXGL Background Thread 1 ] DEBUG AssetLoaderService   - Loading from file system: /assets/properties/languages/german.properties
17:25:43.417 [FXGL Background Thread 1 ] DEBUG AssetLoaderService   - Loading from file system: /assets/properties/languages/hungarian.properties
17:25:43.418 [FXGL Background Thread 1 ] DEBUG AssetLoaderService   - Loading from file system: /assets/properties/languages/russian.properties
17:25:43.419 [FXGL Background Thread 1 ] DEBUG GameApplication      - Registering font factories with UI factory
17:25:43.419 [FXGL Background Thread 1 ] DEBUG AssetLoaderService   - Loading from file system: /assets/ui/fonts/VarelaRound-Regular.ttf
17:25:43.443 [FXGL Background Thread 1 ] DEBUG AssetLoaderService   - Loading from file system: /assets/ui/fonts/Abel-Regular.ttf
17:25:43.446 [FXGL Background Thread 1 ] DEBUG AssetLoaderService   - Loading from file system: /assets/ui/fonts/lucida_console.ttf
17:25:43.450 [FXGL Background Thread 1 ] DEBUG AssetLoaderService   - Loading from file system: /assets/ui/fonts/Courier-Prime.ttf
17:25:43.455 [JavaFX Application Thread] DEBUG Input                - Registered new binding: Move Up - Up
17:25:43.455 [JavaFX Application Thread] DEBUG Input                - Registered new binding: Move Down - Down
17:25:43.455 [JavaFX Application Thread] DEBUG Input                - Registered new binding: Move Left - Left
17:25:43.455 [JavaFX Application Thread] DEBUG Input                - Registered new binding: Move Right - Right
17:25:43.457 [JavaFX Application Thread] DEBUG AssetLoaderService   - Loading from file system: /assets/textures/fxgl_icon.png
17:25:43.480 [JavaFX Application Thread] DEBUG AssetLoaderService   - Loading from file system: /assets/ui/cursors/fxgl_default.png
17:25:43.483 [JavaFX Application Thread] DEBUG Input                - Registered new binding: Screenshot - P
17:25:43.484 [JavaFX Application Thread] DEBUG Input                - Registered new binding: System info dump - CTRL+9
17:25:43.484 [JavaFX Application Thread] DEBUG Input                - Registered new binding: Restart - CTRL+R
17:25:43.485 [JavaFX Application Thread] DEBUG LoopRunner           - Starting loop
17:25:43.506 [JavaFX Application Thread] DEBUG FXGLStartupScene     - STARTUP
17:25:43.506 [JavaFX Application Thread] DEBUG WindowService        - Starting new game
17:25:43.506 [JavaFX Application Thread] DEBUG Input                - Clearing active input actions
17:25:43.516 [JavaFX Application Thread] DEBUG WindowService        - Removing overlay from FXGLStartupScene and adding to FXGLLoadingScene
17:25:43.517 [JavaFX Application Thread] DEBUG MainWindow           - FXGLStartupScene -> FXGLLoadingScene
17:25:43.517 [JavaFX Application Thread] DEBUG WindowService        - Clearing previous game
17:25:43.517 [JavaFX Application Thread] DEBUG GameScene            - Clearing game scene
17:25:43.517 [JavaFX Application Thread] DEBUG GameWorld            - Clearing game world
17:25:43.517 [JavaFX Application Thread] DEBUG PhysicsWorld         - Clearing physics world
17:25:43.518 [FXGL Background Thread 1 ] DEBUG GameApplication      - Initializing game
17:25:43.531 [FXGL Background Thread 1 ] DEBUG AssetLoaderService   - Loading from file system: /assets/textures/background/bg_1.png
17:25:44.064 [FXGL Background Thread 1 ] DEBUG AssetLoaderService   - Loading from file system: /assets/textures/basket.png
17:25:44.202 [FXGL Background Thread 1 ] DEBUG AssetLoaderService   - Loading from file system: /assets/textures/fruits/Lemon2.png
17:25:44.248 [FXGL Background Thread 1 ] DEBUG AssetLoaderService   - Loading from file system: /assets/textures/topbar.png
17:25:44.278 [FXGL Background Thread 1 ] INFO  GameApplication      - Game initialization took: 0.760 sec
17:25:44.279 [JavaFX Application Thread] DEBUG Input                - Clearing active input actions
17:25:44.296 [JavaFX Application Thread] DEBUG WindowService        - Removing overlay from FXGLLoadingScene and adding to GameScene
17:25:44.296 [JavaFX Application Thread] DEBUG MainWindow           - FXGLLoadingScene -> GameScene
17:25:46.413 [FXGL Background Thread 2 ] DEBUG Engine               - Logging environment variables
17:25:46.414 [FXGL Background Thread 2 ] DEBUG Engine               - achievements: []
17:25:46.414 [FXGL Background Thread 2 ] DEBUG Engine               - isCloseConfirmation: true
17:25:46.414 [FXGL Background Thread 2 ] DEBUG Engine               - language: ObjectProperty [value: ENGLISH]
17:25:46.414 [FXGL Background Thread 2 ] DEBUG Engine               - isProfilingEnabled: false
17:25:46.414 [FXGL Background Thread 2 ] DEBUG Engine               - soundNotification: core/notification.wav
17:25:46.414 [FXGL Background Thread 2 ] DEBUG Engine               - devShowBBoxProperty: BooleanProperty [value: false]
17:25:46.415 [FXGL Background Thread 2 ] DEBUG Engine               - pixelsPerMeter: 50.0
17:25:46.415 [FXGL Background Thread 2 ] DEBUG Engine               - appIcon: fxgl_icon.png
17:25:46.415 [FXGL Background Thread 2 ] DEBUG Engine               - soundMenuBack: menu/back.wav
17:25:46.415 [FXGL Background Thread 2 ] DEBUG Engine               - isFullScreenAllowed: true
17:25:46.415 [FXGL Background Thread 2 ] DEBUG Engine               - isIntroEnabled: false
17:25:46.415 [FXGL Background Thread 2 ] DEBUG Engine               - fontMono: lucida_console.ttf
17:25:46.415 [FXGL Background Thread 2 ] DEBUG Engine               - soundMenuSelect: menu/select.wav
17:25:46.415 [FXGL Background Thread 2 ] DEBUG Engine               - isWindows: false
17:25:46.415 [FXGL Background Thread 2 ] DEBUG Engine               - isMobile: false
17:25:46.415 [FXGL Background Thread 2 ] DEBUG Engine               - isUserProfileEnabled: false
17:25:46.416 [FXGL Background Thread 2 ] DEBUG Engine               - height: 720
17:25:46.416 [FXGL Background Thread 2 ] DEBUG Engine               - isExperimentalNative: false
17:25:46.416 [FXGL Background Thread 2 ] DEBUG Engine               - settings: Title: BlinkFruity
Version: 0.1
Width: 1280
Height: 720
Fullscreen: true
Intro: false
Menus: false
Profiling: false
Single step:false
App Mode: DEVELOPER
Menu Key: ESCAPE
Stage Style: DECORATED
Scene Factory: class com.almasb.fxgl.app.scene.SceneFactory

17:25:46.416 [FXGL Background Thread 2 ] DEBUG Engine               - isSingleStep: false
17:25:46.416 [FXGL Background Thread 2 ] DEBUG Engine               - cSSList: [fxgl_dark.css]
17:25:46.416 [FXGL Background Thread 2 ] DEBUG Engine               - fontGame: Abel-Regular.ttf
17:25:46.416 [FXGL Background Thread 2 ] DEBUG Engine               - menuKey: ESCAPE
17:25:46.416 [FXGL Background Thread 2 ] DEBUG Engine               - devShowPositionProperty: BooleanProperty [value: false]
17:25:46.416 [FXGL Background Thread 2 ] DEBUG Engine               - versionCheckDays: 7
17:25:46.417 [FXGL Background Thread 2 ] DEBUG Engine               - configClass: Optional.empty
17:25:46.417 [FXGL Background Thread 2 ] DEBUG Engine               - isFullScreenFromStart: false
17:25:46.417 [FXGL Background Thread 2 ] DEBUG Engine               - version: 0.1
17:25:46.417 [FXGL Background Thread 2 ] DEBUG Engine               - fullScreen: BooleanProperty [value: false]
17:25:46.417 [FXGL Background Thread 2 ] DEBUG Engine               - randomSeed: -1
17:25:46.417 [FXGL Background Thread 2 ] DEBUG Engine               - gameDifficultyProperty: ObjectProperty [value: MEDIUM]
17:25:46.417 [FXGL Background Thread 2 ] DEBUG Engine               - applicationMode: DEVELOPER
17:25:46.417 [FXGL Background Thread 2 ] DEBUG Engine               - isMac: true
17:25:46.418 [FXGL Background Thread 2 ] DEBUG Engine               - isMenuEnabled: false
17:25:46.418 [FXGL Background Thread 2 ] DEBUG Engine               - urlPOM: https://raw.githubusercontent.com/AlmasB/FXGL/master/pom.xml
17:25:46.418 [FXGL Background Thread 2 ] DEBUG Engine               - profileName: StringProperty [value: DEFAULT]
17:25:46.418 [FXGL Background Thread 2 ] DEBUG Engine               - devSensorColorProperty: ObjectProperty [value: 0xffff00ff]
17:25:46.418 [FXGL Background Thread 2 ] DEBUG Engine               - notificationViewClass: class com.almasb.fxgl.notification.view.XboxNotificationView
17:25:46.418 [FXGL Background Thread 2 ] DEBUG Engine               - sceneFactory: com.almasb.fxgl.app.scene.SceneFactory@5fefcda8
17:25:46.419 [FXGL Background Thread 2 ] DEBUG Engine               - stageStyle: DECORATED
17:25:46.419 [FXGL Background Thread 2 ] DEBUG Engine               - isManualResizeEnabled: false
17:25:46.419 [FXGL Background Thread 2 ] DEBUG Engine               - title: BlinkFruity
17:25:46.419 [FXGL Background Thread 2 ] DEBUG Engine               - platform: MAC
17:25:46.419 [FXGL Background Thread 2 ] DEBUG Engine               - devBBoxColorProperty: ObjectProperty [value: 0xff0000ff]
17:25:46.419 [FXGL Background Thread 2 ] DEBUG Engine               - gameDifficulty: MEDIUM
17:25:46.419 [FXGL Background Thread 2 ] DEBUG Engine               - isDesktop: true
17:25:46.419 [FXGL Background Thread 2 ] DEBUG Engine               - supportedLanguages: [ENGLISH, FRENCH, GERMAN, HUNGARIAN, RUSSIAN]
17:25:46.419 [FXGL Background Thread 2 ] DEBUG Engine               - credits: []
17:25:46.419 [FXGL Background Thread 2 ] DEBUG Engine               - globalMusicVolumeProperty: DoubleProperty [value: 0.1]
17:25:46.420 [FXGL Background Thread 2 ] DEBUG Engine               - isPreserveResizeRatio: true
17:25:46.420 [FXGL Background Thread 2 ] DEBUG Engine               - fontText: Courier-Prime.ttf
17:25:46.420 [FXGL Background Thread 2 ] DEBUG Engine               - isExperimentalTiledLargeMap: false
17:25:46.420 [FXGL Background Thread 2 ] DEBUG Engine               - secondsIn24h: 60
17:25:46.420 [FXGL Background Thread 2 ] DEBUG Engine               - runtimeInfo: RuntimeInfo(platform=MAC, version=11.8, build=08.03.2020 09.09)
17:25:46.420 [FXGL Background Thread 2 ] DEBUG Engine               - isLinux: false
17:25:46.420 [FXGL Background Thread 2 ] DEBUG Engine               - urlGithub: https://github.com/AlmasB/FXGL
17:25:46.421 [FXGL Background Thread 2 ] DEBUG Engine               - soundMenuPress: menu/press.wav
17:25:46.421 [FXGL Background Thread 2 ] DEBUG Engine               - profileDir: profiles/
17:25:46.421 [FXGL Background Thread 2 ] DEBUG Engine               - isDeveloperMenuEnabled: false
17:25:46.421 [FXGL Background Thread 2 ] DEBUG Engine               - globalSoundVolumeProperty: DoubleProperty [value: 0.3]
17:25:46.421 [FXGL Background Thread 2 ] DEBUG Engine               - mainWindow: com.almasb.fxgl.app.MainWindow@5bd0528d
17:25:46.421 [FXGL Background Thread 2 ] DEBUG Engine               - isBrowser: false
17:25:46.421 [FXGL Background Thread 2 ] DEBUG Engine               - urlLeaderboard: http://fxgl-top.herokuapp.com/
17:25:46.421 [FXGL Background Thread 2 ] DEBUG Engine               - globalSoundVolume: 0.5
17:25:46.421 [FXGL Background Thread 2 ] DEBUG Engine               - engineServices: [class com.almasb.fxgl.app.GameApplication$GameApplicationService, class com.almasb.fxgl.app.services.WindowService, class com.almasb.fxgl.app.services.FXGLDialogService, class com.almasb.fxgl.app.services.IOTaskExecutorService, class com.almasb.fxgl.event.EventBusService, class com.almasb.fxgl.io.FileSystemService, class com.almasb.fxgl.localization.LocalizationService, class com.almasb.fxgl.app.services.AssetLoaderService, class com.almasb.fxgl.app.services.SystemBundleService, class com.almasb.fxgl.profile.SaveLoadService, class com.almasb.fxgl.ui.FXGLUIFactoryServiceProvider, class com.almasb.fxgl.ui.FXGLDialogFactoryServiceProvider, class com.almasb.fxgl.audio.AudioPlayer, class com.almasb.fxgl.notification.impl.NotificationServiceProvider, class com.almasb.fxgl.achievement.AchievementService, class com.almasb.fxgl.cutscene.CutsceneService, class com.almasb.fxgl.minigames.MiniGameService, class com.almasb.fxgl.net.NetService, class com.almasb.fxgl.app.services.UpdaterService]
17:25:46.421 [FXGL Background Thread 2 ] DEBUG Engine               - globalMusicVolume: 0.5
17:25:46.421 [FXGL Background Thread 2 ] DEBUG Engine               - width: 1280
17:25:46.422 [FXGL Background Thread 2 ] DEBUG Engine               - saveFileExt: sav
17:25:46.422 [FXGL Background Thread 2 ] DEBUG Engine               - isAndroid: false
17:25:46.422 [FXGL Background Thread 2 ] DEBUG Engine               - fontUI: VarelaRound-Regular.ttf
17:25:46.422 [FXGL Background Thread 2 ] DEBUG Engine               - isIOS: false
17:25:46.422 [FXGL Background Thread 2 ] DEBUG Engine               - enabledMenuItems: []
17:25:46.422 [FXGL Background Thread 2 ] DEBUG Engine               - Logging services
17:25:46.422 [FXGL Background Thread 2 ] DEBUG Engine               - class com.almasb.fxgl.app.GameApplication$GameApplicationService
17:25:46.422 [FXGL Background Thread 2 ] DEBUG Engine               - class com.almasb.fxgl.app.services.WindowService
17:25:46.422 [FXGL Background Thread 2 ] DEBUG Engine               - class com.almasb.fxgl.app.services.FXGLDialogService
17:25:46.422 [FXGL Background Thread 2 ] DEBUG Engine               - class com.almasb.fxgl.app.services.IOTaskExecutorService
17:25:46.422 [FXGL Background Thread 2 ] DEBUG Engine               - class com.almasb.fxgl.event.EventBusService
17:25:46.422 [FXGL Background Thread 2 ] DEBUG Engine               - class com.almasb.fxgl.io.FileSystemService
17:25:46.423 [FXGL Background Thread 2 ] DEBUG Engine               - class com.almasb.fxgl.localization.LocalizationService
17:25:46.423 [FXGL Background Thread 2 ] DEBUG Engine               - class com.almasb.fxgl.app.services.AssetLoaderService
17:25:46.423 [FXGL Background Thread 2 ] DEBUG Engine               - class com.almasb.fxgl.app.services.SystemBundleService
17:25:46.423 [FXGL Background Thread 2 ] DEBUG Engine               - class com.almasb.fxgl.profile.SaveLoadService
17:25:46.423 [FXGL Background Thread 2 ] DEBUG Engine               - class com.almasb.fxgl.ui.FXGLUIFactoryServiceProvider
17:25:46.424 [FXGL Background Thread 2 ] DEBUG Engine               - class com.almasb.fxgl.ui.FXGLDialogFactoryServiceProvider
17:25:46.424 [FXGL Background Thread 2 ] DEBUG Engine               - class com.almasb.fxgl.audio.AudioPlayer
17:25:46.424 [FXGL Background Thread 2 ] DEBUG Engine               - class com.almasb.fxgl.notification.impl.NotificationServiceProvider
17:25:46.424 [FXGL Background Thread 2 ] DEBUG Engine               - class com.almasb.fxgl.achievement.AchievementService
17:25:46.424 [FXGL Background Thread 2 ] DEBUG Engine               - class com.almasb.fxgl.cutscene.CutsceneService
17:25:46.424 [FXGL Background Thread 2 ] DEBUG Engine               - class com.almasb.fxgl.minigames.MiniGameService
17:25:46.424 [FXGL Background Thread 2 ] DEBUG Engine               - class com.almasb.fxgl.net.NetService
17:25:46.424 [FXGL Background Thread 2 ] DEBUG Engine               - class com.almasb.fxgl.app.services.UpdaterService
17:26:50.751 [JavaFX Application Thread] DEBUG AssetLoaderService   - Loading from file system: /assets/textures/fruits/Red Grape.png
17:26:50.781 [JavaFX Application Thread] WARN  GameWorld            - Attempted to remove entity which is not active
17:26:51.300 [JavaFX Application Thread] DEBUG AssetLoaderService   - Loading from file system: /assets/sounds/jump.wav
17:27:10.401 [JavaFX Application Thread] DEBUG AssetLoaderService   - Loading from file system: /assets/textures/fruits/Green Grape.png
17:27:10.429 [JavaFX Application Thread] WARN  GameWorld            - Attempted to remove entity which is not active
17:27:10.933 [JavaFX Application Thread] DEBUG AssetLoaderService   - Loading from cache: /assets/sounds/jump.wav
17:27:32.125 [JavaFX Application Thread] DEBUG WindowService        - Starting new game
17:27:32.126 [JavaFX Application Thread] DEBUG Input                - Clearing active input actions
17:27:32.133 [JavaFX Application Thread] DEBUG WindowService        - Removing overlay from GameScene and adding to FXGLLoadingScene
17:27:32.133 [JavaFX Application Thread] DEBUG MainWindow           - GameScene -> FXGLLoadingScene
17:27:32.133 [JavaFX Application Thread] DEBUG WindowService        - Clearing previous game
17:27:32.133 [JavaFX Application Thread] DEBUG GameScene            - Clearing game scene
17:27:32.133 [JavaFX Application Thread] DEBUG GameWorld            - Clearing game world
17:27:32.135 [JavaFX Application Thread] DEBUG PhysicsWorld         - Clearing physics world
17:27:32.135 [FXGL Background Thread 3 ] DEBUG GameApplication      - Initializing game
17:27:32.137 [FXGL Background Thread 3 ] DEBUG AssetLoaderService   - Loading from cache: /assets/textures/background/bg_1.png@1280.0x720.0
17:27:32.334 [FXGL Background Thread 3 ] DEBUG AssetLoaderService   - Loading from cache: /assets/textures/basket.png@150.0x150.0
17:27:32.335 [FXGL Background Thread 3 ] DEBUG AssetLoaderService   - Loading from cache: /assets/textures/fruits/Lemon2.png@100.0x100.0
17:27:32.337 [FXGL Background Thread 3 ] DEBUG AssetLoaderService   - Loading from cache: /assets/textures/topbar.png
17:27:32.341 [FXGL Background Thread 3 ] INFO  GameApplication      - Game initialization took: 0.205 sec
17:27:32.341 [JavaFX Application Thread] DEBUG Input                - Clearing active input actions
17:27:32.349 [JavaFX Application Thread] DEBUG WindowService        - Removing overlay from FXGLLoadingScene and adding to GameScene
17:27:32.350 [JavaFX Application Thread] DEBUG MainWindow           - FXGLLoadingScene -> GameScene
17:27:54.816 [JavaFX Application Thread] DEBUG WindowService        - Starting new game
17:27:54.816 [JavaFX Application Thread] DEBUG Input                - Clearing active input actions
17:27:54.821 [JavaFX Application Thread] DEBUG WindowService        - Removing overlay from GameScene and adding to FXGLLoadingScene
17:27:54.821 [JavaFX Application Thread] DEBUG MainWindow           - GameScene -> FXGLLoadingScene
17:27:54.821 [JavaFX Application Thread] DEBUG WindowService        - Clearing previous game
17:27:54.821 [JavaFX Application Thread] DEBUG GameScene            - Clearing game scene
17:27:54.821 [JavaFX Application Thread] DEBUG GameWorld            - Clearing game world
17:27:54.822 [JavaFX Application Thread] DEBUG PhysicsWorld         - Clearing physics world
17:27:54.822 [FXGL Background Thread 3 ] DEBUG GameApplication      - Initializing game
17:27:54.823 [FXGL Background Thread 3 ] DEBUG AssetLoaderService   - Loading from cache: /assets/textures/background/bg_1.png@1280.0x720.0
17:27:54.934 [FXGL Background Thread 3 ] DEBUG AssetLoaderService   - Loading from cache: /assets/textures/basket.png@150.0x150.0
17:27:54.935 [FXGL Background Thread 3 ] DEBUG AssetLoaderService   - Loading from file system: /assets/textures/fruits/Blueberry.png
17:27:55.054 [FXGL Background Thread 3 ] DEBUG AssetLoaderService   - Loading from cache: /assets/textures/topbar.png
17:27:55.056 [FXGL Background Thread 3 ] INFO  GameApplication      - Game initialization took: 0.234 sec
17:27:55.056 [JavaFX Application Thread] DEBUG Input                - Clearing active input actions
17:27:55.063 [JavaFX Application Thread] DEBUG WindowService        - Removing overlay from FXGLLoadingScene and adding to GameScene
17:27:55.064 [JavaFX Application Thread] DEBUG MainWindow           - FXGLLoadingScene -> GameScene
17:28:16.466 [JavaFX Application Thread] DEBUG AssetLoaderService   - Loading from file system: /assets/textures/fruits/Watermelon.png
17:28:16.501 [JavaFX Application Thread] WARN  GameWorld            - Attempted to remove entity which is not active
17:28:17.015 [JavaFX Application Thread] DEBUG AssetLoaderService   - Loading from cache: /assets/sounds/jump.wav
17:28:34.082 [JavaFX Application Thread] DEBUG AssetLoaderService   - Loading from file system: /assets/textures/fruits/Green Apple.png
17:28:34.121 [JavaFX Application Thread] WARN  GameWorld            - Attempted to remove entity which is not active
17:28:34.632 [JavaFX Application Thread] DEBUG AssetLoaderService   - Loading from cache: /assets/sounds/jump.wav
17:29:14.365 [JavaFX Application Thread] DEBUG AssetLoaderService   - Loading from cache: /assets/sounds/jump.wav
17:29:31.535 [JavaFX Application Thread] DEBUG WindowService        - Starting new game
17:29:31.535 [JavaFX Application Thread] DEBUG Input                - Clearing active input actions
17:29:31.539 [JavaFX Application Thread] DEBUG WindowService        - Removing overlay from GameScene and adding to FXGLLoadingScene
17:29:31.539 [JavaFX Application Thread] DEBUG MainWindow           - GameScene -> FXGLLoadingScene
17:29:31.539 [JavaFX Application Thread] DEBUG WindowService        - Clearing previous game
17:29:31.539 [JavaFX Application Thread] DEBUG GameScene            - Clearing game scene
17:29:31.539 [JavaFX Application Thread] DEBUG GameWorld            - Clearing game world
17:29:31.540 [JavaFX Application Thread] DEBUG PhysicsWorld         - Clearing physics world
17:29:31.541 [FXGL Background Thread 4 ] DEBUG GameApplication      - Initializing game
17:29:31.542 [FXGL Background Thread 4 ] DEBUG AssetLoaderService   - Loading from cache: /assets/textures/background/bg_1.png@1280.0x720.0
17:29:31.642 [FXGL Background Thread 4 ] DEBUG AssetLoaderService   - Loading from cache: /assets/textures/basket.png@150.0x150.0
17:29:31.642 [FXGL Background Thread 4 ] DEBUG AssetLoaderService   - Loading from file system: /assets/textures/fruits/Orange.png
17:29:31.933 [FXGL Background Thread 4 ] DEBUG AssetLoaderService   - Loading from cache: /assets/textures/topbar.png
17:29:31.935 [FXGL Background Thread 4 ] INFO  GameApplication      - Game initialization took: 0.394 sec
17:29:33.719 [JavaFX Application Thread] DEBUG Input                - Clearing active input actions
17:29:33.725 [JavaFX Application Thread] DEBUG WindowService        - Removing overlay from FXGLLoadingScene and adding to GameScene
17:29:33.725 [JavaFX Application Thread] DEBUG MainWindow           - FXGLLoadingScene -> GameScene
17:30:00.398 [JavaFX Application Thread] DEBUG AssetLoaderService   - Loading from file system: /assets/textures/fruits/Black Grape.png
17:30:00.423 [JavaFX Application Thread] WARN  GameWorld            - Attempted to remove entity which is not active
17:30:00.931 [JavaFX Application Thread] DEBUG AssetLoaderService   - Loading from cache: /assets/sounds/jump.wav
17:30:15.997 [JavaFX Application Thread] DEBUG AssetLoaderService   - Loading from cache: /assets/textures/fruits/Lemon2.png@100.0x100.0
17:30:15.999 [JavaFX Application Thread] WARN  GameWorld            - Attempted to remove entity which is not active
17:30:16.514 [JavaFX Application Thread] DEBUG AssetLoaderService   - Loading from cache: /assets/sounds/jump.wav
17:30:38.180 [JavaFX Application Thread] DEBUG AssetLoaderService   - Loading from file system: /assets/textures/fruits/Lemon with Leaf.png
17:30:38.571 [JavaFX Application Thread] WARN  GameWorld            - Attempted to remove entity which is not active
17:30:38.980 [JavaFX Application Thread] DEBUG AssetLoaderService   - Loading from cache: /assets/sounds/jump.wav
17:30:52.780 [JavaFX Application Thread] DEBUG AssetLoaderService   - Loading from cache: /assets/textures/fruits/Green Grape.png@100.0x100.0
17:30:52.782 [JavaFX Application Thread] WARN  GameWorld            - Attempted to remove entity which is not active
17:30:53.297 [JavaFX Application Thread] DEBUG AssetLoaderService   - Loading from cache: /assets/sounds/jump.wav
17:32:21.525 [JavaFX Application Thread] DEBUG AssetLoaderService   - Loading from cache: /assets/sounds/jump.wav
17:32:37.139 [JavaFX Application Thread] DEBUG WindowService        - Starting new game
17:32:37.139 [JavaFX Application Thread] DEBUG Input                - Clearing active input actions
17:32:37.142 [JavaFX Application Thread] DEBUG WindowService        - Removing overlay from GameScene and adding to FXGLLoadingScene
17:32:37.142 [JavaFX Application Thread] DEBUG MainWindow           - GameScene -> FXGLLoadingScene
17:32:37.142 [JavaFX Application Thread] DEBUG WindowService        - Clearing previous game
17:32:37.142 [JavaFX Application Thread] DEBUG GameScene            - Clearing game scene
17:32:37.142 [JavaFX Application Thread] DEBUG GameWorld            - Clearing game world
17:32:37.143 [JavaFX Application Thread] DEBUG PhysicsWorld         - Clearing physics world
17:32:37.143 [FXGL Background Thread 5 ] DEBUG GameApplication      - Initializing game
17:32:37.144 [FXGL Background Thread 5 ] DEBUG AssetLoaderService   - Loading from cache: /assets/textures/background/bg_1.png@1280.0x720.0
17:32:37.244 [FXGL Background Thread 5 ] DEBUG AssetLoaderService   - Loading from cache: /assets/textures/basket.png@150.0x150.0
17:32:37.245 [FXGL Background Thread 5 ] DEBUG AssetLoaderService   - Loading from cache: /assets/textures/fruits/Green Grape.png@100.0x100.0
17:32:37.246 [FXGL Background Thread 5 ] DEBUG AssetLoaderService   - Loading from cache: /assets/textures/topbar.png
17:32:37.247 [FXGL Background Thread 5 ] INFO  GameApplication      - Game initialization took: 0.104 sec
17:32:39.292 [JavaFX Application Thread] DEBUG Input                - Clearing active input actions
17:32:39.297 [JavaFX Application Thread] DEBUG WindowService        - Removing overlay from FXGLLoadingScene and adding to GameScene
17:32:39.297 [JavaFX Application Thread] DEBUG MainWindow           - FXGLLoadingScene -> GameScene
17:33:08.993 [JavaFX Application Thread] DEBUG AssetLoaderService   - Loading from cache: /assets/textures/fruits/Green Apple.png@100.0x100.0
17:33:08.995 [JavaFX Application Thread] WARN  GameWorld            - Attempted to remove entity which is not active
17:33:09.509 [JavaFX Application Thread] DEBUG AssetLoaderService   - Loading from cache: /assets/sounds/jump.wav
17:34:06.895 [JavaFX Application Thread] DEBUG AssetLoaderService   - Loading from file system: /assets/textures/fruits/Lemon.png
17:34:06.923 [JavaFX Application Thread] WARN  GameWorld            - Attempted to remove entity which is not active
17:34:07.427 [JavaFX Application Thread] DEBUG AssetLoaderService   - Loading from cache: /assets/sounds/jump.wav
17:35:11.379 [JavaFX Application Thread] DEBUG AssetLoaderService   - Loading from cache: /assets/textures/fruits/Black Grape.png@100.0x100.0
17:35:11.382 [JavaFX Application Thread] WARN  GameWorld            - Attempted to remove entity which is not active
17:35:11.895 [JavaFX Application Thread] DEBUG AssetLoaderService   - Loading from cache: /assets/sounds/jump.wav
17:36:56.363 [JavaFX Application Thread] DEBUG AssetLoaderService   - Loading from file system: /assets/textures/fruits/Strawberry.png
17:36:56.394 [JavaFX Application Thread] WARN  GameWorld            - Attempted to remove entity which is not active
17:36:56.895 [JavaFX Application Thread] DEBUG AssetLoaderService   - Loading from cache: /assets/sounds/jump.wav
17:37:19.780 [JavaFX Application Thread] DEBUG AssetLoaderService   - Loading from cache: /assets/textures/fruits/Lemon2.png@100.0x100.0
17:37:19.781 [JavaFX Application Thread] WARN  GameWorld            - Attempted to remove entity which is not active
17:37:20.296 [JavaFX Application Thread] DEBUG AssetLoaderService   - Loading from cache: /assets/sounds/jump.wav
17:38:39.865 [JavaFX Application Thread] DEBUG AssetLoaderService   - Loading from cache: /assets/textures/fruits/Watermelon.png@100.0x100.0
17:38:39.867 [JavaFX Application Thread] WARN  GameWorld            - Attempted to remove entity which is not active
17:38:40.381 [JavaFX Application Thread] DEBUG AssetLoaderService   - Loading from cache: /assets/sounds/jump.wav
17:39:08.048 [JavaFX Application Thread] DEBUG AssetLoaderService   - Loading from cache: /assets/sounds/jump.wav
17:52:26.501 [JavaFX Application Thread] DEBUG MainWindow           - Push state: DialogSubScene
17:52:26.501 [JavaFX Application Thread] DEBUG Input                - Clearing active input actions
17:52:26.503 [JavaFX Application Thread] DEBUG WindowService        - Removing overlay from GameScene and adding to DialogSubScene
17:52:26.503 [JavaFX Application Thread] DEBUG MainWindow           - GameScene -> DialogSubScene
17:52:27.877 [JavaFX Application Thread] DEBUG MainWindow           - Pop state: DialogSubScene
17:52:27.877 [JavaFX Application Thread] DEBUG Input                - Clearing active input actions
17:52:27.877 [JavaFX Application Thread] DEBUG WindowService        - Removing overlay from DialogSubScene and adding to GameScene
17:52:27.878 [JavaFX Application Thread] DEBUG MainWindow           - GameScene <- DialogSubScene
17:52:27.878 [JavaFX Application Thread] DEBUG GameApplication      - Exiting FXGL
17:52:27.878 [JavaFX Application Thread] DEBUG LoopRunner           - Stopping loop
17:52:27.878 [JavaFX Application Thread] DEBUG SystemBundleService  - Saving FXGL system data
17:52:27.879 [JavaFX Application Thread] DEBUG FileSystemAccess     - Writing to: /Users/Shared/Google Drive/Macbook Pro/Document Files/Java/IntelliJ/BlinkFruity/system/fxgl.bundle
17:52:27.881 [JavaFX Application Thread] DEBUG GameApplication      - Shutting down background threads
17:52:27.881 [JavaFX Application Thread] DEBUG GameApplication      - Closing logger and exiting JavaFX
