17:23:48.658 [main                     ] DEBUG GameApplication      - Logger initialized
17:23:48.695 [main                     ] DEBUG GameApplication      - Logging settings
Title: BlinkFruity
Version: 0.1
Width: 1280
Height: 720
Fullscreen: true
Intro: false
Menus: false
Profiling: false
Single step:false
App Mode: DEVELOPER
Menu Key: ESCAPE
Stage Style: DECORATED
Scene Factory: class com.almasb.fxgl.app.scene.SceneFactory

17:23:50.387 [JavaFX Application Thread] DEBUG GameApplication      - Initializing FXGL
17:23:50.396 [JavaFX Application Thread] INFO  Engine               - FXGL-11.8 (08.03.2020 09.09) on MAC (J:11.0.2 FX:13.0.2)
17:23:50.397 [JavaFX Application Thread] INFO  Engine               - Source code and latest versions at: https://github.com/AlmasB/FXGL
17:23:50.397 [JavaFX Application Thread] INFO  Engine               -              Join the FXGL chat at: https://gitter.im/AlmasB/FXGL
17:23:50.521 [JavaFX Application Thread] DEBUG MainWindow           - Creating a JavaFX scene
17:23:50.582 [JavaFX Application Thread] DEBUG MainWindow           - Target settings size: 1280.0 x 720.0
17:23:50.582 [JavaFX Application Thread] DEBUG MainWindow           - Scaled scene size:    1280.0 x 720.0
17:23:50.582 [JavaFX Application Thread] DEBUG MainWindow           - Scaled ratio: (1.0, 1.0)
17:23:50.584 [JavaFX Application Thread] DEBUG MainWindow           - Set initial scene to FXGLStartupScene
17:23:50.590 [JavaFX Application Thread] DEBUG MainWindow           - Opening main window
17:23:50.694 [JavaFX Application Thread] DEBUG MainWindow           - Window border size: (0.0, 22.0)
17:23:50.695 [JavaFX Application Thread] DEBUG MainWindow           - Scaled size: 1280.0 x 720.0
17:23:50.695 [JavaFX Application Thread] DEBUG MainWindow           - Scaled ratio: (1.0, 1.0)
17:23:50.695 [JavaFX Application Thread] DEBUG MainWindow           - Scene size: 1280.0 x 720.0
17:23:50.695 [JavaFX Application Thread] DEBUG MainWindow           - Stage size: 1280.0 x 742.0
17:23:50.701 [FXGL Background Thread 1 ] DEBUG Engine               - Initializing environment variables
17:23:50.725 [FXGL Background Thread 1 ] DEBUG WindowService        - Applying CSS: fxgl_dark.css
17:23:50.725 [FXGL Background Thread 1 ] DEBUG AssetLoaderService   - Loading from file system: /assets/ui/css/fxgl_dark.css
17:23:50.775 [FXGL Background Thread 1 ] DEBUG WindowService        - Initializing application scenes
17:23:51.028 [FXGL Background Thread 1 ] DEBUG GameWorld            - Game world initialized
17:23:51.063 [FXGL Background Thread 1 ] DEBUG PhysicsWorld         - Physics world initialized: appHeight=720, physics.ppm=50.0
17:23:51.066 [FXGL Background Thread 1 ] DEBUG GameScene            - Game scene initialized: 1280x720
17:23:51.076 [FXGL Background Thread 1 ] DEBUG Input                - Registered new binding: Resume - Esc
17:23:51.081 [FXGL Background Thread 1 ] DEBUG AssetLoaderService   - Loading from file system: /assets/textures/pause_menu_bg.png
17:23:51.121 [FXGL Background Thread 1 ] DEBUG Input                - Registered new binding: Pause - Esc
17:23:51.121 [FXGL Background Thread 1 ] DEBUG WindowService        - Application scenes initialized
17:23:51.132 [FXGL Background Thread 1 ] DEBUG SystemBundleService  - Loading FXGL system data
17:23:51.136 [FXGL Background Thread 1 ] DEBUG FileSystemAccess     - Reading from: /Users/Shared/Google Drive/Macbook Pro/Document Files/Java/IntelliJ/BlinkFruity/system/fxgl.bundle
17:23:51.142 [FXGL Background Thread 1 ] DEBUG SystemBundleService  - Bundle FXGL: {}
17:23:51.142 [FXGL Background Thread 1 ] INFO  Engine               - FXGL initialization took: 0.439 sec
17:23:51.144 [FXGL Background Thread 1 ] DEBUG GameApplication      - Loading localizations
17:23:51.144 [FXGL Background Thread 1 ] DEBUG AssetLoaderService   - Loading from file system: /assets/properties/languages/english.properties
17:23:51.145 [FXGL Background Thread 1 ] DEBUG AssetLoaderService   - Loading from file system: /assets/properties/languages/french.properties
17:23:51.146 [FXGL Background Thread 1 ] DEBUG AssetLoaderService   - Loading from file system: /assets/properties/languages/german.properties
17:23:51.147 [FXGL Background Thread 1 ] DEBUG AssetLoaderService   - Loading from file system: /assets/properties/languages/hungarian.properties
17:23:51.148 [FXGL Background Thread 1 ] DEBUG AssetLoaderService   - Loading from file system: /assets/properties/languages/russian.properties
17:23:51.149 [FXGL Background Thread 1 ] DEBUG GameApplication      - Registering font factories with UI factory
17:23:51.149 [FXGL Background Thread 1 ] DEBUG AssetLoaderService   - Loading from file system: /assets/ui/fonts/VarelaRound-Regular.ttf
17:23:51.175 [FXGL Background Thread 1 ] DEBUG AssetLoaderService   - Loading from file system: /assets/ui/fonts/Abel-Regular.ttf
17:23:51.178 [FXGL Background Thread 1 ] DEBUG AssetLoaderService   - Loading from file system: /assets/ui/fonts/lucida_console.ttf
17:23:51.181 [FXGL Background Thread 1 ] DEBUG AssetLoaderService   - Loading from file system: /assets/ui/fonts/Courier-Prime.ttf
17:23:51.185 [JavaFX Application Thread] DEBUG Input                - Registered new binding: Move Up - Up
17:23:51.185 [JavaFX Application Thread] DEBUG Input                - Registered new binding: Move Down - Down
17:23:51.185 [JavaFX Application Thread] DEBUG Input                - Registered new binding: Move Left - Left
17:23:51.185 [JavaFX Application Thread] DEBUG Input                - Registered new binding: Move Right - Right
17:23:51.187 [JavaFX Application Thread] DEBUG AssetLoaderService   - Loading from file system: /assets/textures/fxgl_icon.png
17:23:51.211 [JavaFX Application Thread] DEBUG AssetLoaderService   - Loading from file system: /assets/ui/cursors/fxgl_default.png
17:23:51.213 [JavaFX Application Thread] DEBUG Input                - Registered new binding: Screenshot - P
17:23:51.213 [JavaFX Application Thread] DEBUG Input                - Registered new binding: System info dump - CTRL+9
17:23:51.213 [JavaFX Application Thread] DEBUG Input                - Registered new binding: Restart - CTRL+R
17:23:51.214 [JavaFX Application Thread] DEBUG LoopRunner           - Starting loop
17:23:51.241 [JavaFX Application Thread] DEBUG FXGLStartupScene     - STARTUP
17:23:51.242 [JavaFX Application Thread] DEBUG WindowService        - Starting new game
17:23:51.242 [JavaFX Application Thread] DEBUG Input                - Clearing active input actions
17:23:51.252 [JavaFX Application Thread] DEBUG WindowService        - Removing overlay from FXGLStartupScene and adding to FXGLLoadingScene
17:23:51.252 [JavaFX Application Thread] DEBUG MainWindow           - FXGLStartupScene -> FXGLLoadingScene
17:23:51.252 [JavaFX Application Thread] DEBUG WindowService        - Clearing previous game
17:23:51.252 [JavaFX Application Thread] DEBUG GameScene            - Clearing game scene
17:23:51.253 [JavaFX Application Thread] DEBUG GameWorld            - Clearing game world
17:23:51.253 [JavaFX Application Thread] DEBUG PhysicsWorld         - Clearing physics world
17:23:51.254 [FXGL Background Thread 1 ] DEBUG GameApplication      - Initializing game
17:23:51.266 [FXGL Background Thread 1 ] DEBUG AssetLoaderService   - Loading from file system: /assets/textures/background/bg_1.png
17:23:51.849 [FXGL Background Thread 1 ] DEBUG AssetLoaderService   - Loading from file system: /assets/textures/basket.png
17:23:51.993 [FXGL Background Thread 1 ] DEBUG AssetLoaderService   - Loading from file system: /assets/textures/fruits/Lemon with Leaf.png
17:23:52.420 [FXGL Background Thread 1 ] DEBUG AssetLoaderService   - Loading from file system: /assets/textures/topbar.png
17:23:52.447 [FXGL Background Thread 1 ] INFO  GameApplication      - Game initialization took: 1.193 sec
17:23:52.448 [JavaFX Application Thread] DEBUG Input                - Clearing active input actions
17:23:52.465 [JavaFX Application Thread] DEBUG WindowService        - Removing overlay from FXGLLoadingScene and adding to GameScene
17:23:52.465 [JavaFX Application Thread] DEBUG MainWindow           - FXGLLoadingScene -> GameScene
17:23:53.838 [JavaFX Application Thread] DEBUG MainWindow           - Push state: DialogSubScene
17:23:53.839 [JavaFX Application Thread] DEBUG Input                - Clearing active input actions
17:23:53.845 [JavaFX Application Thread] DEBUG WindowService        - Removing overlay from GameScene and adding to DialogSubScene
17:23:53.845 [JavaFX Application Thread] DEBUG MainWindow           - GameScene -> DialogSubScene
17:23:54.146 [FXGL Background Thread 2 ] DEBUG Engine               - Logging environment variables
17:23:54.147 [FXGL Background Thread 2 ] DEBUG Engine               - achievements: []
17:23:54.147 [FXGL Background Thread 2 ] DEBUG Engine               - isCloseConfirmation: true
17:23:54.147 [FXGL Background Thread 2 ] DEBUG Engine               - language: ObjectProperty [value: ENGLISH]
17:23:54.147 [FXGL Background Thread 2 ] DEBUG Engine               - isProfilingEnabled: false
17:23:54.147 [FXGL Background Thread 2 ] DEBUG Engine               - soundNotification: core/notification.wav
17:23:54.148 [FXGL Background Thread 2 ] DEBUG Engine               - devShowBBoxProperty: BooleanProperty [value: false]
17:23:54.148 [FXGL Background Thread 2 ] DEBUG Engine               - pixelsPerMeter: 50.0
17:23:54.148 [FXGL Background Thread 2 ] DEBUG Engine               - appIcon: fxgl_icon.png
17:23:54.148 [FXGL Background Thread 2 ] DEBUG Engine               - soundMenuBack: menu/back.wav
17:23:54.148 [FXGL Background Thread 2 ] DEBUG Engine               - isFullScreenAllowed: true
17:23:54.148 [FXGL Background Thread 2 ] DEBUG Engine               - isIntroEnabled: false
17:23:54.148 [FXGL Background Thread 2 ] DEBUG Engine               - fontMono: lucida_console.ttf
17:23:54.148 [FXGL Background Thread 2 ] DEBUG Engine               - soundMenuSelect: menu/select.wav
17:23:54.149 [FXGL Background Thread 2 ] DEBUG Engine               - isWindows: false
17:23:54.149 [FXGL Background Thread 2 ] DEBUG Engine               - isMobile: false
17:23:54.149 [FXGL Background Thread 2 ] DEBUG Engine               - isUserProfileEnabled: false
17:23:54.149 [FXGL Background Thread 2 ] DEBUG Engine               - height: 720
17:23:54.149 [FXGL Background Thread 2 ] DEBUG Engine               - isExperimentalNative: false
17:23:54.149 [FXGL Background Thread 2 ] DEBUG Engine               - settings: Title: BlinkFruity
Version: 0.1
Width: 1280
Height: 720
Fullscreen: true
Intro: false
Menus: false
Profiling: false
Single step:false
App Mode: DEVELOPER
Menu Key: ESCAPE
Stage Style: DECORATED
Scene Factory: class com.almasb.fxgl.app.scene.SceneFactory

17:23:54.149 [FXGL Background Thread 2 ] DEBUG Engine               - isSingleStep: false
17:23:54.149 [FXGL Background Thread 2 ] DEBUG Engine               - cSSList: [fxgl_dark.css]
17:23:54.149 [FXGL Background Thread 2 ] DEBUG Engine               - fontGame: Abel-Regular.ttf
17:23:54.150 [FXGL Background Thread 2 ] DEBUG Engine               - menuKey: ESCAPE
17:23:54.150 [FXGL Background Thread 2 ] DEBUG Engine               - devShowPositionProperty: BooleanProperty [value: false]
17:23:54.150 [FXGL Background Thread 2 ] DEBUG Engine               - versionCheckDays: 7
17:23:54.150 [FXGL Background Thread 2 ] DEBUG Engine               - configClass: Optional.empty
17:23:54.150 [FXGL Background Thread 2 ] DEBUG Engine               - isFullScreenFromStart: false
17:23:54.150 [FXGL Background Thread 2 ] DEBUG Engine               - version: 0.1
17:23:54.150 [FXGL Background Thread 2 ] DEBUG Engine               - fullScreen: BooleanProperty [value: false]
17:23:54.150 [FXGL Background Thread 2 ] DEBUG Engine               - randomSeed: -1
17:23:54.150 [FXGL Background Thread 2 ] DEBUG Engine               - gameDifficultyProperty: ObjectProperty [value: MEDIUM]
17:23:54.151 [FXGL Background Thread 2 ] DEBUG Engine               - applicationMode: DEVELOPER
17:23:54.151 [FXGL Background Thread 2 ] DEBUG Engine               - isMac: true
17:23:54.151 [FXGL Background Thread 2 ] DEBUG Engine               - isMenuEnabled: false
17:23:54.151 [FXGL Background Thread 2 ] DEBUG Engine               - urlPOM: https://raw.githubusercontent.com/AlmasB/FXGL/master/pom.xml
17:23:54.151 [FXGL Background Thread 2 ] DEBUG Engine               - profileName: StringProperty [value: DEFAULT]
17:23:54.151 [FXGL Background Thread 2 ] DEBUG Engine               - devSensorColorProperty: ObjectProperty [value: 0xffff00ff]
17:23:54.151 [FXGL Background Thread 2 ] DEBUG Engine               - notificationViewClass: class com.almasb.fxgl.notification.view.XboxNotificationView
17:23:54.151 [FXGL Background Thread 2 ] DEBUG Engine               - sceneFactory: com.almasb.fxgl.app.scene.SceneFactory@1a98f701
17:23:54.152 [FXGL Background Thread 2 ] DEBUG Engine               - stageStyle: DECORATED
17:23:54.152 [FXGL Background Thread 2 ] DEBUG Engine               - isManualResizeEnabled: false
17:23:54.152 [FXGL Background Thread 2 ] DEBUG Engine               - title: BlinkFruity
17:23:54.152 [FXGL Background Thread 2 ] DEBUG Engine               - platform: MAC
17:23:54.152 [FXGL Background Thread 2 ] DEBUG Engine               - devBBoxColorProperty: ObjectProperty [value: 0xff0000ff]
17:23:54.152 [FXGL Background Thread 2 ] DEBUG Engine               - gameDifficulty: MEDIUM
17:23:54.152 [FXGL Background Thread 2 ] DEBUG Engine               - isDesktop: true
17:23:54.152 [FXGL Background Thread 2 ] DEBUG Engine               - supportedLanguages: [ENGLISH, FRENCH, GERMAN, HUNGARIAN, RUSSIAN]
17:23:54.153 [FXGL Background Thread 2 ] DEBUG Engine               - globalMusicVolumeProperty: DoubleProperty [value: 0.1]
17:23:54.153 [FXGL Background Thread 2 ] DEBUG Engine               - credits: []
17:23:54.153 [FXGL Background Thread 2 ] DEBUG Engine               - isPreserveResizeRatio: true
17:23:54.153 [FXGL Background Thread 2 ] DEBUG Engine               - fontText: Courier-Prime.ttf
17:23:54.153 [FXGL Background Thread 2 ] DEBUG Engine               - isExperimentalTiledLargeMap: false
17:23:54.153 [FXGL Background Thread 2 ] DEBUG Engine               - secondsIn24h: 60
17:23:54.153 [FXGL Background Thread 2 ] DEBUG Engine               - runtimeInfo: RuntimeInfo(platform=MAC, version=11.8, build=08.03.2020 09.09)
17:23:54.153 [FXGL Background Thread 2 ] DEBUG Engine               - urlGithub: https://github.com/AlmasB/FXGL
17:23:54.154 [FXGL Background Thread 2 ] DEBUG Engine               - isLinux: false
17:23:54.154 [FXGL Background Thread 2 ] DEBUG Engine               - soundMenuPress: menu/press.wav
17:23:54.154 [FXGL Background Thread 2 ] DEBUG Engine               - profileDir: profiles/
17:23:54.154 [FXGL Background Thread 2 ] DEBUG Engine               - globalSoundVolumeProperty: DoubleProperty [value: 0.3]
17:23:54.154 [FXGL Background Thread 2 ] DEBUG Engine               - isDeveloperMenuEnabled: false
17:23:54.154 [FXGL Background Thread 2 ] DEBUG Engine               - mainWindow: com.almasb.fxgl.app.MainWindow@1ea7708a
17:23:54.154 [FXGL Background Thread 2 ] DEBUG Engine               - urlLeaderboard: http://fxgl-top.herokuapp.com/
17:23:54.154 [FXGL Background Thread 2 ] DEBUG Engine               - globalSoundVolume: 0.5
17:23:54.154 [FXGL Background Thread 2 ] DEBUG Engine               - isBrowser: false
17:23:54.154 [FXGL Background Thread 2 ] DEBUG Engine               - engineServices: [class com.almasb.fxgl.app.GameApplication$GameApplicationService, class com.almasb.fxgl.app.services.WindowService, class com.almasb.fxgl.app.services.FXGLDialogService, class com.almasb.fxgl.app.services.IOTaskExecutorService, class com.almasb.fxgl.event.EventBusService, class com.almasb.fxgl.io.FileSystemService, class com.almasb.fxgl.localization.LocalizationService, class com.almasb.fxgl.app.services.AssetLoaderService, class com.almasb.fxgl.app.services.SystemBundleService, class com.almasb.fxgl.profile.SaveLoadService, class com.almasb.fxgl.ui.FXGLUIFactoryServiceProvider, class com.almasb.fxgl.ui.FXGLDialogFactoryServiceProvider, class com.almasb.fxgl.audio.AudioPlayer, class com.almasb.fxgl.notification.impl.NotificationServiceProvider, class com.almasb.fxgl.achievement.AchievementService, class com.almasb.fxgl.cutscene.CutsceneService, class com.almasb.fxgl.minigames.MiniGameService, class com.almasb.fxgl.net.NetService, class com.almasb.fxgl.app.services.UpdaterService]
17:23:54.155 [FXGL Background Thread 2 ] DEBUG Engine               - globalMusicVolume: 0.5
17:23:54.155 [FXGL Background Thread 2 ] DEBUG Engine               - width: 1280
17:23:54.155 [FXGL Background Thread 2 ] DEBUG Engine               - saveFileExt: sav
17:23:54.155 [FXGL Background Thread 2 ] DEBUG Engine               - isAndroid: false
17:23:54.155 [FXGL Background Thread 2 ] DEBUG Engine               - fontUI: VarelaRound-Regular.ttf
17:23:54.155 [FXGL Background Thread 2 ] DEBUG Engine               - isIOS: false
17:23:54.155 [FXGL Background Thread 2 ] DEBUG Engine               - enabledMenuItems: []
17:23:54.155 [FXGL Background Thread 2 ] DEBUG Engine               - Logging services
17:23:54.155 [FXGL Background Thread 2 ] DEBUG Engine               - class com.almasb.fxgl.app.GameApplication$GameApplicationService
17:23:54.155 [FXGL Background Thread 2 ] DEBUG Engine               - class com.almasb.fxgl.app.services.WindowService
17:23:54.155 [FXGL Background Thread 2 ] DEBUG Engine               - class com.almasb.fxgl.app.services.FXGLDialogService
17:23:54.155 [FXGL Background Thread 2 ] DEBUG Engine               - class com.almasb.fxgl.app.services.IOTaskExecutorService
17:23:54.156 [FXGL Background Thread 2 ] DEBUG Engine               - class com.almasb.fxgl.event.EventBusService
17:23:54.156 [FXGL Background Thread 2 ] DEBUG Engine               - class com.almasb.fxgl.io.FileSystemService
17:23:54.156 [FXGL Background Thread 2 ] DEBUG Engine               - class com.almasb.fxgl.localization.LocalizationService
17:23:54.156 [FXGL Background Thread 2 ] DEBUG Engine               - class com.almasb.fxgl.app.services.AssetLoaderService
17:23:54.156 [FXGL Background Thread 2 ] DEBUG Engine               - class com.almasb.fxgl.app.services.SystemBundleService
17:23:54.156 [FXGL Background Thread 2 ] DEBUG Engine               - class com.almasb.fxgl.profile.SaveLoadService
17:23:54.156 [FXGL Background Thread 2 ] DEBUG Engine               - class com.almasb.fxgl.ui.FXGLUIFactoryServiceProvider
17:23:54.156 [FXGL Background Thread 2 ] DEBUG Engine               - class com.almasb.fxgl.ui.FXGLDialogFactoryServiceProvider
17:23:54.156 [FXGL Background Thread 2 ] DEBUG Engine               - class com.almasb.fxgl.audio.AudioPlayer
17:23:54.156 [FXGL Background Thread 2 ] DEBUG Engine               - class com.almasb.fxgl.notification.impl.NotificationServiceProvider
17:23:54.156 [FXGL Background Thread 2 ] DEBUG Engine               - class com.almasb.fxgl.achievement.AchievementService
17:23:54.156 [FXGL Background Thread 2 ] DEBUG Engine               - class com.almasb.fxgl.cutscene.CutsceneService
17:23:54.156 [FXGL Background Thread 2 ] DEBUG Engine               - class com.almasb.fxgl.minigames.MiniGameService
17:23:54.157 [FXGL Background Thread 2 ] DEBUG Engine               - class com.almasb.fxgl.net.NetService
17:23:54.157 [FXGL Background Thread 2 ] DEBUG Engine               - class com.almasb.fxgl.app.services.UpdaterService
17:23:55.288 [JavaFX Application Thread] DEBUG MainWindow           - Pop state: DialogSubScene
17:23:55.288 [JavaFX Application Thread] DEBUG Input                - Clearing active input actions
17:23:55.289 [JavaFX Application Thread] DEBUG WindowService        - Removing overlay from DialogSubScene and adding to GameScene
17:23:55.290 [JavaFX Application Thread] DEBUG MainWindow           - GameScene <- DialogSubScene
17:23:55.290 [JavaFX Application Thread] DEBUG GameApplication      - Exiting FXGL
17:23:55.290 [JavaFX Application Thread] DEBUG LoopRunner           - Stopping loop
17:23:55.290 [JavaFX Application Thread] DEBUG SystemBundleService  - Saving FXGL system data
17:23:55.291 [JavaFX Application Thread] DEBUG FileSystemAccess     - Writing to: /Users/Shared/Google Drive/Macbook Pro/Document Files/Java/IntelliJ/BlinkFruity/system/fxgl.bundle
17:23:55.293 [JavaFX Application Thread] DEBUG GameApplication      - Shutting down background threads
17:23:55.294 [JavaFX Application Thread] DEBUG GameApplication      - Closing logger and exiting JavaFX
