16:17:57.461 [main                     ] DEBUG GameApplication      - Logger initialized
16:17:57.506 [main                     ] DEBUG GameApplication      - Logging settings
Title: BlinkFruity
Version: 0.1
Width: 1280
Height: 720
Fullscreen: true
Intro: false
Menus: false
Profiling: false
Single step:false
App Mode: DEVELOPER
Menu Key: ESCAPE
Stage Style: DECORATED
Scene Factory: class com.almasb.fxgl.app.scene.SceneFactory

16:17:59.113 [JavaFX Application Thread] DEBUG GameApplication      - Initializing FXGL
16:17:59.127 [JavaFX Application Thread] INFO  Engine               - FXGL-11.8 (08.03.2020 09.09) on MAC (J:11.0.2 FX:13.0.2)
16:17:59.127 [JavaFX Application Thread] INFO  Engine               - Source code and latest versions at: https://github.com/AlmasB/FXGL
16:17:59.127 [JavaFX Application Thread] INFO  Engine               -              Join the FXGL chat at: https://gitter.im/AlmasB/FXGL
16:17:59.397 [JavaFX Application Thread] DEBUG MainWindow           - Creating a JavaFX scene
16:17:59.471 [JavaFX Application Thread] DEBUG MainWindow           - Target settings size: 1280.0 x 720.0
16:17:59.471 [JavaFX Application Thread] DEBUG MainWindow           - Scaled scene size:    1280.0 x 720.0
16:17:59.471 [JavaFX Application Thread] DEBUG MainWindow           - Scaled ratio: (1.0, 1.0)
16:17:59.472 [JavaFX Application Thread] DEBUG MainWindow           - Set initial scene to FXGLStartupScene
16:17:59.479 [JavaFX Application Thread] DEBUG MainWindow           - Opening main window
16:17:59.583 [JavaFX Application Thread] DEBUG MainWindow           - Window border size: (0.0, 22.0)
16:17:59.583 [JavaFX Application Thread] DEBUG MainWindow           - Scaled size: 1280.0 x 720.0
16:17:59.583 [JavaFX Application Thread] DEBUG MainWindow           - Scaled ratio: (1.0, 1.0)
16:17:59.584 [JavaFX Application Thread] DEBUG MainWindow           - Scene size: 1280.0 x 720.0
16:17:59.584 [JavaFX Application Thread] DEBUG MainWindow           - Stage size: 1280.0 x 742.0
16:17:59.592 [FXGL Background Thread 1 ] DEBUG Engine               - Initializing environment variables
16:17:59.619 [FXGL Background Thread 1 ] DEBUG WindowService        - Applying CSS: fxgl_dark.css
16:17:59.619 [FXGL Background Thread 1 ] DEBUG AssetLoaderService   - Loading from file system: /assets/ui/css/fxgl_dark.css
16:17:59.669 [FXGL Background Thread 1 ] DEBUG WindowService        - Initializing application scenes
16:17:59.892 [FXGL Background Thread 1 ] DEBUG GameWorld            - Game world initialized
16:17:59.933 [FXGL Background Thread 1 ] DEBUG PhysicsWorld         - Physics world initialized: appHeight=720, physics.ppm=50.0
16:17:59.935 [FXGL Background Thread 1 ] DEBUG GameScene            - Game scene initialized: 1280x720
16:17:59.945 [FXGL Background Thread 1 ] DEBUG Input                - Registered new binding: Resume - Esc
16:17:59.951 [FXGL Background Thread 1 ] DEBUG AssetLoaderService   - Loading from file system: /assets/textures/pause_menu_bg.png
16:18:00.004 [FXGL Background Thread 1 ] DEBUG Input                - Registered new binding: Pause - Esc
16:18:00.005 [FXGL Background Thread 1 ] DEBUG WindowService        - Application scenes initialized
16:18:00.014 [FXGL Background Thread 1 ] DEBUG SystemBundleService  - Loading FXGL system data
16:18:00.018 [FXGL Background Thread 1 ] DEBUG FileSystemAccess     - Reading from: /Users/Shared/Google Drive/Macbook Pro/Document Files/Java/IntelliJ/BlinkFruity/system/fxgl.bundle
16:18:00.026 [FXGL Background Thread 1 ] DEBUG SystemBundleService  - Bundle FXGL: {}
16:18:00.026 [FXGL Background Thread 1 ] INFO  Engine               - FXGL initialization took: 0.433 sec
16:18:00.027 [FXGL Background Thread 1 ] DEBUG GameApplication      - Loading localizations
16:18:00.028 [FXGL Background Thread 1 ] DEBUG AssetLoaderService   - Loading from file system: /assets/properties/languages/english.properties
16:18:00.029 [FXGL Background Thread 1 ] DEBUG AssetLoaderService   - Loading from file system: /assets/properties/languages/french.properties
16:18:00.030 [FXGL Background Thread 1 ] DEBUG AssetLoaderService   - Loading from file system: /assets/properties/languages/german.properties
16:18:00.031 [FXGL Background Thread 1 ] DEBUG AssetLoaderService   - Loading from file system: /assets/properties/languages/hungarian.properties
16:18:00.032 [FXGL Background Thread 1 ] DEBUG AssetLoaderService   - Loading from file system: /assets/properties/languages/russian.properties
16:18:00.033 [FXGL Background Thread 1 ] DEBUG GameApplication      - Registering font factories with UI factory
16:18:00.033 [FXGL Background Thread 1 ] DEBUG AssetLoaderService   - Loading from file system: /assets/ui/fonts/VarelaRound-Regular.ttf
16:18:00.054 [FXGL Background Thread 1 ] DEBUG AssetLoaderService   - Loading from file system: /assets/ui/fonts/Abel-Regular.ttf
16:18:00.056 [FXGL Background Thread 1 ] DEBUG AssetLoaderService   - Loading from file system: /assets/ui/fonts/lucida_console.ttf
16:18:00.060 [FXGL Background Thread 1 ] DEBUG AssetLoaderService   - Loading from file system: /assets/ui/fonts/Courier-Prime.ttf
16:18:00.065 [JavaFX Application Thread] DEBUG Input                - Registered new binding: Move Up - Up
16:18:00.065 [JavaFX Application Thread] DEBUG Input                - Registered new binding: Move Down - Down
16:18:00.065 [JavaFX Application Thread] DEBUG Input                - Registered new binding: Move Left - Left
16:18:00.065 [JavaFX Application Thread] DEBUG Input                - Registered new binding: Move Right - Right
16:18:00.067 [JavaFX Application Thread] DEBUG AssetLoaderService   - Loading from file system: /assets/textures/fxgl_icon.png
16:18:00.091 [JavaFX Application Thread] DEBUG AssetLoaderService   - Loading from file system: /assets/ui/cursors/fxgl_default.png
16:18:00.094 [JavaFX Application Thread] DEBUG Input                - Registered new binding: Screenshot - P
16:18:00.094 [JavaFX Application Thread] DEBUG Input                - Registered new binding: System info dump - CTRL+9
16:18:00.094 [JavaFX Application Thread] DEBUG Input                - Registered new binding: Restart - CTRL+R
16:18:00.095 [JavaFX Application Thread] DEBUG LoopRunner           - Starting loop
16:18:00.118 [JavaFX Application Thread] DEBUG FXGLStartupScene     - STARTUP
16:18:00.118 [JavaFX Application Thread] DEBUG WindowService        - Starting new game
16:18:00.118 [JavaFX Application Thread] DEBUG Input                - Clearing active input actions
16:18:00.130 [JavaFX Application Thread] DEBUG WindowService        - Removing overlay from FXGLStartupScene and adding to FXGLLoadingScene
16:18:00.130 [JavaFX Application Thread] DEBUG MainWindow           - FXGLStartupScene -> FXGLLoadingScene
16:18:00.130 [JavaFX Application Thread] DEBUG WindowService        - Clearing previous game
16:18:00.130 [JavaFX Application Thread] DEBUG GameScene            - Clearing game scene
16:18:00.130 [JavaFX Application Thread] DEBUG GameWorld            - Clearing game world
16:18:00.130 [JavaFX Application Thread] DEBUG PhysicsWorld         - Clearing physics world
16:18:00.132 [FXGL Background Thread 1 ] DEBUG GameApplication      - Initializing game
16:18:00.142 [FXGL Background Thread 1 ] DEBUG AssetLoaderService   - Loading from file system: /assets/textures/background/bg_1.png
16:18:00.692 [FXGL Background Thread 1 ] DEBUG AssetLoaderService   - Loading from file system: /assets/textures/basket.png
16:18:00.812 [FXGL Background Thread 1 ] DEBUG AssetLoaderService   - Loading from file system: /assets/textures/fruits/Green Grape.png
16:18:00.841 [FXGL Background Thread 1 ] DEBUG AssetLoaderService   - Loading from file system: /assets/textures/topbar.png
16:18:00.874 [FXGL Background Thread 1 ] INFO  GameApplication      - Game initialization took: 0.743 sec
16:18:00.875 [JavaFX Application Thread] DEBUG Input                - Clearing active input actions
16:18:00.890 [JavaFX Application Thread] DEBUG WindowService        - Removing overlay from FXGLLoadingScene and adding to GameScene
16:18:00.891 [JavaFX Application Thread] DEBUG MainWindow           - FXGLLoadingScene -> GameScene
16:18:03.030 [FXGL Background Thread 2 ] DEBUG Engine               - Logging environment variables
16:18:03.030 [FXGL Background Thread 2 ] DEBUG Engine               - achievements: []
16:18:03.030 [FXGL Background Thread 2 ] DEBUG Engine               - isCloseConfirmation: true
16:18:03.031 [FXGL Background Thread 2 ] DEBUG Engine               - language: ObjectProperty [value: ENGLISH]
16:18:03.031 [FXGL Background Thread 2 ] DEBUG Engine               - isProfilingEnabled: false
16:18:03.031 [FXGL Background Thread 2 ] DEBUG Engine               - soundNotification: core/notification.wav
16:18:03.031 [FXGL Background Thread 2 ] DEBUG Engine               - devShowBBoxProperty: BooleanProperty [value: false]
16:18:03.031 [FXGL Background Thread 2 ] DEBUG Engine               - pixelsPerMeter: 50.0
16:18:03.031 [FXGL Background Thread 2 ] DEBUG Engine               - appIcon: fxgl_icon.png
16:18:03.032 [FXGL Background Thread 2 ] DEBUG Engine               - soundMenuBack: menu/back.wav
16:18:03.032 [FXGL Background Thread 2 ] DEBUG Engine               - isFullScreenAllowed: true
16:18:03.032 [FXGL Background Thread 2 ] DEBUG Engine               - isIntroEnabled: false
16:18:03.032 [FXGL Background Thread 2 ] DEBUG Engine               - fontMono: lucida_console.ttf
16:18:03.032 [FXGL Background Thread 2 ] DEBUG Engine               - soundMenuSelect: menu/select.wav
16:18:03.032 [FXGL Background Thread 2 ] DEBUG Engine               - isWindows: false
16:18:03.032 [FXGL Background Thread 2 ] DEBUG Engine               - isMobile: false
16:18:03.032 [FXGL Background Thread 2 ] DEBUG Engine               - isUserProfileEnabled: false
16:18:03.033 [FXGL Background Thread 2 ] DEBUG Engine               - height: 720
16:18:03.033 [FXGL Background Thread 2 ] DEBUG Engine               - isExperimentalNative: false
16:18:03.033 [FXGL Background Thread 2 ] DEBUG Engine               - settings: Title: BlinkFruity
Version: 0.1
Width: 1280
Height: 720
Fullscreen: true
Intro: false
Menus: false
Profiling: false
Single step:false
App Mode: DEVELOPER
Menu Key: ESCAPE
Stage Style: DECORATED
Scene Factory: class com.almasb.fxgl.app.scene.SceneFactory

16:18:03.033 [FXGL Background Thread 2 ] DEBUG Engine               - isSingleStep: false
16:18:03.033 [FXGL Background Thread 2 ] DEBUG Engine               - cSSList: [fxgl_dark.css]
16:18:03.033 [FXGL Background Thread 2 ] DEBUG Engine               - fontGame: Abel-Regular.ttf
16:18:03.033 [FXGL Background Thread 2 ] DEBUG Engine               - menuKey: ESCAPE
16:18:03.033 [FXGL Background Thread 2 ] DEBUG Engine               - devShowPositionProperty: BooleanProperty [value: false]
16:18:03.034 [FXGL Background Thread 2 ] DEBUG Engine               - versionCheckDays: 7
16:18:03.034 [FXGL Background Thread 2 ] DEBUG Engine               - configClass: Optional.empty
16:18:03.034 [FXGL Background Thread 2 ] DEBUG Engine               - isFullScreenFromStart: false
16:18:03.034 [FXGL Background Thread 2 ] DEBUG Engine               - version: 0.1
16:18:03.034 [FXGL Background Thread 2 ] DEBUG Engine               - fullScreen: BooleanProperty [value: false]
16:18:03.034 [FXGL Background Thread 2 ] DEBUG Engine               - randomSeed: -1
16:18:03.034 [FXGL Background Thread 2 ] DEBUG Engine               - gameDifficultyProperty: ObjectProperty [value: MEDIUM]
16:18:03.034 [FXGL Background Thread 2 ] DEBUG Engine               - applicationMode: DEVELOPER
16:18:03.035 [FXGL Background Thread 2 ] DEBUG Engine               - isMac: true
16:18:03.035 [FXGL Background Thread 2 ] DEBUG Engine               - isMenuEnabled: false
16:18:03.035 [FXGL Background Thread 2 ] DEBUG Engine               - urlPOM: https://raw.githubusercontent.com/AlmasB/FXGL/master/pom.xml
16:18:03.035 [FXGL Background Thread 2 ] DEBUG Engine               - profileName: StringProperty [value: DEFAULT]
16:18:03.035 [FXGL Background Thread 2 ] DEBUG Engine               - devSensorColorProperty: ObjectProperty [value: 0xffff00ff]
16:18:03.035 [FXGL Background Thread 2 ] DEBUG Engine               - notificationViewClass: class com.almasb.fxgl.notification.view.XboxNotificationView
16:18:03.035 [FXGL Background Thread 2 ] DEBUG Engine               - sceneFactory: com.almasb.fxgl.app.scene.SceneFactory@42b3279
16:18:03.035 [FXGL Background Thread 2 ] DEBUG Engine               - stageStyle: DECORATED
16:18:03.036 [FXGL Background Thread 2 ] DEBUG Engine               - isManualResizeEnabled: false
16:18:03.036 [FXGL Background Thread 2 ] DEBUG Engine               - title: BlinkFruity
16:18:03.036 [FXGL Background Thread 2 ] DEBUG Engine               - platform: MAC
16:18:03.036 [FXGL Background Thread 2 ] DEBUG Engine               - devBBoxColorProperty: ObjectProperty [value: 0xff0000ff]
16:18:03.036 [FXGL Background Thread 2 ] DEBUG Engine               - gameDifficulty: MEDIUM
16:18:03.036 [FXGL Background Thread 2 ] DEBUG Engine               - isDesktop: true
16:18:03.036 [FXGL Background Thread 2 ] DEBUG Engine               - supportedLanguages: [ENGLISH, FRENCH, GERMAN, HUNGARIAN, RUSSIAN]
16:18:03.036 [FXGL Background Thread 2 ] DEBUG Engine               - credits: []
16:18:03.036 [FXGL Background Thread 2 ] DEBUG Engine               - globalMusicVolumeProperty: DoubleProperty [value: 0.1]
16:18:03.037 [FXGL Background Thread 2 ] DEBUG Engine               - isPreserveResizeRatio: true
16:18:03.037 [FXGL Background Thread 2 ] DEBUG Engine               - fontText: Courier-Prime.ttf
16:18:03.037 [FXGL Background Thread 2 ] DEBUG Engine               - isExperimentalTiledLargeMap: false
16:18:03.037 [FXGL Background Thread 2 ] DEBUG Engine               - secondsIn24h: 60
16:18:03.037 [FXGL Background Thread 2 ] DEBUG Engine               - runtimeInfo: RuntimeInfo(platform=MAC, version=11.8, build=08.03.2020 09.09)
16:18:03.037 [FXGL Background Thread 2 ] DEBUG Engine               - isLinux: false
16:18:03.037 [FXGL Background Thread 2 ] DEBUG Engine               - urlGithub: https://github.com/AlmasB/FXGL
16:18:03.037 [FXGL Background Thread 2 ] DEBUG Engine               - soundMenuPress: menu/press.wav
16:18:03.037 [FXGL Background Thread 2 ] DEBUG Engine               - profileDir: profiles/
16:18:03.038 [FXGL Background Thread 2 ] DEBUG Engine               - isDeveloperMenuEnabled: false
16:18:03.038 [FXGL Background Thread 2 ] DEBUG Engine               - globalSoundVolumeProperty: DoubleProperty [value: 0.3]
16:18:03.038 [FXGL Background Thread 2 ] DEBUG Engine               - mainWindow: com.almasb.fxgl.app.MainWindow@14a624
16:18:03.038 [FXGL Background Thread 2 ] DEBUG Engine               - isBrowser: false
16:18:03.038 [FXGL Background Thread 2 ] DEBUG Engine               - urlLeaderboard: http://fxgl-top.herokuapp.com/
16:18:03.038 [FXGL Background Thread 2 ] DEBUG Engine               - globalSoundVolume: 0.5
16:18:03.038 [FXGL Background Thread 2 ] DEBUG Engine               - engineServices: [class com.almasb.fxgl.app.GameApplication$GameApplicationService, class com.almasb.fxgl.app.services.WindowService, class com.almasb.fxgl.app.services.FXGLDialogService, class com.almasb.fxgl.app.services.IOTaskExecutorService, class com.almasb.fxgl.event.EventBusService, class com.almasb.fxgl.io.FileSystemService, class com.almasb.fxgl.localization.LocalizationService, class com.almasb.fxgl.app.services.AssetLoaderService, class com.almasb.fxgl.app.services.SystemBundleService, class com.almasb.fxgl.profile.SaveLoadService, class com.almasb.fxgl.ui.FXGLUIFactoryServiceProvider, class com.almasb.fxgl.ui.FXGLDialogFactoryServiceProvider, class com.almasb.fxgl.audio.AudioPlayer, class com.almasb.fxgl.notification.impl.NotificationServiceProvider, class com.almasb.fxgl.achievement.AchievementService, class com.almasb.fxgl.cutscene.CutsceneService, class com.almasb.fxgl.minigames.MiniGameService, class com.almasb.fxgl.net.NetService, class com.almasb.fxgl.app.services.UpdaterService]
16:18:03.038 [FXGL Background Thread 2 ] DEBUG Engine               - globalMusicVolume: 0.5
16:18:03.038 [FXGL Background Thread 2 ] DEBUG Engine               - width: 1280
16:18:03.038 [FXGL Background Thread 2 ] DEBUG Engine               - saveFileExt: sav
16:18:03.038 [FXGL Background Thread 2 ] DEBUG Engine               - isAndroid: false
16:18:03.039 [FXGL Background Thread 2 ] DEBUG Engine               - fontUI: VarelaRound-Regular.ttf
16:18:03.039 [FXGL Background Thread 2 ] DEBUG Engine               - isIOS: false
16:18:03.039 [FXGL Background Thread 2 ] DEBUG Engine               - enabledMenuItems: []
16:18:03.039 [FXGL Background Thread 2 ] DEBUG Engine               - Logging services
16:18:03.039 [FXGL Background Thread 2 ] DEBUG Engine               - class com.almasb.fxgl.app.GameApplication$GameApplicationService
16:18:03.039 [FXGL Background Thread 2 ] DEBUG Engine               - class com.almasb.fxgl.app.services.WindowService
16:18:03.039 [FXGL Background Thread 2 ] DEBUG Engine               - class com.almasb.fxgl.app.services.FXGLDialogService
16:18:03.039 [FXGL Background Thread 2 ] DEBUG Engine               - class com.almasb.fxgl.app.services.IOTaskExecutorService
16:18:03.039 [FXGL Background Thread 2 ] DEBUG Engine               - class com.almasb.fxgl.event.EventBusService
16:18:03.039 [FXGL Background Thread 2 ] DEBUG Engine               - class com.almasb.fxgl.io.FileSystemService
16:18:03.039 [FXGL Background Thread 2 ] DEBUG Engine               - class com.almasb.fxgl.localization.LocalizationService
16:18:03.039 [FXGL Background Thread 2 ] DEBUG Engine               - class com.almasb.fxgl.app.services.AssetLoaderService
16:18:03.040 [FXGL Background Thread 2 ] DEBUG Engine               - class com.almasb.fxgl.app.services.SystemBundleService
16:18:03.040 [FXGL Background Thread 2 ] DEBUG Engine               - class com.almasb.fxgl.profile.SaveLoadService
16:18:03.040 [FXGL Background Thread 2 ] DEBUG Engine               - class com.almasb.fxgl.ui.FXGLUIFactoryServiceProvider
16:18:03.040 [FXGL Background Thread 2 ] DEBUG Engine               - class com.almasb.fxgl.ui.FXGLDialogFactoryServiceProvider
16:18:03.040 [FXGL Background Thread 2 ] DEBUG Engine               - class com.almasb.fxgl.audio.AudioPlayer
16:18:03.040 [FXGL Background Thread 2 ] DEBUG Engine               - class com.almasb.fxgl.notification.impl.NotificationServiceProvider
16:18:03.040 [FXGL Background Thread 2 ] DEBUG Engine               - class com.almasb.fxgl.achievement.AchievementService
16:18:03.040 [FXGL Background Thread 2 ] DEBUG Engine               - class com.almasb.fxgl.cutscene.CutsceneService
16:18:03.040 [FXGL Background Thread 2 ] DEBUG Engine               - class com.almasb.fxgl.minigames.MiniGameService
16:18:03.040 [FXGL Background Thread 2 ] DEBUG Engine               - class com.almasb.fxgl.net.NetService
16:18:03.040 [FXGL Background Thread 2 ] DEBUG Engine               - class com.almasb.fxgl.app.services.UpdaterService
16:18:37.198 [JavaFX Application Thread] DEBUG AssetLoaderService   - Loading from file system: /assets/textures/fruits/Green Apple.png
16:18:37.249 [JavaFX Application Thread] WARN  GameWorld            - Attempted to remove entity which is not active
16:18:37.764 [JavaFX Application Thread] DEBUG AssetLoaderService   - Loading from file system: /assets/sounds/jump.wav
16:19:02.798 [JavaFX Application Thread] DEBUG AssetLoaderService   - Loading from file system: /assets/textures/fruits/Black Grape.png
16:19:02.829 [JavaFX Application Thread] WARN  GameWorld            - Attempted to remove entity which is not active
16:19:03.346 [JavaFX Application Thread] DEBUG AssetLoaderService   - Loading from cache: /assets/sounds/jump.wav
16:19:51.496 [JavaFX Application Thread] DEBUG AssetLoaderService   - Loading from cache: /assets/sounds/jump.wav
16:21:13.322 [JavaFX Application Thread] DEBUG WindowService        - Starting new game
16:21:13.322 [JavaFX Application Thread] DEBUG Input                - Clearing active input actions
16:21:13.330 [JavaFX Application Thread] DEBUG WindowService        - Removing overlay from GameScene and adding to FXGLLoadingScene
16:21:13.330 [JavaFX Application Thread] DEBUG MainWindow           - GameScene -> FXGLLoadingScene
16:21:13.330 [JavaFX Application Thread] DEBUG WindowService        - Clearing previous game
16:21:13.330 [JavaFX Application Thread] DEBUG GameScene            - Clearing game scene
16:21:13.330 [JavaFX Application Thread] DEBUG GameWorld            - Clearing game world
16:21:13.331 [JavaFX Application Thread] DEBUG PhysicsWorld         - Clearing physics world
16:21:13.332 [FXGL Background Thread 3 ] DEBUG GameApplication      - Initializing game
16:21:13.332 [FXGL Background Thread 3 ] DEBUG AssetLoaderService   - Loading from cache: /assets/textures/background/bg_1.png@1280.0x720.0
16:21:13.462 [FXGL Background Thread 3 ] DEBUG AssetLoaderService   - Loading from cache: /assets/textures/basket.png@150.0x150.0
16:21:13.463 [FXGL Background Thread 3 ] DEBUG AssetLoaderService   - Loading from file system: /assets/textures/fruits/Lemon.png
16:21:13.490 [FXGL Background Thread 3 ] DEBUG AssetLoaderService   - Loading from cache: /assets/textures/topbar.png
16:21:13.491 [FXGL Background Thread 3 ] INFO  GameApplication      - Game initialization took: 0.160 sec
16:21:13.491 [JavaFX Application Thread] DEBUG Input                - Clearing active input actions
16:21:13.497 [JavaFX Application Thread] DEBUG WindowService        - Removing overlay from FXGLLoadingScene and adding to GameScene
16:21:13.497 [JavaFX Application Thread] DEBUG MainWindow           - FXGLLoadingScene -> GameScene
16:21:36.431 [JavaFX Application Thread] DEBUG AssetLoaderService   - Loading from file system: /assets/textures/fruits/Blueberry.png
16:21:36.531 [JavaFX Application Thread] WARN  GameWorld            - Attempted to remove entity which is not active
16:21:37.046 [JavaFX Application Thread] DEBUG AssetLoaderService   - Loading from cache: /assets/sounds/jump.wav
16:21:59.531 [JavaFX Application Thread] DEBUG AssetLoaderService   - Loading from file system: /assets/textures/fruits/Red Apple.png
16:21:59.561 [JavaFX Application Thread] WARN  GameWorld            - Attempted to remove entity which is not active
16:22:00.080 [JavaFX Application Thread] DEBUG AssetLoaderService   - Loading from cache: /assets/sounds/jump.wav
16:22:26.403 [JavaFX Application Thread] DEBUG WindowService        - Starting new game
16:22:26.404 [JavaFX Application Thread] DEBUG Input                - Clearing active input actions
16:22:26.410 [JavaFX Application Thread] DEBUG WindowService        - Removing overlay from GameScene and adding to FXGLLoadingScene
16:22:26.410 [JavaFX Application Thread] DEBUG MainWindow           - GameScene -> FXGLLoadingScene
16:22:26.410 [JavaFX Application Thread] DEBUG WindowService        - Clearing previous game
16:22:26.411 [JavaFX Application Thread] DEBUG GameScene            - Clearing game scene
16:22:26.411 [JavaFX Application Thread] DEBUG GameWorld            - Clearing game world
16:22:26.411 [JavaFX Application Thread] DEBUG PhysicsWorld         - Clearing physics world
16:22:26.412 [FXGL Background Thread 4 ] DEBUG GameApplication      - Initializing game
16:22:26.412 [FXGL Background Thread 4 ] DEBUG AssetLoaderService   - Loading from cache: /assets/textures/background/bg_1.png@1280.0x720.0
16:22:26.508 [FXGL Background Thread 4 ] DEBUG AssetLoaderService   - Loading from cache: /assets/textures/basket.png@150.0x150.0
16:22:26.508 [FXGL Background Thread 4 ] DEBUG AssetLoaderService   - Loading from file system: /assets/textures/fruits/Strawberry.png
16:22:26.534 [FXGL Background Thread 4 ] DEBUG AssetLoaderService   - Loading from cache: /assets/textures/topbar.png
16:22:26.535 [FXGL Background Thread 4 ] INFO  GameApplication      - Game initialization took: 0.123 sec
16:22:26.535 [JavaFX Application Thread] DEBUG Input                - Clearing active input actions
16:22:26.539 [JavaFX Application Thread] DEBUG WindowService        - Removing overlay from FXGLLoadingScene and adding to GameScene
16:22:26.539 [JavaFX Application Thread] DEBUG MainWindow           - FXGLLoadingScene -> GameScene
16:22:57.497 [JavaFX Application Thread] DEBUG AssetLoaderService   - Loading from cache: /assets/textures/fruits/Blueberry.png@100.0x100.0
16:22:57.500 [JavaFX Application Thread] WARN  GameWorld            - Attempted to remove entity which is not active
16:22:58.013 [JavaFX Application Thread] DEBUG AssetLoaderService   - Loading from cache: /assets/sounds/jump.wav
16:23:58.747 [JavaFX Application Thread] DEBUG AssetLoaderService   - Loading from file system: /assets/textures/fruits/Lemon2.png
16:23:58.789 [JavaFX Application Thread] WARN  GameWorld            - Attempted to remove entity which is not active
16:23:59.296 [JavaFX Application Thread] DEBUG AssetLoaderService   - Loading from cache: /assets/sounds/jump.wav
16:25:23.236 [JavaFX Application Thread] DEBUG WindowService        - Starting new game
16:25:23.237 [JavaFX Application Thread] DEBUG Input                - Clearing active input actions
16:25:23.243 [JavaFX Application Thread] DEBUG WindowService        - Removing overlay from GameScene and adding to FXGLLoadingScene
16:25:23.243 [JavaFX Application Thread] DEBUG MainWindow           - GameScene -> FXGLLoadingScene
16:25:23.243 [JavaFX Application Thread] DEBUG WindowService        - Clearing previous game
16:25:23.243 [JavaFX Application Thread] DEBUG GameScene            - Clearing game scene
16:25:23.243 [JavaFX Application Thread] DEBUG GameWorld            - Clearing game world
16:25:23.244 [JavaFX Application Thread] DEBUG PhysicsWorld         - Clearing physics world
16:25:23.244 [FXGL Background Thread 5 ] DEBUG GameApplication      - Initializing game
16:25:23.246 [FXGL Background Thread 5 ] DEBUG AssetLoaderService   - Loading from cache: /assets/textures/background/bg_1.png@1280.0x720.0
16:25:23.344 [FXGL Background Thread 5 ] DEBUG AssetLoaderService   - Loading from cache: /assets/textures/basket.png@150.0x150.0
16:25:23.344 [FXGL Background Thread 5 ] DEBUG AssetLoaderService   - Loading from file system: /assets/textures/fruits/Red Grape.png
16:25:23.364 [FXGL Background Thread 5 ] DEBUG AssetLoaderService   - Loading from cache: /assets/textures/topbar.png
16:25:23.366 [FXGL Background Thread 5 ] INFO  GameApplication      - Game initialization took: 0.122 sec
16:25:23.366 [JavaFX Application Thread] DEBUG Input                - Clearing active input actions
16:25:23.370 [JavaFX Application Thread] DEBUG WindowService        - Removing overlay from FXGLLoadingScene and adding to GameScene
16:25:23.370 [JavaFX Application Thread] DEBUG MainWindow           - FXGLLoadingScene -> GameScene
16:25:39.360 [JavaFX Application Thread] DEBUG WindowService        - Starting new game
16:25:39.360 [JavaFX Application Thread] DEBUG Input                - Clearing active input actions
16:25:39.364 [JavaFX Application Thread] DEBUG WindowService        - Removing overlay from GameScene and adding to FXGLLoadingScene
16:25:39.365 [JavaFX Application Thread] DEBUG MainWindow           - GameScene -> FXGLLoadingScene
16:25:39.365 [JavaFX Application Thread] DEBUG WindowService        - Clearing previous game
16:25:39.365 [JavaFX Application Thread] DEBUG GameScene            - Clearing game scene
16:25:39.365 [JavaFX Application Thread] DEBUG GameWorld            - Clearing game world
16:25:39.365 [JavaFX Application Thread] DEBUG PhysicsWorld         - Clearing physics world
16:25:39.365 [FXGL Background Thread 5 ] DEBUG GameApplication      - Initializing game
16:25:39.366 [FXGL Background Thread 5 ] DEBUG AssetLoaderService   - Loading from cache: /assets/textures/background/bg_1.png@1280.0x720.0
16:25:39.462 [FXGL Background Thread 5 ] DEBUG AssetLoaderService   - Loading from cache: /assets/textures/basket.png@150.0x150.0
16:25:39.463 [FXGL Background Thread 5 ] DEBUG AssetLoaderService   - Loading from file system: /assets/textures/fruits/Orange.png
16:25:39.745 [FXGL Background Thread 5 ] DEBUG AssetLoaderService   - Loading from cache: /assets/textures/topbar.png
16:25:39.747 [FXGL Background Thread 5 ] INFO  GameApplication      - Game initialization took: 0.381 sec
16:25:39.747 [JavaFX Application Thread] DEBUG Input                - Clearing active input actions
16:25:39.750 [JavaFX Application Thread] DEBUG WindowService        - Removing overlay from FXGLLoadingScene and adding to GameScene
16:25:39.750 [JavaFX Application Thread] DEBUG MainWindow           - FXGLLoadingScene -> GameScene
16:26:06.980 [JavaFX Application Thread] DEBUG AssetLoaderService   - Loading from file system: /assets/textures/fruits/Watermelon.png
16:26:07.019 [JavaFX Application Thread] WARN  GameWorld            - Attempted to remove entity which is not active
16:26:07.530 [JavaFX Application Thread] DEBUG AssetLoaderService   - Loading from cache: /assets/sounds/jump.wav
16:26:34.097 [JavaFX Application Thread] DEBUG AssetLoaderService   - Loading from cache: /assets/textures/fruits/Green Grape.png@100.0x100.0
16:26:34.099 [JavaFX Application Thread] WARN  GameWorld            - Attempted to remove entity which is not active
16:26:34.613 [JavaFX Application Thread] DEBUG AssetLoaderService   - Loading from cache: /assets/sounds/jump.wav
16:27:12.312 [JavaFX Application Thread] DEBUG AssetLoaderService   - Loading from cache: /assets/sounds/jump.wav
16:28:55.651 [JavaFX Application Thread] DEBUG GameApplication      - Exiting FXGL
16:28:55.652 [JavaFX Application Thread] DEBUG LoopRunner           - Stopping loop
16:28:55.652 [JavaFX Application Thread] DEBUG SystemBundleService  - Saving FXGL system data
16:28:55.660 [JavaFX Application Thread] DEBUG FileSystemAccess     - Writing to: /Users/Shared/Google Drive/Macbook Pro/Document Files/Java/IntelliJ/BlinkFruity/system/fxgl.bundle
16:28:55.662 [JavaFX Application Thread] DEBUG GameApplication      - Shutting down background threads
16:28:55.662 [JavaFX Application Thread] DEBUG GameApplication      - Closing logger and exiting JavaFX
