12:58:13.447 [main                     ] DEBUG GameApplication      - Logger initialized
12:58:13.463 [main                     ] DEBUG GameApplication      - Logging settings
Title: Concentration Enhancer
Version: 0.3
Width: 1280
Height: 720
Fullscreen: true
Intro: false
Menus: false
Profiling: false
Single step:false
App Mode: DEVELOPER
Menu Key: ESCAPE
Stage Style: DECORATED
Scene Factory: class com.almasb.fxgl.app.scene.SceneFactory

12:58:14.875 [JavaFX Application Thread] DEBUG GameApplication      - Initializing FXGL
12:58:14.883 [JavaFX Application Thread] INFO  Engine               - FXGL-11.8 (08.03.2020 09.09) on MAC (J:11.0.2 FX:13.0.2)
12:58:14.883 [JavaFX Application Thread] INFO  Engine               - Source code and latest versions at: https://github.com/AlmasB/FXGL
12:58:14.883 [JavaFX Application Thread] INFO  Engine               -              Join the FXGL chat at: https://gitter.im/AlmasB/FXGL
12:58:14.992 [JavaFX Application Thread] DEBUG MainWindow           - Creating a JavaFX scene
12:58:15.056 [JavaFX Application Thread] DEBUG MainWindow           - Target settings size: 1280.0 x 720.0
12:58:15.056 [JavaFX Application Thread] DEBUG MainWindow           - Scaled scene size:    1280.0 x 720.0
12:58:15.056 [JavaFX Application Thread] DEBUG MainWindow           - Scaled ratio: (1.0, 1.0)
12:58:15.058 [JavaFX Application Thread] DEBUG MainWindow           - Set initial scene to FXGLStartupScene
12:58:15.064 [JavaFX Application Thread] DEBUG MainWindow           - Opening main window
12:58:15.153 [JavaFX Application Thread] DEBUG MainWindow           - Window border size: (0.0, 22.0)
12:58:15.154 [JavaFX Application Thread] DEBUG MainWindow           - Scaled size: 1280.0 x 720.0
12:58:15.154 [JavaFX Application Thread] DEBUG MainWindow           - Scaled ratio: (1.0, 1.0)
12:58:15.154 [JavaFX Application Thread] DEBUG MainWindow           - Scene size: 1280.0 x 720.0
12:58:15.154 [JavaFX Application Thread] DEBUG MainWindow           - Stage size: 1280.0 x 742.0
12:58:15.162 [FXGL Background Thread 1 ] DEBUG Engine               - Initializing environment variables
12:58:15.190 [FXGL Background Thread 1 ] DEBUG WindowService        - Applying CSS: fxgl_dark.css
12:58:15.191 [FXGL Background Thread 1 ] DEBUG AssetLoaderService   - Loading from file system: /assets/ui/css/fxgl_dark.css
12:58:15.261 [FXGL Background Thread 1 ] DEBUG WindowService        - Initializing application scenes
12:58:15.601 [FXGL Background Thread 1 ] DEBUG GameWorld            - Game world initialized
12:58:15.648 [FXGL Background Thread 1 ] DEBUG PhysicsWorld         - Physics world initialized: appHeight=720, physics.ppm=50.0
12:58:15.650 [FXGL Background Thread 1 ] DEBUG GameScene            - Game scene initialized: 1280x720
12:58:15.659 [FXGL Background Thread 1 ] DEBUG Input                - Registered new binding: Resume - Esc
12:58:15.668 [FXGL Background Thread 1 ] DEBUG AssetLoaderService   - Loading from file system: /assets/textures/pause_menu_bg.png
12:58:15.716 [FXGL Background Thread 1 ] DEBUG Input                - Registered new binding: Pause - Esc
12:58:15.716 [FXGL Background Thread 1 ] DEBUG WindowService        - Application scenes initialized
12:58:15.731 [FXGL Background Thread 1 ] DEBUG SystemBundleService  - Loading default FXGL system data
12:58:15.732 [FXGL Background Thread 1 ] INFO  Engine               - FXGL initialization took: 0.568 sec
12:58:15.733 [FXGL Background Thread 1 ] DEBUG GameApplication      - Loading localizations
12:58:15.734 [FXGL Background Thread 1 ] DEBUG AssetLoaderService   - Loading from file system: /assets/properties/languages/english.properties
12:58:15.735 [FXGL Background Thread 1 ] DEBUG AssetLoaderService   - Loading from file system: /assets/properties/languages/french.properties
12:58:15.736 [FXGL Background Thread 1 ] DEBUG AssetLoaderService   - Loading from file system: /assets/properties/languages/german.properties
12:58:15.737 [FXGL Background Thread 1 ] DEBUG AssetLoaderService   - Loading from file system: /assets/properties/languages/hungarian.properties
12:58:15.738 [FXGL Background Thread 1 ] DEBUG AssetLoaderService   - Loading from file system: /assets/properties/languages/russian.properties
12:58:15.739 [FXGL Background Thread 1 ] DEBUG GameApplication      - Registering font factories with UI factory
12:58:15.739 [FXGL Background Thread 1 ] DEBUG AssetLoaderService   - Loading from file system: /assets/ui/fonts/VarelaRound-Regular.ttf
12:58:15.756 [FXGL Background Thread 1 ] DEBUG AssetLoaderService   - Loading from file system: /assets/ui/fonts/Abel-Regular.ttf
12:58:15.758 [FXGL Background Thread 1 ] DEBUG AssetLoaderService   - Loading from file system: /assets/ui/fonts/lucida_console.ttf
12:58:15.761 [FXGL Background Thread 1 ] DEBUG AssetLoaderService   - Loading from file system: /assets/ui/fonts/Courier-Prime.ttf
12:58:15.765 [JavaFX Application Thread] DEBUG Input                - Registered new binding: Move Up - Up
12:58:15.765 [JavaFX Application Thread] DEBUG Input                - Registered new binding: Move Down - Down
12:58:15.765 [JavaFX Application Thread] DEBUG Input                - Registered new binding: Move Left - Left
12:58:15.765 [JavaFX Application Thread] DEBUG Input                - Registered new binding: Move Right - Right
12:58:15.768 [JavaFX Application Thread] DEBUG AssetLoaderService   - Loading from file system: /assets/textures/fxgl_icon.png
12:58:15.791 [JavaFX Application Thread] DEBUG AssetLoaderService   - Loading from file system: /assets/ui/cursors/fxgl_default.png
12:58:15.792 [JavaFX Application Thread] DEBUG Input                - Registered new binding: Screenshot - P
12:58:15.793 [JavaFX Application Thread] DEBUG Input                - Registered new binding: System info dump - CTRL+9
12:58:15.793 [JavaFX Application Thread] DEBUG Input                - Registered new binding: Restart - CTRL+R
12:58:15.794 [JavaFX Application Thread] DEBUG LoopRunner           - Starting loop
12:58:15.820 [JavaFX Application Thread] DEBUG FXGLStartupScene     - STARTUP
12:58:15.820 [JavaFX Application Thread] DEBUG WindowService        - Starting new game
12:58:15.820 [JavaFX Application Thread] DEBUG Input                - Clearing active input actions
12:58:15.829 [JavaFX Application Thread] DEBUG WindowService        - Removing overlay from FXGLStartupScene and adding to FXGLLoadingScene
12:58:15.830 [JavaFX Application Thread] DEBUG MainWindow           - FXGLStartupScene -> FXGLLoadingScene
12:58:15.830 [JavaFX Application Thread] DEBUG WindowService        - Clearing previous game
12:58:15.830 [JavaFX Application Thread] DEBUG GameScene            - Clearing game scene
12:58:15.830 [JavaFX Application Thread] DEBUG GameWorld            - Clearing game world
12:58:15.830 [JavaFX Application Thread] DEBUG PhysicsWorld         - Clearing physics world
12:58:15.831 [FXGL Background Thread 1 ] DEBUG GameApplication      - Initializing game
12:58:16.520 [FXGL Background Thread 1 ] DEBUG AssetLoaderService   - Loading from file system: /assets/textures/background/bg_1.png
12:58:16.998 [FXGL Background Thread 1 ] DEBUG AssetLoaderService   - Loading from file system: /assets/textures/basket.png
12:58:17.128 [FXGL Background Thread 1 ] DEBUG AssetLoaderService   - Loading from file system: /assets/textures/fruits/Blueberry.png
12:58:17.261 [FXGL Background Thread 1 ] DEBUG AssetLoaderService   - Loading from file system: /assets/textures/topbar.png
12:58:17.278 [FXGL Background Thread 1 ] INFO  GameApplication      - Game initialization took: 1.447 sec
12:58:17.278 [JavaFX Application Thread] DEBUG Input                - Clearing active input actions
12:58:17.293 [JavaFX Application Thread] DEBUG WindowService        - Removing overlay from FXGLLoadingScene and adding to GameScene
12:58:17.293 [JavaFX Application Thread] DEBUG MainWindow           - FXGLLoadingScene -> GameScene
12:58:18.735 [FXGL Background Thread 2 ] DEBUG Engine               - Logging environment variables
12:58:18.735 [FXGL Background Thread 2 ] DEBUG Engine               - achievements: []
12:58:18.736 [FXGL Background Thread 2 ] DEBUG Engine               - language: ObjectProperty [value: ENGLISH]
12:58:18.736 [FXGL Background Thread 2 ] DEBUG Engine               - isCloseConfirmation: true
12:58:18.736 [FXGL Background Thread 2 ] DEBUG Engine               - isProfilingEnabled: false
12:58:18.736 [FXGL Background Thread 2 ] DEBUG Engine               - soundNotification: core/notification.wav
12:58:18.736 [FXGL Background Thread 2 ] DEBUG Engine               - devShowBBoxProperty: BooleanProperty [value: false]
12:58:18.736 [FXGL Background Thread 2 ] DEBUG Engine               - pixelsPerMeter: 50.0
12:58:18.736 [FXGL Background Thread 2 ] DEBUG Engine               - appIcon: fxgl_icon.png
12:58:18.737 [FXGL Background Thread 2 ] DEBUG Engine               - soundMenuBack: menu/back.wav
12:58:18.737 [FXGL Background Thread 2 ] DEBUG Engine               - isFullScreenAllowed: true
12:58:18.737 [FXGL Background Thread 2 ] DEBUG Engine               - isIntroEnabled: false
12:58:18.737 [FXGL Background Thread 2 ] DEBUG Engine               - fontMono: lucida_console.ttf
12:58:18.737 [FXGL Background Thread 2 ] DEBUG Engine               - soundMenuSelect: menu/select.wav
12:58:18.737 [FXGL Background Thread 2 ] DEBUG Engine               - isWindows: false
12:58:18.737 [FXGL Background Thread 2 ] DEBUG Engine               - isMobile: false
12:58:18.737 [FXGL Background Thread 2 ] DEBUG Engine               - isUserProfileEnabled: false
12:58:18.737 [FXGL Background Thread 2 ] DEBUG Engine               - height: 720
12:58:18.738 [FXGL Background Thread 2 ] DEBUG Engine               - isExperimentalNative: false
12:58:18.738 [FXGL Background Thread 2 ] DEBUG Engine               - settings: Title: Concentration Enhancer
Version: 0.3
Width: 1280
Height: 720
Fullscreen: true
Intro: false
Menus: false
Profiling: false
Single step:false
App Mode: DEVELOPER
Menu Key: ESCAPE
Stage Style: DECORATED
Scene Factory: class com.almasb.fxgl.app.scene.SceneFactory

12:58:18.738 [FXGL Background Thread 2 ] DEBUG Engine               - isSingleStep: false
12:58:18.738 [FXGL Background Thread 2 ] DEBUG Engine               - cSSList: [fxgl_dark.css]
12:58:18.738 [FXGL Background Thread 2 ] DEBUG Engine               - fontGame: Abel-Regular.ttf
12:58:18.738 [FXGL Background Thread 2 ] DEBUG Engine               - menuKey: ESCAPE
12:58:18.738 [FXGL Background Thread 2 ] DEBUG Engine               - devShowPositionProperty: BooleanProperty [value: false]
12:58:18.738 [FXGL Background Thread 2 ] DEBUG Engine               - versionCheckDays: 7
12:58:18.738 [FXGL Background Thread 2 ] DEBUG Engine               - configClass: Optional.empty
12:58:18.738 [FXGL Background Thread 2 ] DEBUG Engine               - isFullScreenFromStart: false
12:58:18.739 [FXGL Background Thread 2 ] DEBUG Engine               - version: 0.3
12:58:18.739 [FXGL Background Thread 2 ] DEBUG Engine               - fullScreen: BooleanProperty [value: false]
12:58:18.739 [FXGL Background Thread 2 ] DEBUG Engine               - randomSeed: -1
12:58:18.739 [FXGL Background Thread 2 ] DEBUG Engine               - gameDifficultyProperty: ObjectProperty [value: MEDIUM]
12:58:18.739 [FXGL Background Thread 2 ] DEBUG Engine               - applicationMode: DEVELOPER
12:58:18.739 [FXGL Background Thread 2 ] DEBUG Engine               - isMac: true
12:58:18.739 [FXGL Background Thread 2 ] DEBUG Engine               - isMenuEnabled: false
12:58:18.739 [FXGL Background Thread 2 ] DEBUG Engine               - urlPOM: https://raw.githubusercontent.com/AlmasB/FXGL/master/pom.xml
12:58:18.739 [FXGL Background Thread 2 ] DEBUG Engine               - profileName: StringProperty [value: DEFAULT]
12:58:18.740 [FXGL Background Thread 2 ] DEBUG Engine               - notificationViewClass: class com.almasb.fxgl.notification.view.XboxNotificationView
12:58:18.740 [FXGL Background Thread 2 ] DEBUG Engine               - devSensorColorProperty: ObjectProperty [value: 0xffff00ff]
12:58:18.740 [FXGL Background Thread 2 ] DEBUG Engine               - sceneFactory: com.almasb.fxgl.app.scene.SceneFactory@18dbf82
12:58:18.740 [FXGL Background Thread 2 ] DEBUG Engine               - stageStyle: DECORATED
12:58:18.740 [FXGL Background Thread 2 ] DEBUG Engine               - isManualResizeEnabled: false
12:58:18.740 [FXGL Background Thread 2 ] DEBUG Engine               - title: Concentration Enhancer
12:58:18.740 [FXGL Background Thread 2 ] DEBUG Engine               - platform: MAC
12:58:18.740 [FXGL Background Thread 2 ] DEBUG Engine               - devBBoxColorProperty: ObjectProperty [value: 0xff0000ff]
12:58:18.740 [FXGL Background Thread 2 ] DEBUG Engine               - gameDifficulty: MEDIUM
12:58:18.741 [FXGL Background Thread 2 ] DEBUG Engine               - isDesktop: true
12:58:18.741 [FXGL Background Thread 2 ] DEBUG Engine               - supportedLanguages: [ENGLISH, FRENCH, GERMAN, HUNGARIAN, RUSSIAN]
12:58:18.741 [FXGL Background Thread 2 ] DEBUG Engine               - globalMusicVolumeProperty: DoubleProperty [value: 0.1]
12:58:18.741 [FXGL Background Thread 2 ] DEBUG Engine               - credits: []
12:58:18.741 [FXGL Background Thread 2 ] DEBUG Engine               - isPreserveResizeRatio: true
12:58:18.741 [FXGL Background Thread 2 ] DEBUG Engine               - fontText: Courier-Prime.ttf
12:58:18.741 [FXGL Background Thread 2 ] DEBUG Engine               - isExperimentalTiledLargeMap: false
12:58:18.741 [FXGL Background Thread 2 ] DEBUG Engine               - secondsIn24h: 60
12:58:18.741 [FXGL Background Thread 2 ] DEBUG Engine               - runtimeInfo: RuntimeInfo(platform=MAC, version=11.8, build=08.03.2020 09.09)
12:58:18.741 [FXGL Background Thread 2 ] DEBUG Engine               - isLinux: false
12:58:18.741 [FXGL Background Thread 2 ] DEBUG Engine               - soundMenuPress: menu/press.wav
12:58:18.742 [FXGL Background Thread 2 ] DEBUG Engine               - urlGithub: https://github.com/AlmasB/FXGL
12:58:18.742 [FXGL Background Thread 2 ] DEBUG Engine               - profileDir: profiles/
12:58:18.742 [FXGL Background Thread 2 ] DEBUG Engine               - globalSoundVolumeProperty: DoubleProperty [value: 0.3]
12:58:18.742 [FXGL Background Thread 2 ] DEBUG Engine               - isDeveloperMenuEnabled: false
12:58:18.742 [FXGL Background Thread 2 ] DEBUG Engine               - mainWindow: com.almasb.fxgl.app.MainWindow@5b23b6b
12:58:18.742 [FXGL Background Thread 2 ] DEBUG Engine               - isBrowser: false
12:58:18.742 [FXGL Background Thread 2 ] DEBUG Engine               - urlLeaderboard: http://fxgl-top.herokuapp.com/
12:58:18.742 [FXGL Background Thread 2 ] DEBUG Engine               - globalSoundVolume: 0.5
12:58:18.742 [FXGL Background Thread 2 ] DEBUG Engine               - engineServices: [class com.almasb.fxgl.app.GameApplication$GameApplicationService, class com.almasb.fxgl.app.services.WindowService, class com.almasb.fxgl.app.services.FXGLDialogService, class com.almasb.fxgl.app.services.IOTaskExecutorService, class com.almasb.fxgl.event.EventBusService, class com.almasb.fxgl.io.FileSystemService, class com.almasb.fxgl.localization.LocalizationService, class com.almasb.fxgl.app.services.AssetLoaderService, class com.almasb.fxgl.app.services.SystemBundleService, class com.almasb.fxgl.profile.SaveLoadService, class com.almasb.fxgl.ui.FXGLUIFactoryServiceProvider, class com.almasb.fxgl.ui.FXGLDialogFactoryServiceProvider, class com.almasb.fxgl.audio.AudioPlayer, class com.almasb.fxgl.notification.impl.NotificationServiceProvider, class com.almasb.fxgl.achievement.AchievementService, class com.almasb.fxgl.cutscene.CutsceneService, class com.almasb.fxgl.minigames.MiniGameService, class com.almasb.fxgl.net.NetService, class com.almasb.fxgl.app.services.UpdaterService]
12:58:18.742 [FXGL Background Thread 2 ] DEBUG Engine               - globalMusicVolume: 0.5
12:58:18.742 [FXGL Background Thread 2 ] DEBUG Engine               - width: 1280
12:58:18.743 [FXGL Background Thread 2 ] DEBUG Engine               - saveFileExt: sav
12:58:18.743 [FXGL Background Thread 2 ] DEBUG Engine               - isAndroid: false
12:58:18.743 [FXGL Background Thread 2 ] DEBUG Engine               - fontUI: VarelaRound-Regular.ttf
12:58:18.743 [FXGL Background Thread 2 ] DEBUG Engine               - enabledMenuItems: []
12:58:18.743 [FXGL Background Thread 2 ] DEBUG Engine               - isIOS: false
12:58:18.743 [FXGL Background Thread 2 ] DEBUG Engine               - Logging services
12:58:18.743 [FXGL Background Thread 2 ] DEBUG Engine               - class com.almasb.fxgl.app.GameApplication$GameApplicationService
12:58:18.743 [FXGL Background Thread 2 ] DEBUG Engine               - class com.almasb.fxgl.app.services.WindowService
12:58:18.743 [FXGL Background Thread 2 ] DEBUG Engine               - class com.almasb.fxgl.app.services.FXGLDialogService
12:58:18.743 [FXGL Background Thread 2 ] DEBUG Engine               - class com.almasb.fxgl.app.services.IOTaskExecutorService
12:58:18.743 [FXGL Background Thread 2 ] DEBUG Engine               - class com.almasb.fxgl.event.EventBusService
12:58:18.743 [FXGL Background Thread 2 ] DEBUG Engine               - class com.almasb.fxgl.io.FileSystemService
12:58:18.743 [FXGL Background Thread 2 ] DEBUG Engine               - class com.almasb.fxgl.localization.LocalizationService
12:58:18.743 [FXGL Background Thread 2 ] DEBUG Engine               - class com.almasb.fxgl.app.services.AssetLoaderService
12:58:18.744 [FXGL Background Thread 2 ] DEBUG Engine               - class com.almasb.fxgl.app.services.SystemBundleService
12:58:18.744 [FXGL Background Thread 2 ] DEBUG Engine               - class com.almasb.fxgl.profile.SaveLoadService
12:58:18.744 [FXGL Background Thread 2 ] DEBUG Engine               - class com.almasb.fxgl.ui.FXGLUIFactoryServiceProvider
12:58:18.744 [FXGL Background Thread 2 ] DEBUG Engine               - class com.almasb.fxgl.ui.FXGLDialogFactoryServiceProvider
12:58:18.744 [FXGL Background Thread 2 ] DEBUG Engine               - class com.almasb.fxgl.audio.AudioPlayer
12:58:18.744 [FXGL Background Thread 2 ] DEBUG Engine               - class com.almasb.fxgl.notification.impl.NotificationServiceProvider
12:58:18.744 [FXGL Background Thread 2 ] DEBUG Engine               - class com.almasb.fxgl.achievement.AchievementService
12:58:18.744 [FXGL Background Thread 2 ] DEBUG Engine               - class com.almasb.fxgl.cutscene.CutsceneService
12:58:18.744 [FXGL Background Thread 2 ] DEBUG Engine               - class com.almasb.fxgl.minigames.MiniGameService
12:58:18.744 [FXGL Background Thread 2 ] DEBUG Engine               - class com.almasb.fxgl.net.NetService
12:58:18.744 [FXGL Background Thread 2 ] DEBUG Engine               - class com.almasb.fxgl.app.services.UpdaterService
12:58:27.584 [JavaFX Application Thread] DEBUG AssetLoaderService   - Loading from file system: /assets/textures/fruits/Watermelon.png
12:58:27.620 [JavaFX Application Thread] WARN  GameWorld            - Attempted to remove entity which is not active
12:58:28.133 [JavaFX Application Thread] DEBUG AssetLoaderService   - Loading from file system: /assets/sounds/jump.wav
12:58:29.300 [JavaFX Application Thread] DEBUG AssetLoaderService   - Loading from file system: /assets/textures/fruits/Red Apple.png
12:58:29.326 [JavaFX Application Thread] WARN  GameWorld            - Attempted to remove entity which is not active
12:58:29.816 [JavaFX Application Thread] DEBUG AssetLoaderService   - Loading from cache: /assets/sounds/jump.wav
12:58:30.599 [JavaFX Application Thread] DEBUG AssetLoaderService   - Loading from cache: /assets/sounds/jump.wav
12:58:46.853 [JavaFX Application Thread] DEBUG MainWindow           - Push state: DialogSubScene
12:58:46.853 [JavaFX Application Thread] DEBUG Input                - Clearing active input actions
12:58:46.856 [JavaFX Application Thread] DEBUG WindowService        - Removing overlay from GameScene and adding to DialogSubScene
12:58:46.856 [JavaFX Application Thread] DEBUG MainWindow           - GameScene -> DialogSubScene
12:58:48.611 [JavaFX Application Thread] DEBUG MainWindow           - Pop state: DialogSubScene
12:58:48.611 [JavaFX Application Thread] DEBUG Input                - Clearing active input actions
12:58:48.612 [JavaFX Application Thread] DEBUG WindowService        - Removing overlay from DialogSubScene and adding to GameScene
12:58:48.612 [JavaFX Application Thread] DEBUG MainWindow           - GameScene <- DialogSubScene
12:58:48.612 [JavaFX Application Thread] DEBUG GameApplication      - Exiting FXGL
12:58:48.612 [JavaFX Application Thread] DEBUG LoopRunner           - Stopping loop
12:58:48.613 [JavaFX Application Thread] DEBUG SystemBundleService  - Saving FXGL system data
12:58:48.615 [JavaFX Application Thread] DEBUG FileSystemAccess     - Writing to: /Users/Shared/Files/Document Files/Java/IntelliJ/ConcentrationEnhancer/out/artifacts/ConcentrationEnhancer_jar/system/fxgl.bundle
12:58:48.621 [JavaFX Application Thread] DEBUG GameApplication      - Shutting down background threads
12:58:48.621 [JavaFX Application Thread] DEBUG GameApplication      - Closing logger and exiting JavaFX
